ARM GAS  /tmp/cck5COJt.s 			page 1


   1              		.cpu cortex-m4
   2              		.eabi_attribute 27, 1
   3              		.eabi_attribute 28, 1
   4              		.eabi_attribute 20, 1
   5              		.eabi_attribute 21, 1
   6              		.eabi_attribute 23, 3
   7              		.eabi_attribute 24, 1
   8              		.eabi_attribute 25, 1
   9              		.eabi_attribute 26, 1
  10              		.eabi_attribute 30, 1
  11              		.eabi_attribute 34, 1
  12              		.eabi_attribute 18, 4
  13              		.file	"gpio.c"
  14              		.text
  15              	.Ltext0:
  16              		.cfi_sections	.debug_frame
  17              		.section	.text.MX_GPIO_Init,"ax",%progbits
  18              		.align	1
  19              		.global	MX_GPIO_Init
  20              		.syntax unified
  21              		.thumb
  22              		.thumb_func
  23              		.fpu fpv4-sp-d16
  25              	MX_GPIO_Init:
  26              	.LFB329:
  27              		.file 1 "Core/Src/gpio.c"
   1:Core/Src/gpio.c **** /**
   2:Core/Src/gpio.c ****   ******************************************************************************
   3:Core/Src/gpio.c ****   * @file    gpio.c
   4:Core/Src/gpio.c ****   * @brief   This file provides code for the configuration
   5:Core/Src/gpio.c ****   *          of all used GPIO pins.
   6:Core/Src/gpio.c ****   ******************************************************************************
   7:Core/Src/gpio.c ****   * @attention
   8:Core/Src/gpio.c ****   *
   9:Core/Src/gpio.c ****   * <h2><center>&copy; Copyright (c) 2021 STMicroelectronics.
  10:Core/Src/gpio.c ****   * All rights reserved.</center></h2>
  11:Core/Src/gpio.c ****   *
  12:Core/Src/gpio.c ****   * This software component is licensed by ST under Ultimate Liberty license
  13:Core/Src/gpio.c ****   * SLA0044, the "License"; You may not use this file except in compliance with
  14:Core/Src/gpio.c ****   * the License. You may obtain a copy of the License at:
  15:Core/Src/gpio.c ****   *                             www.st.com/SLA0044
  16:Core/Src/gpio.c ****   *
  17:Core/Src/gpio.c ****   ******************************************************************************
  18:Core/Src/gpio.c ****   */
  19:Core/Src/gpio.c **** 
  20:Core/Src/gpio.c **** /* Includes ------------------------------------------------------------------*/
  21:Core/Src/gpio.c **** #include "gpio.h"
  22:Core/Src/gpio.c **** 
  23:Core/Src/gpio.c **** /* USER CODE BEGIN 0 */
  24:Core/Src/gpio.c **** 
  25:Core/Src/gpio.c **** /* USER CODE END 0 */
  26:Core/Src/gpio.c **** 
  27:Core/Src/gpio.c **** /*----------------------------------------------------------------------------*/
  28:Core/Src/gpio.c **** /* Configure GPIO                                                             */
  29:Core/Src/gpio.c **** /*----------------------------------------------------------------------------*/
  30:Core/Src/gpio.c **** /* USER CODE BEGIN 1 */
  31:Core/Src/gpio.c **** 
ARM GAS  /tmp/cck5COJt.s 			page 2


  32:Core/Src/gpio.c **** /* USER CODE END 1 */
  33:Core/Src/gpio.c **** 
  34:Core/Src/gpio.c **** /** Configure pins as
  35:Core/Src/gpio.c ****         * Analog
  36:Core/Src/gpio.c ****         * Input
  37:Core/Src/gpio.c ****         * Output
  38:Core/Src/gpio.c ****         * EVENT_OUT
  39:Core/Src/gpio.c ****         * EXTI
  40:Core/Src/gpio.c ****      PB11   ------> S_TIM2_CH4
  41:Core/Src/gpio.c ****      PB12   ------> OPAMP6_VINP
  42:Core/Src/gpio.c **** */
  43:Core/Src/gpio.c **** void MX_GPIO_Init(void)
  44:Core/Src/gpio.c **** {
  28              		.loc 1 44 0
  29              		.cfi_startproc
  30              		@ args = 0, pretend = 0, frame = 40
  31              		@ frame_needed = 0, uses_anonymous_args = 0
  32 0000 F0B5     		push	{r4, r5, r6, r7, lr}
  33              	.LCFI0:
  34              		.cfi_def_cfa_offset 20
  35              		.cfi_offset 4, -20
  36              		.cfi_offset 5, -16
  37              		.cfi_offset 6, -12
  38              		.cfi_offset 7, -8
  39              		.cfi_offset 14, -4
  40 0002 8BB0     		sub	sp, sp, #44
  41              	.LCFI1:
  42              		.cfi_def_cfa_offset 64
  45:Core/Src/gpio.c **** 
  46:Core/Src/gpio.c ****   GPIO_InitTypeDef GPIO_InitStruct = {0};
  43              		.loc 1 46 0
  44 0004 0024     		movs	r4, #0
  45 0006 0594     		str	r4, [sp, #20]
  46 0008 0694     		str	r4, [sp, #24]
  47 000a 0794     		str	r4, [sp, #28]
  48 000c 0894     		str	r4, [sp, #32]
  49 000e 0994     		str	r4, [sp, #36]
  50              	.LBB2:
  47:Core/Src/gpio.c **** 
  48:Core/Src/gpio.c ****   /* GPIO Ports Clock Enable */
  49:Core/Src/gpio.c ****   __HAL_RCC_GPIOC_CLK_ENABLE();
  51              		.loc 1 49 0
  52 0010 484B     		ldr	r3, .L3
  53 0012 DA6C     		ldr	r2, [r3, #76]
  54 0014 42F00402 		orr	r2, r2, #4
  55 0018 DA64     		str	r2, [r3, #76]
  56 001a DA6C     		ldr	r2, [r3, #76]
  57 001c 02F00402 		and	r2, r2, #4
  58 0020 0092     		str	r2, [sp]
  59 0022 009A     		ldr	r2, [sp]
  60              	.LBE2:
  61              	.LBB3:
  50:Core/Src/gpio.c ****   __HAL_RCC_GPIOF_CLK_ENABLE();
  62              		.loc 1 50 0
  63 0024 DA6C     		ldr	r2, [r3, #76]
  64 0026 42F02002 		orr	r2, r2, #32
  65 002a DA64     		str	r2, [r3, #76]
ARM GAS  /tmp/cck5COJt.s 			page 3


  66 002c DA6C     		ldr	r2, [r3, #76]
  67 002e 02F02002 		and	r2, r2, #32
  68 0032 0192     		str	r2, [sp, #4]
  69 0034 019A     		ldr	r2, [sp, #4]
  70              	.LBE3:
  71              	.LBB4:
  51:Core/Src/gpio.c ****   __HAL_RCC_GPIOA_CLK_ENABLE();
  72              		.loc 1 51 0
  73 0036 DA6C     		ldr	r2, [r3, #76]
  74 0038 42F00102 		orr	r2, r2, #1
  75 003c DA64     		str	r2, [r3, #76]
  76 003e DA6C     		ldr	r2, [r3, #76]
  77 0040 02F00102 		and	r2, r2, #1
  78 0044 0292     		str	r2, [sp, #8]
  79 0046 029A     		ldr	r2, [sp, #8]
  80              	.LBE4:
  81              	.LBB5:
  52:Core/Src/gpio.c ****   __HAL_RCC_GPIOB_CLK_ENABLE();
  82              		.loc 1 52 0
  83 0048 DA6C     		ldr	r2, [r3, #76]
  84 004a 42F00202 		orr	r2, r2, #2
  85 004e DA64     		str	r2, [r3, #76]
  86 0050 DA6C     		ldr	r2, [r3, #76]
  87 0052 02F00202 		and	r2, r2, #2
  88 0056 0392     		str	r2, [sp, #12]
  89 0058 039A     		ldr	r2, [sp, #12]
  90              	.LBE5:
  91              	.LBB6:
  53:Core/Src/gpio.c ****   __HAL_RCC_GPIOD_CLK_ENABLE();
  92              		.loc 1 53 0
  93 005a DA6C     		ldr	r2, [r3, #76]
  94 005c 42F00802 		orr	r2, r2, #8
  95 0060 DA64     		str	r2, [r3, #76]
  96 0062 DB6C     		ldr	r3, [r3, #76]
  97 0064 03F00803 		and	r3, r3, #8
  98 0068 0493     		str	r3, [sp, #16]
  99 006a 049B     		ldr	r3, [sp, #16]
 100              	.LBE6:
  54:Core/Src/gpio.c **** 
  55:Core/Src/gpio.c ****   /*Configure GPIO pin Output Level */
  56:Core/Src/gpio.c ****   HAL_GPIO_WritePin(GPIOC, GPS_RESET_Pin|GPS_FORCEON_Pin|GPS_EXT_INT_Pin|NAV_STAT_0_Pin
 101              		.loc 1 56 0
 102 006c 324F     		ldr	r7, .L3+4
 103 006e 2246     		mov	r2, r4
 104 0070 4EF23001 		movw	r1, #57392
 105 0074 3846     		mov	r0, r7
 106 0076 FFF7FEFF 		bl	HAL_GPIO_WritePin
 107              	.LVL0:
  57:Core/Src/gpio.c ****                           |NAV_STAT_1_Pin, GPIO_PIN_RESET);
  58:Core/Src/gpio.c **** 
  59:Core/Src/gpio.c ****   /*Configure GPIO pin Output Level */
  60:Core/Src/gpio.c ****   HAL_GPIO_WritePin(GPIOA, IMU_SPI_LS_EN_Pin|BUZZER_DAC_Pin|RADIO_SET_Pin|SD_NCS_Pin, GPIO_PIN_RESE
 108              		.loc 1 60 0
 109 007a 2246     		mov	r2, r4
 110 007c 48F21241 		movw	r1, #33810
 111 0080 4FF09040 		mov	r0, #1207959552
 112 0084 FFF7FEFF 		bl	HAL_GPIO_WritePin
ARM GAS  /tmp/cck5COJt.s 			page 4


 113              	.LVL1:
  61:Core/Src/gpio.c **** 
  62:Core/Src/gpio.c ****   /*Configure GPIO pin Output Level */
  63:Core/Src/gpio.c ****   HAL_GPIO_WritePin(IMU_NCS_GPIO_Port, IMU_NCS_Pin, GPIO_PIN_SET);
 114              		.loc 1 63 0
 115 0088 0122     		movs	r2, #1
 116 008a 4FF40061 		mov	r1, #2048
 117 008e 3846     		mov	r0, r7
 118 0090 FFF7FEFF 		bl	HAL_GPIO_WritePin
 119              	.LVL2:
  64:Core/Src/gpio.c **** 
  65:Core/Src/gpio.c ****   /*Configure GPIO pin Output Level */
  66:Core/Src/gpio.c ****   HAL_GPIO_WritePin(IMU_INT_GPIO_Port, IMU_INT_Pin, GPIO_PIN_RESET);
 120              		.loc 1 66 0
 121 0094 294D     		ldr	r5, .L3+8
 122 0096 2246     		mov	r2, r4
 123 0098 4FF40071 		mov	r1, #512
 124 009c 2846     		mov	r0, r5
 125 009e FFF7FEFF 		bl	HAL_GPIO_WritePin
 126              	.LVL3:
  67:Core/Src/gpio.c **** 
  68:Core/Src/gpio.c ****   /*Configure GPIO pins : PCPin PCPin PCPin PCPin
  69:Core/Src/gpio.c ****                            PCPin PCPin */
  70:Core/Src/gpio.c ****   GPIO_InitStruct.Pin = GPS_RESET_Pin|GPS_FORCEON_Pin|GPS_EXT_INT_Pin|NAV_STAT_0_Pin
 127              		.loc 1 70 0
 128 00a2 4EF63003 		movw	r3, #59440
 129 00a6 0593     		str	r3, [sp, #20]
  71:Core/Src/gpio.c ****                           |NAV_STAT_1_Pin|IMU_NCS_Pin;
  72:Core/Src/gpio.c ****   GPIO_InitStruct.Mode = GPIO_MODE_OUTPUT_PP;
 130              		.loc 1 72 0
 131 00a8 0126     		movs	r6, #1
 132 00aa 0696     		str	r6, [sp, #24]
  73:Core/Src/gpio.c ****   GPIO_InitStruct.Pull = GPIO_NOPULL;
 133              		.loc 1 73 0
 134 00ac 0794     		str	r4, [sp, #28]
  74:Core/Src/gpio.c ****   GPIO_InitStruct.Speed = GPIO_SPEED_FREQ_LOW;
 135              		.loc 1 74 0
 136 00ae 0894     		str	r4, [sp, #32]
  75:Core/Src/gpio.c ****   HAL_GPIO_Init(GPIOC, &GPIO_InitStruct);
 137              		.loc 1 75 0
 138 00b0 05A9     		add	r1, sp, #20
 139 00b2 3846     		mov	r0, r7
 140 00b4 FFF7FEFF 		bl	HAL_GPIO_Init
 141              	.LVL4:
  76:Core/Src/gpio.c **** 
  77:Core/Src/gpio.c ****   /*Configure GPIO pin : PtPin */
  78:Core/Src/gpio.c ****   GPIO_InitStruct.Pin = GPS_FIX_Pin;
 142              		.loc 1 78 0
 143 00b8 0596     		str	r6, [sp, #20]
  79:Core/Src/gpio.c ****   GPIO_InitStruct.Mode = GPIO_MODE_INPUT;
 144              		.loc 1 79 0
 145 00ba 0694     		str	r4, [sp, #24]
  80:Core/Src/gpio.c ****   GPIO_InitStruct.Pull = GPIO_NOPULL;
 146              		.loc 1 80 0
 147 00bc 0794     		str	r4, [sp, #28]
  81:Core/Src/gpio.c ****   HAL_GPIO_Init(GPS_FIX_GPIO_Port, &GPIO_InitStruct);
 148              		.loc 1 81 0
ARM GAS  /tmp/cck5COJt.s 			page 5


 149 00be 05A9     		add	r1, sp, #20
 150 00c0 4FF09040 		mov	r0, #1207959552
 151 00c4 FFF7FEFF 		bl	HAL_GPIO_Init
 152              	.LVL5:
  82:Core/Src/gpio.c **** 
  83:Core/Src/gpio.c ****   /*Configure GPIO pins : PAPin PAPin PAPin PAPin */
  84:Core/Src/gpio.c ****   GPIO_InitStruct.Pin = IMU_SPI_LS_EN_Pin|BUZZER_DAC_Pin|RADIO_SET_Pin|SD_NCS_Pin;
 153              		.loc 1 84 0
 154 00c8 48F21243 		movw	r3, #33810
 155 00cc 0593     		str	r3, [sp, #20]
  85:Core/Src/gpio.c ****   GPIO_InitStruct.Mode = GPIO_MODE_OUTPUT_PP;
 156              		.loc 1 85 0
 157 00ce 0696     		str	r6, [sp, #24]
  86:Core/Src/gpio.c ****   GPIO_InitStruct.Pull = GPIO_NOPULL;
 158              		.loc 1 86 0
 159 00d0 0794     		str	r4, [sp, #28]
  87:Core/Src/gpio.c ****   GPIO_InitStruct.Speed = GPIO_SPEED_FREQ_LOW;
 160              		.loc 1 87 0
 161 00d2 0894     		str	r4, [sp, #32]
  88:Core/Src/gpio.c ****   HAL_GPIO_Init(GPIOA, &GPIO_InitStruct);
 162              		.loc 1 88 0
 163 00d4 05A9     		add	r1, sp, #20
 164 00d6 4FF09040 		mov	r0, #1207959552
 165 00da FFF7FEFF 		bl	HAL_GPIO_Init
 166              	.LVL6:
  89:Core/Src/gpio.c **** 
  90:Core/Src/gpio.c ****   /*Configure GPIO pins : PBPin PBPin */
  91:Core/Src/gpio.c ****   GPIO_InitStruct.Pin = I2C_EXT_INT_Pin|USER_BTN_Pin;
 167              		.loc 1 91 0
 168 00de 4FF48273 		mov	r3, #260
 169 00e2 0593     		str	r3, [sp, #20]
  92:Core/Src/gpio.c ****   GPIO_InitStruct.Mode = GPIO_MODE_INPUT;
 170              		.loc 1 92 0
 171 00e4 0694     		str	r4, [sp, #24]
  93:Core/Src/gpio.c ****   GPIO_InitStruct.Pull = GPIO_NOPULL;
 172              		.loc 1 93 0
 173 00e6 0794     		str	r4, [sp, #28]
  94:Core/Src/gpio.c ****   HAL_GPIO_Init(GPIOB, &GPIO_InitStruct);
 174              		.loc 1 94 0
 175 00e8 05A9     		add	r1, sp, #20
 176 00ea 2846     		mov	r0, r5
 177 00ec FFF7FEFF 		bl	HAL_GPIO_Init
 178              	.LVL7:
  95:Core/Src/gpio.c **** 
  96:Core/Src/gpio.c ****   /*Configure GPIO pin : PtPin */
  97:Core/Src/gpio.c ****   GPIO_InitStruct.Pin = HPS_A_TIM2_CH4_Pin;
 179              		.loc 1 97 0
 180 00f0 4FF40063 		mov	r3, #2048
 181 00f4 0593     		str	r3, [sp, #20]
  98:Core/Src/gpio.c ****   GPIO_InitStruct.Mode = GPIO_MODE_AF_PP;
 182              		.loc 1 98 0
 183 00f6 0223     		movs	r3, #2
 184 00f8 0693     		str	r3, [sp, #24]
  99:Core/Src/gpio.c ****   GPIO_InitStruct.Pull = GPIO_NOPULL;
 185              		.loc 1 99 0
 186 00fa 0794     		str	r4, [sp, #28]
 100:Core/Src/gpio.c ****   GPIO_InitStruct.Speed = GPIO_SPEED_FREQ_LOW;
ARM GAS  /tmp/cck5COJt.s 			page 6


 187              		.loc 1 100 0
 188 00fc 0894     		str	r4, [sp, #32]
 101:Core/Src/gpio.c ****   GPIO_InitStruct.Alternate = GPIO_AF1_TIM2;
 189              		.loc 1 101 0
 190 00fe 0996     		str	r6, [sp, #36]
 102:Core/Src/gpio.c ****   HAL_GPIO_Init(HPS_A_TIM2_CH4_GPIO_Port, &GPIO_InitStruct);
 191              		.loc 1 102 0
 192 0100 05A9     		add	r1, sp, #20
 193 0102 2846     		mov	r0, r5
 194 0104 FFF7FEFF 		bl	HAL_GPIO_Init
 195              	.LVL8:
 103:Core/Src/gpio.c **** 
 104:Core/Src/gpio.c ****   /*Configure GPIO pin : PtPin */
 105:Core/Src/gpio.c ****   GPIO_InitStruct.Pin = HPS_Current_Sense_A_Pin;
 196              		.loc 1 105 0
 197 0108 4FF48053 		mov	r3, #4096
 198 010c 0593     		str	r3, [sp, #20]
 106:Core/Src/gpio.c ****   GPIO_InitStruct.Mode = GPIO_MODE_ANALOG;
 199              		.loc 1 106 0
 200 010e 0323     		movs	r3, #3
 201 0110 0693     		str	r3, [sp, #24]
 107:Core/Src/gpio.c ****   GPIO_InitStruct.Pull = GPIO_NOPULL;
 202              		.loc 1 107 0
 203 0112 0794     		str	r4, [sp, #28]
 108:Core/Src/gpio.c ****   HAL_GPIO_Init(HPS_Current_Sense_A_GPIO_Port, &GPIO_InitStruct);
 204              		.loc 1 108 0
 205 0114 05A9     		add	r1, sp, #20
 206 0116 2846     		mov	r0, r5
 207 0118 FFF7FEFF 		bl	HAL_GPIO_Init
 208              	.LVL9:
 109:Core/Src/gpio.c **** 
 110:Core/Src/gpio.c ****   /*Configure GPIO pin : PtPin */
 111:Core/Src/gpio.c ****   GPIO_InitStruct.Pin = IMU_INT_Pin;
 209              		.loc 1 111 0
 210 011c 4FF40073 		mov	r3, #512
 211 0120 0593     		str	r3, [sp, #20]
 112:Core/Src/gpio.c ****   GPIO_InitStruct.Mode = GPIO_MODE_OUTPUT_PP;
 212              		.loc 1 112 0
 213 0122 0696     		str	r6, [sp, #24]
 113:Core/Src/gpio.c ****   GPIO_InitStruct.Pull = GPIO_NOPULL;
 214              		.loc 1 113 0
 215 0124 0794     		str	r4, [sp, #28]
 114:Core/Src/gpio.c ****   GPIO_InitStruct.Speed = GPIO_SPEED_FREQ_LOW;
 216              		.loc 1 114 0
 217 0126 0894     		str	r4, [sp, #32]
 115:Core/Src/gpio.c ****   HAL_GPIO_Init(IMU_INT_GPIO_Port, &GPIO_InitStruct);
 218              		.loc 1 115 0
 219 0128 05A9     		add	r1, sp, #20
 220 012a 2846     		mov	r0, r5
 221 012c FFF7FEFF 		bl	HAL_GPIO_Init
 222              	.LVL10:
 116:Core/Src/gpio.c **** 
 117:Core/Src/gpio.c **** }
 223              		.loc 1 117 0
 224 0130 0BB0     		add	sp, sp, #44
 225              	.LCFI2:
 226              		.cfi_def_cfa_offset 20
ARM GAS  /tmp/cck5COJt.s 			page 7


 227              		@ sp needed
 228 0132 F0BD     		pop	{r4, r5, r6, r7, pc}
 229              	.L4:
 230              		.align	2
 231              	.L3:
 232 0134 00100240 		.word	1073876992
 233 0138 00080048 		.word	1207961600
 234 013c 00040048 		.word	1207960576
 235              		.cfi_endproc
 236              	.LFE329:
 238              		.text
 239              	.Letext0:
 240              		.file 2 "/usr/include/newlib/machine/_default_types.h"
 241              		.file 3 "/usr/include/newlib/sys/_stdint.h"
 242              		.file 4 "Drivers/CMSIS/Include/core_cm4.h"
 243              		.file 5 "Drivers/CMSIS/Device/ST/STM32G4xx/Include/system_stm32g4xx.h"
 244              		.file 6 "Drivers/CMSIS/Device/ST/STM32G4xx/Include/stm32g484xx.h"
 245              		.file 7 "Drivers/STM32G4xx_HAL_Driver/Inc/stm32g4xx_hal_def.h"
 246              		.file 8 "Drivers/STM32G4xx_HAL_Driver/Inc/stm32g4xx_hal_gpio.h"
 247              		.file 9 "Drivers/STM32G4xx_HAL_Driver/Inc/stm32g4xx_hal_flash.h"
 248              		.file 10 "Drivers/STM32G4xx_HAL_Driver/Inc/stm32g4xx_hal_uart.h"
 249              		.file 11 "Drivers/STM32G4xx_HAL_Driver/Inc/stm32g4xx_hal.h"
ARM GAS  /tmp/cck5COJt.s 			page 8


DEFINED SYMBOLS
                            *ABS*:0000000000000000 gpio.c
     /tmp/cck5COJt.s:18     .text.MX_GPIO_Init:0000000000000000 $t
     /tmp/cck5COJt.s:25     .text.MX_GPIO_Init:0000000000000000 MX_GPIO_Init
     /tmp/cck5COJt.s:232    .text.MX_GPIO_Init:0000000000000134 $d

UNDEFINED SYMBOLS
HAL_GPIO_WritePin
HAL_GPIO_Init
