ARM GAS  /tmp/ccNU6kGi.s 			page 1


   1              		.cpu cortex-m4
   2              		.eabi_attribute 27, 1
   3              		.eabi_attribute 28, 1
   4              		.eabi_attribute 20, 1
   5              		.eabi_attribute 21, 1
   6              		.eabi_attribute 23, 3
   7              		.eabi_attribute 24, 1
   8              		.eabi_attribute 25, 1
   9              		.eabi_attribute 26, 1
  10              		.eabi_attribute 30, 1
  11              		.eabi_attribute 34, 1
  12              		.eabi_attribute 18, 4
  13              		.file	"GPS.c"
  14              		.text
  15              	.Ltext0:
  16              		.cfi_sections	.debug_frame
  17              		.global	__aeabi_f2d
  18              		.global	__aeabi_ddiv
  19              		.global	__aeabi_dadd
  20              		.section	.text.convertDegMinToDecDeg,"ax",%progbits
  21              		.align	1
  22              		.global	convertDegMinToDecDeg
  23              		.syntax unified
  24              		.thumb
  25              		.thumb_func
  26              		.fpu fpv4-sp-d16
  28              	convertDegMinToDecDeg:
  29              	.LFB332:
  30              		.file 1 "Drivers/gps/GPS.c"
   1:Drivers/gps/GPS.c **** #include "GPSConfig.h"
   2:Drivers/gps/GPS.c **** #include "GPS.h"
   3:Drivers/gps/GPS.c **** #include "usart.h"
   4:Drivers/gps/GPS.c **** #include <string.h>
   5:Drivers/gps/GPS.c **** #include <stdio.h>
   6:Drivers/gps/GPS.c **** #include <stdlib.h>
   7:Drivers/gps/GPS.c **** #include <math.h>
   8:Drivers/gps/GPS.c **** #include "main.h"
   9:Drivers/gps/GPS.c **** 
  10:Drivers/gps/GPS.c **** GPS_t GPS;
  11:Drivers/gps/GPS.c **** //#################################################################################################
  12:Drivers/gps/GPS.c **** double convertDegMinToDecDeg (float degMin)
  13:Drivers/gps/GPS.c **** {
  31              		.loc 1 13 0
  32              		.cfi_startproc
  33              		@ args = 0, pretend = 0, frame = 0
  34              		@ frame_needed = 0, uses_anonymous_args = 0
  35              	.LVL0:
  36 0000 F8B5     		push	{r3, r4, r5, r6, r7, lr}
  37              	.LCFI0:
  38              		.cfi_def_cfa_offset 24
  39              		.cfi_offset 3, -24
  40              		.cfi_offset 4, -20
  41              		.cfi_offset 5, -16
  42              		.cfi_offset 6, -12
  43              		.cfi_offset 7, -8
  44              		.cfi_offset 14, -4
  45 0002 2DED028B 		vpush.64	{d8}
ARM GAS  /tmp/ccNU6kGi.s 			page 2


  46              	.LCFI1:
  47              		.cfi_def_cfa_offset 32
  48              		.cfi_offset 80, -32
  49              		.cfi_offset 81, -28
  50 0006 B0EE408A 		vmov.f32	s16, s0
  51              	.LVL1:
  14:Drivers/gps/GPS.c ****   double min = 0.0;
  15:Drivers/gps/GPS.c ****   double decDeg = 0.0;
  16:Drivers/gps/GPS.c ****  
  17:Drivers/gps/GPS.c ****   //get the minutes, fmod() requires double
  18:Drivers/gps/GPS.c ****   min = fmod((double)degMin, 100.0);
  52              		.loc 1 18 0
  53 000a 10EE100A 		vmov	r0, s0
  54 000e FFF7FEFF 		bl	__aeabi_f2d
  55              	.LVL2:
  56 0012 9FED131B 		vldr.64	d1, .L3
  57 0016 41EC100B 		vmov	d0, r0, r1
  58 001a FFF7FEFF 		bl	fmod
  59              	.LVL3:
  60 001e 57EC106B 		vmov	r6, r7, d0
  61              	.LVL4:
  19:Drivers/gps/GPS.c ****  
  20:Drivers/gps/GPS.c ****   //rebuild coordinates in decimal degrees
  21:Drivers/gps/GPS.c ****   degMin = (int) ( degMin / 100 );
  62              		.loc 1 21 0
  63 0022 9FED117A 		vldr.32	s14, .L3+8
  64 0026 C8EE077A 		vdiv.f32	s15, s16, s14
  65 002a FDEEE77A 		vcvt.s32.f32	s15, s15
  66              	.LVL5:
  22:Drivers/gps/GPS.c ****   decDeg = degMin + ( min / 60 );
  67              		.loc 1 22 0
  68 002e F8EEE77A 		vcvt.f32.s32	s15, s15
  69              	.LVL6:
  70 0032 17EE900A 		vmov	r0, s15
  71 0036 FFF7FEFF 		bl	__aeabi_f2d
  72              	.LVL7:
  73 003a 0446     		mov	r4, r0
  74 003c 0D46     		mov	r5, r1
  75 003e 0022     		movs	r2, #0
  76 0040 0A4B     		ldr	r3, .L3+12
  77 0042 3046     		mov	r0, r6
  78 0044 3946     		mov	r1, r7
  79 0046 FFF7FEFF 		bl	__aeabi_ddiv
  80              	.LVL8:
  81 004a 0246     		mov	r2, r0
  82 004c 0B46     		mov	r3, r1
  83 004e 2046     		mov	r0, r4
  84 0050 2946     		mov	r1, r5
  85 0052 FFF7FEFF 		bl	__aeabi_dadd
  86              	.LVL9:
  23:Drivers/gps/GPS.c ****  
  24:Drivers/gps/GPS.c ****   return decDeg;
  25:Drivers/gps/GPS.c **** }
  87              		.loc 1 25 0
  88 0056 41EC100B 		vmov	d0, r0, r1
  89 005a BDEC028B 		vldm	sp!, {d8}
  90              	.LCFI2:
ARM GAS  /tmp/ccNU6kGi.s 			page 3


  91              		.cfi_restore 80
  92              		.cfi_restore 81
  93              		.cfi_def_cfa_offset 24
  94              	.LVL10:
  95 005e F8BD     		pop	{r3, r4, r5, r6, r7, pc}
  96              	.LVL11:
  97              	.L4:
  98              		.align	3
  99              	.L3:
 100 0060 00000000 		.word	0
 101 0064 00005940 		.word	1079574528
 102 0068 0000C842 		.word	1120403456
 103 006c 00004E40 		.word	1078853632
 104              		.cfi_endproc
 105              	.LFE332:
 107              		.section	.text.GPS_Init,"ax",%progbits
 108              		.align	1
 109              		.global	GPS_Init
 110              		.syntax unified
 111              		.thumb
 112              		.thumb_func
 113              		.fpu fpv4-sp-d16
 115              	GPS_Init:
 116              	.LFB333:
  26:Drivers/gps/GPS.c **** //#################################################################################################
  27:Drivers/gps/GPS.c **** void	GPS_Init(void)
  28:Drivers/gps/GPS.c **** {
 117              		.loc 1 28 0
 118              		.cfi_startproc
 119              		@ args = 0, pretend = 0, frame = 0
 120              		@ frame_needed = 0, uses_anonymous_args = 0
 121 0000 08B5     		push	{r3, lr}
 122              	.LCFI3:
 123              		.cfi_def_cfa_offset 8
 124              		.cfi_offset 3, -8
 125              		.cfi_offset 14, -4
  29:Drivers/gps/GPS.c **** 	GPS.rxIndex=0;
 126              		.loc 1 29 0
 127 0002 0549     		ldr	r1, .L7
 128 0004 0023     		movs	r3, #0
 129 0006 A1F80032 		strh	r3, [r1, #512]	@ movhi
  30:Drivers/gps/GPS.c **** 	HAL_UART_Receive_IT(&_GPS_USART,&GPS.rxTmp,1);	
 130              		.loc 1 30 0
 131 000a 0122     		movs	r2, #1
 132 000c 01F20221 		addw	r1, r1, #514
 133 0010 0248     		ldr	r0, .L7+4
 134 0012 FFF7FEFF 		bl	HAL_UART_Receive_IT
 135              	.LVL12:
  31:Drivers/gps/GPS.c **** }
 136              		.loc 1 31 0
 137 0016 08BD     		pop	{r3, pc}
 138              	.L8:
 139              		.align	2
 140              	.L7:
 141 0018 00000000 		.word	GPS
 142 001c 00000000 		.word	huart1
 143              		.cfi_endproc
ARM GAS  /tmp/ccNU6kGi.s 			page 4


 144              	.LFE333:
 146              		.section	.text.GPS_CallBack,"ax",%progbits
 147              		.align	1
 148              		.global	GPS_CallBack
 149              		.syntax unified
 150              		.thumb
 151              		.thumb_func
 152              		.fpu fpv4-sp-d16
 154              	GPS_CallBack:
 155              	.LFB334:
  32:Drivers/gps/GPS.c **** //#################################################################################################
  33:Drivers/gps/GPS.c **** void	GPS_CallBack(void)
  34:Drivers/gps/GPS.c **** {
 156              		.loc 1 34 0
 157              		.cfi_startproc
 158              		@ args = 0, pretend = 0, frame = 0
 159              		@ frame_needed = 0, uses_anonymous_args = 0
 160 0000 08B5     		push	{r3, lr}
 161              	.LCFI4:
 162              		.cfi_def_cfa_offset 8
 163              		.cfi_offset 3, -8
 164              		.cfi_offset 14, -4
  35:Drivers/gps/GPS.c **** 	GPS.LastTime=HAL_GetTick();
 165              		.loc 1 35 0
 166 0002 FFF7FEFF 		bl	HAL_GetTick
 167              	.LVL13:
 168 0006 0A4B     		ldr	r3, .L12
 169 0008 C3F80402 		str	r0, [r3, #516]
  36:Drivers/gps/GPS.c **** 	if(GPS.rxIndex < sizeof(GPS.rxBuffer)-2)
 170              		.loc 1 36 0
 171 000c B3F80032 		ldrh	r3, [r3, #512]
 172 0010 B3F5FF7F 		cmp	r3, #510
 173 0014 06D2     		bcs	.L10
  37:Drivers/gps/GPS.c **** 	{
  38:Drivers/gps/GPS.c **** 		GPS.rxBuffer[GPS.rxIndex] = GPS.rxTmp;
 174              		.loc 1 38 0
 175 0016 064A     		ldr	r2, .L12
 176 0018 92F80212 		ldrb	r1, [r2, #514]	@ zero_extendqisi2
 177 001c D154     		strb	r1, [r2, r3]
  39:Drivers/gps/GPS.c **** 		GPS.rxIndex++;
 178              		.loc 1 39 0
 179 001e 0133     		adds	r3, r3, #1
 180 0020 A2F80032 		strh	r3, [r2, #512]	@ movhi
 181              	.L10:
  40:Drivers/gps/GPS.c **** 	}	
  41:Drivers/gps/GPS.c **** 	HAL_UART_Receive_IT(&_GPS_USART,&GPS.rxTmp,1);
 182              		.loc 1 41 0
 183 0024 0122     		movs	r2, #1
 184 0026 0349     		ldr	r1, .L12+4
 185 0028 0348     		ldr	r0, .L12+8
 186 002a FFF7FEFF 		bl	HAL_UART_Receive_IT
 187              	.LVL14:
  42:Drivers/gps/GPS.c **** }
 188              		.loc 1 42 0
 189 002e 08BD     		pop	{r3, pc}
 190              	.L13:
 191              		.align	2
ARM GAS  /tmp/ccNU6kGi.s 			page 5


 192              	.L12:
 193 0030 00000000 		.word	GPS
 194 0034 02020000 		.word	GPS+514
 195 0038 00000000 		.word	huart1
 196              		.cfi_endproc
 197              	.LFE334:
 199              		.section	.text.GPS_Process,"ax",%progbits
 200              		.align	1
 201              		.global	GPS_Process
 202              		.syntax unified
 203              		.thumb
 204              		.thumb_func
 205              		.fpu fpv4-sp-d16
 207              	GPS_Process:
 208              	.LFB335:
  43:Drivers/gps/GPS.c **** //#################################################################################################
  44:Drivers/gps/GPS.c **** void	GPS_Process(void)
  45:Drivers/gps/GPS.c **** {
 209              		.loc 1 45 0
 210              		.cfi_startproc
 211              		@ args = 0, pretend = 0, frame = 0
 212              		@ frame_needed = 0, uses_anonymous_args = 0
 213 0000 30B5     		push	{r4, r5, lr}
 214              	.LCFI5:
 215              		.cfi_def_cfa_offset 12
 216              		.cfi_offset 4, -12
 217              		.cfi_offset 5, -8
 218              		.cfi_offset 14, -4
 219 0002 8FB0     		sub	sp, sp, #60
 220              	.LCFI6:
 221              		.cfi_def_cfa_offset 72
  46:Drivers/gps/GPS.c **** 	if( (HAL_GetTick()-GPS.LastTime>50) && (GPS.rxIndex>0))
 222              		.loc 1 46 0
 223 0004 FFF7FEFF 		bl	HAL_GetTick
 224              	.LVL15:
 225 0008 434B     		ldr	r3, .L22
 226 000a D3F80432 		ldr	r3, [r3, #516]
 227 000e C01A     		subs	r0, r0, r3
 228 0010 3228     		cmp	r0, #50
 229 0012 79D9     		bls	.L15
 230              		.loc 1 46 0 is_stmt 0 discriminator 1
 231 0014 404B     		ldr	r3, .L22
 232 0016 B3F80032 		ldrh	r3, [r3, #512]
 233 001a 002B     		cmp	r3, #0
 234 001c 74D0     		beq	.L15
 235              	.LBB2:
  47:Drivers/gps/GPS.c **** 	{
  48:Drivers/gps/GPS.c **** 		char	*str;
  49:Drivers/gps/GPS.c **** 		#if (_GPS_DEBUG==1)
  50:Drivers/gps/GPS.c **** 		printf("%s",GPS.rxBuffer);
  51:Drivers/gps/GPS.c **** 		#endif
  52:Drivers/gps/GPS.c **** 		str=strstr((char*)GPS.rxBuffer,"$GPGGA,");
 236              		.loc 1 52 0 is_stmt 1
 237 001e 3F49     		ldr	r1, .L22+4
 238 0020 3D48     		ldr	r0, .L22
 239 0022 FFF7FEFF 		bl	strstr
 240              	.LVL16:
ARM GAS  /tmp/ccNU6kGi.s 			page 6


  53:Drivers/gps/GPS.c **** 		if(str!=NULL)
 241              		.loc 1 53 0
 242 0026 0546     		mov	r5, r0
 243 0028 0028     		cmp	r0, #0
 244 002a 63D0     		beq	.L16
 245              	.LBB3:
  54:Drivers/gps/GPS.c **** 		{
  55:Drivers/gps/GPS.c **** 			memset(&GPS.GPGGA,0,sizeof(GPS.GPGGA));
 246              		.loc 1 55 0
 247 002c 3C4C     		ldr	r4, .L22+8
 248 002e 4822     		movs	r2, #72
 249 0030 0021     		movs	r1, #0
 250 0032 2046     		mov	r0, r4
 251              	.LVL17:
 252 0034 FFF7FEFF 		bl	memset
 253              	.LVL18:
  56:Drivers/gps/GPS.c **** 			int r = sscanf(str,"$GPGGA,%2hhd%2hhd%2hhd.%3hd,%f,%c,%f,%c,%hhd,%hhd,%f,%f,%c,%hd,%s,*%2s\r\n",
 254              		.loc 1 56 0
 255 0038 04F14403 		add	r3, r4, #68
 256 003c 0D93     		str	r3, [sp, #52]
 257 003e 04F14003 		add	r3, r4, #64
 258 0042 0C93     		str	r3, [sp, #48]
 259 0044 04F13E03 		add	r3, r4, #62
 260 0048 0B93     		str	r3, [sp, #44]
 261 004a 04F13403 		add	r3, r4, #52
 262 004e 0A93     		str	r3, [sp, #40]
 263 0050 04F13003 		add	r3, r4, #48
 264 0054 0993     		str	r3, [sp, #36]
 265 0056 04F12C03 		add	r3, r4, #44
 266 005a 0893     		str	r3, [sp, #32]
 267 005c 04F12A03 		add	r3, r4, #42
 268 0060 0793     		str	r3, [sp, #28]
 269 0062 04F12903 		add	r3, r4, #41
 270 0066 0693     		str	r3, [sp, #24]
 271 0068 04F12803 		add	r3, r4, #40
 272 006c 0593     		str	r3, [sp, #20]
 273 006e 04F11C03 		add	r3, r4, #28
 274 0072 0493     		str	r3, [sp, #16]
 275 0074 04F11803 		add	r3, r4, #24
 276 0078 0393     		str	r3, [sp, #12]
 277 007a 04F10803 		add	r3, r4, #8
 278 007e 0293     		str	r3, [sp, #8]
 279 0080 231D     		adds	r3, r4, #4
 280 0082 0193     		str	r3, [sp, #4]
 281 0084 A31C     		adds	r3, r4, #2
 282 0086 0093     		str	r3, [sp]
 283 0088 631C     		adds	r3, r4, #1
 284 008a 2246     		mov	r2, r4
 285 008c 2549     		ldr	r1, .L22+12
 286 008e 2846     		mov	r0, r5
 287 0090 FFF7FEFF 		bl	sscanf
 288              	.LVL19:
  57:Drivers/gps/GPS.c **** 			myprintf("Parsing: %d", r);
 289              		.loc 1 57 0
 290 0094 0146     		mov	r1, r0
 291 0096 2448     		ldr	r0, .L22+16
 292              	.LVL20:
ARM GAS  /tmp/ccNU6kGi.s 			page 7


 293 0098 FFF7FEFF 		bl	myprintf
 294              	.LVL21:
  58:Drivers/gps/GPS.c **** 			if(GPS.GPGGA.NS_Indicator==0)
 295              		.loc 1 58 0
 296 009c 237E     		ldrb	r3, [r4, #24]	@ zero_extendqisi2
 297 009e 23B9     		cbnz	r3, .L17
  59:Drivers/gps/GPS.c **** 				GPS.GPGGA.NS_Indicator='-';
 298              		.loc 1 59 0
 299 00a0 A4F50273 		sub	r3, r4, #520
 300 00a4 2D22     		movs	r2, #45
 301 00a6 83F82022 		strb	r2, [r3, #544]
 302              	.L17:
  60:Drivers/gps/GPS.c **** 			if(GPS.GPGGA.EW_Indicator==0)
 303              		.loc 1 60 0
 304 00aa 1B4B     		ldr	r3, .L22
 305 00ac 93F83032 		ldrb	r3, [r3, #560]	@ zero_extendqisi2
 306 00b0 1BB9     		cbnz	r3, .L18
  61:Drivers/gps/GPS.c **** 				GPS.GPGGA.EW_Indicator='-';
 307              		.loc 1 61 0
 308 00b2 194B     		ldr	r3, .L22
 309 00b4 2D22     		movs	r2, #45
 310 00b6 83F83022 		strb	r2, [r3, #560]
 311              	.L18:
  62:Drivers/gps/GPS.c **** 			if(GPS.GPGGA.Geoid_Units==0)
 312              		.loc 1 62 0
 313 00ba 174B     		ldr	r3, .L22
 314 00bc 93F84432 		ldrb	r3, [r3, #580]	@ zero_extendqisi2
 315 00c0 1BB9     		cbnz	r3, .L19
  63:Drivers/gps/GPS.c **** 				GPS.GPGGA.Geoid_Units='-';
 316              		.loc 1 63 0
 317 00c2 154B     		ldr	r3, .L22
 318 00c4 2D22     		movs	r2, #45
 319 00c6 83F84422 		strb	r2, [r3, #580]
 320              	.L19:
  64:Drivers/gps/GPS.c **** 			if(GPS.GPGGA.MSL_Units==0)
 321              		.loc 1 64 0
 322 00ca 134B     		ldr	r3, .L22
 323 00cc 93F83C32 		ldrb	r3, [r3, #572]	@ zero_extendqisi2
 324 00d0 1BB9     		cbnz	r3, .L20
  65:Drivers/gps/GPS.c **** 				GPS.GPGGA.MSL_Units='-';
 325              		.loc 1 65 0
 326 00d2 114B     		ldr	r3, .L22
 327 00d4 2D22     		movs	r2, #45
 328 00d6 83F83C22 		strb	r2, [r3, #572]
 329              	.L20:
  66:Drivers/gps/GPS.c **** 			GPS.GPGGA.LatitudeDecimal=convertDegMinToDecDeg(GPS.GPGGA.Latitude);
 330              		.loc 1 66 0
 331 00da 0F4C     		ldr	r4, .L22
 332 00dc 94ED840A 		vldr.32	s0, [r4, #528]
 333 00e0 FFF7FEFF 		bl	convertDegMinToDecDeg
 334              	.LVL22:
 335 00e4 84ED860B 		vstr.64	d0, [r4, #536]
  67:Drivers/gps/GPS.c **** 			GPS.GPGGA.LongitudeDecimal=convertDegMinToDecDeg(GPS.GPGGA.Longitude);			
 336              		.loc 1 67 0
 337 00e8 94ED890A 		vldr.32	s0, [r4, #548]
 338 00ec FFF7FEFF 		bl	convertDegMinToDecDeg
 339              	.LVL23:
ARM GAS  /tmp/ccNU6kGi.s 			page 8


 340 00f0 84ED8A0B 		vstr.64	d0, [r4, #552]
 341              	.L16:
 342              	.LBE3:
  68:Drivers/gps/GPS.c **** 		}		
  69:Drivers/gps/GPS.c **** 		memset(GPS.rxBuffer,0,sizeof(GPS.rxBuffer));
 343              		.loc 1 69 0
 344 00f4 084C     		ldr	r4, .L22
 345 00f6 4FF40072 		mov	r2, #512
 346 00fa 0021     		movs	r1, #0
 347 00fc 2046     		mov	r0, r4
 348 00fe FFF7FEFF 		bl	memset
 349              	.LVL24:
  70:Drivers/gps/GPS.c **** 		GPS.rxIndex=0;
 350              		.loc 1 70 0
 351 0102 0023     		movs	r3, #0
 352 0104 A4F80032 		strh	r3, [r4, #512]	@ movhi
 353              	.LVL25:
 354              	.L15:
 355              	.LBE2:
  71:Drivers/gps/GPS.c **** 	}
  72:Drivers/gps/GPS.c **** 	HAL_UART_Receive_IT(&_GPS_USART,&GPS.rxTmp,1);
 356              		.loc 1 72 0
 357 0108 0122     		movs	r2, #1
 358 010a 0849     		ldr	r1, .L22+20
 359 010c 0848     		ldr	r0, .L22+24
 360 010e FFF7FEFF 		bl	HAL_UART_Receive_IT
 361              	.LVL26:
  73:Drivers/gps/GPS.c **** }
 362              		.loc 1 73 0
 363 0112 0FB0     		add	sp, sp, #60
 364              	.LCFI7:
 365              		.cfi_def_cfa_offset 12
 366              		@ sp needed
 367 0114 30BD     		pop	{r4, r5, pc}
 368              	.L23:
 369 0116 00BF     		.align	2
 370              	.L22:
 371 0118 00000000 		.word	GPS
 372 011c 00000000 		.word	.LC0
 373 0120 08020000 		.word	GPS+520
 374 0124 08000000 		.word	.LC1
 375 0128 54000000 		.word	.LC2
 376 012c 02020000 		.word	GPS+514
 377 0130 00000000 		.word	huart1
 378              		.cfi_endproc
 379              	.LFE335:
 381              		.comm	GPS,592,8
 382              		.section	.rodata.GPS_Process.str1.4,"aMS",%progbits,1
 383              		.align	2
 384              	.LC0:
 385 0000 24475047 		.ascii	"$GPGGA,\000"
 385      47412C00 
 386              	.LC1:
 387 0008 24475047 		.ascii	"$GPGGA,%2hhd%2hhd%2hhd.%3hd,%f,%c,%f,%c,%hhd,%hhd,%"
 387      47412C25 
 387      32686864 
 387      25326868 
ARM GAS  /tmp/ccNU6kGi.s 			page 9


 387      64253268 
 388 003b 662C2566 		.ascii	"f,%f,%c,%hd,%s,*%2s\015\012\000"
 388      2C25632C 
 388      2568642C 
 388      25732C2A 
 388      2532730D 
 389 0051 000000   		.space	3
 390              	.LC2:
 391 0054 50617273 		.ascii	"Parsing: %d\000"
 391      696E673A 
 391      20256400 
 392              		.text
 393              	.Letext0:
 394              		.file 2 "/usr/include/newlib/machine/_default_types.h"
 395              		.file 3 "/usr/include/newlib/sys/_stdint.h"
 396              		.file 4 "Drivers/gps/GPS.h"
 397              		.file 5 "Drivers/CMSIS/Include/core_cm4.h"
 398              		.file 6 "Drivers/CMSIS/Device/ST/STM32G4xx/Include/system_stm32g4xx.h"
 399              		.file 7 "Drivers/CMSIS/Device/ST/STM32G4xx/Include/stm32g484xx.h"
 400              		.file 8 "Drivers/STM32G4xx_HAL_Driver/Inc/stm32g4xx_hal_def.h"
 401              		.file 9 "Drivers/STM32G4xx_HAL_Driver/Inc/stm32g4xx_hal_dma.h"
 402              		.file 10 "Drivers/STM32G4xx_HAL_Driver/Inc/stm32g4xx_hal_flash.h"
 403              		.file 11 "Drivers/STM32G4xx_HAL_Driver/Inc/stm32g4xx_hal_uart.h"
 404              		.file 12 "Drivers/STM32G4xx_HAL_Driver/Inc/stm32g4xx_hal.h"
 405              		.file 13 "Core/Inc/usart.h"
 406              		.file 14 "/usr/include/newlib/sys/lock.h"
 407              		.file 15 "/usr/include/newlib/sys/_types.h"
 408              		.file 16 "/usr/lib/gcc/arm-none-eabi/7.3.1/include/stddef.h"
 409              		.file 17 "/usr/include/newlib/sys/reent.h"
 410              		.file 18 "/usr/include/newlib/stdlib.h"
 411              		.file 19 "/usr/include/newlib/math.h"
 412              		.file 20 "/usr/include/newlib/stdio.h"
 413              		.file 21 "Core/Inc/main.h"
 414              		.file 22 "/usr/include/newlib/string.h"
 415              		.file 23 "<built-in>"
ARM GAS  /tmp/ccNU6kGi.s 			page 10


DEFINED SYMBOLS
                            *ABS*:0000000000000000 GPS.c
     /tmp/ccNU6kGi.s:21     .text.convertDegMinToDecDeg:0000000000000000 $t
     /tmp/ccNU6kGi.s:28     .text.convertDegMinToDecDeg:0000000000000000 convertDegMinToDecDeg
     /tmp/ccNU6kGi.s:100    .text.convertDegMinToDecDeg:0000000000000060 $d
     /tmp/ccNU6kGi.s:108    .text.GPS_Init:0000000000000000 $t
     /tmp/ccNU6kGi.s:115    .text.GPS_Init:0000000000000000 GPS_Init
     /tmp/ccNU6kGi.s:141    .text.GPS_Init:0000000000000018 $d
                            *COM*:0000000000000250 GPS
     /tmp/ccNU6kGi.s:147    .text.GPS_CallBack:0000000000000000 $t
     /tmp/ccNU6kGi.s:154    .text.GPS_CallBack:0000000000000000 GPS_CallBack
     /tmp/ccNU6kGi.s:193    .text.GPS_CallBack:0000000000000030 $d
     /tmp/ccNU6kGi.s:200    .text.GPS_Process:0000000000000000 $t
     /tmp/ccNU6kGi.s:207    .text.GPS_Process:0000000000000000 GPS_Process
     /tmp/ccNU6kGi.s:371    .text.GPS_Process:0000000000000118 $d
     /tmp/ccNU6kGi.s:383    .rodata.GPS_Process.str1.4:0000000000000000 $d

UNDEFINED SYMBOLS
__aeabi_f2d
__aeabi_ddiv
__aeabi_dadd
fmod
HAL_UART_Receive_IT
huart1
HAL_GetTick
strstr
memset
sscanf
myprintf
