ARM GAS  /tmp/ccIPC3Ae.s 			page 1


   1              		.cpu cortex-m4
   2              		.eabi_attribute 27, 1
   3              		.eabi_attribute 28, 1
   4              		.eabi_attribute 20, 1
   5              		.eabi_attribute 21, 1
   6              		.eabi_attribute 23, 3
   7              		.eabi_attribute 24, 1
   8              		.eabi_attribute 25, 1
   9              		.eabi_attribute 26, 1
  10              		.eabi_attribute 30, 1
  11              		.eabi_attribute 34, 1
  12              		.eabi_attribute 18, 4
  13              		.file	"stm32g4xx_hal_pcd_ex.c"
  14              		.text
  15              	.Ltext0:
  16              		.cfi_sections	.debug_frame
  17              		.section	.text.HAL_PCDEx_PMAConfig,"ax",%progbits
  18              		.align	1
  19              		.global	HAL_PCDEx_PMAConfig
  20              		.syntax unified
  21              		.thumb
  22              		.thumb_func
  23              		.fpu fpv4-sp-d16
  25              	HAL_PCDEx_PMAConfig:
  26              	.LFB329:
  27              		.file 1 "Drivers/STM32G4xx_HAL_Driver/Src/stm32g4xx_hal_pcd_ex.c"
   1:Drivers/STM32G4xx_HAL_Driver/Src/stm32g4xx_hal_pcd_ex.c **** /**
   2:Drivers/STM32G4xx_HAL_Driver/Src/stm32g4xx_hal_pcd_ex.c ****   ******************************************************************************
   3:Drivers/STM32G4xx_HAL_Driver/Src/stm32g4xx_hal_pcd_ex.c ****   * @file    stm32g4xx_hal_pcd_ex.c
   4:Drivers/STM32G4xx_HAL_Driver/Src/stm32g4xx_hal_pcd_ex.c ****   * @author  MCD Application Team
   5:Drivers/STM32G4xx_HAL_Driver/Src/stm32g4xx_hal_pcd_ex.c ****   * @brief   PCD Extended HAL module driver.
   6:Drivers/STM32G4xx_HAL_Driver/Src/stm32g4xx_hal_pcd_ex.c ****   *          This file provides firmware functions to manage the following
   7:Drivers/STM32G4xx_HAL_Driver/Src/stm32g4xx_hal_pcd_ex.c ****   *          functionalities of the USB Peripheral Controller:
   8:Drivers/STM32G4xx_HAL_Driver/Src/stm32g4xx_hal_pcd_ex.c ****   *           + Extended features functions
   9:Drivers/STM32G4xx_HAL_Driver/Src/stm32g4xx_hal_pcd_ex.c ****   *
  10:Drivers/STM32G4xx_HAL_Driver/Src/stm32g4xx_hal_pcd_ex.c ****   ******************************************************************************
  11:Drivers/STM32G4xx_HAL_Driver/Src/stm32g4xx_hal_pcd_ex.c ****   * @attention
  12:Drivers/STM32G4xx_HAL_Driver/Src/stm32g4xx_hal_pcd_ex.c ****   *
  13:Drivers/STM32G4xx_HAL_Driver/Src/stm32g4xx_hal_pcd_ex.c ****   * <h2><center>&copy; Copyright (c) 2019 STMicroelectronics.
  14:Drivers/STM32G4xx_HAL_Driver/Src/stm32g4xx_hal_pcd_ex.c ****   * All rights reserved.</center></h2>
  15:Drivers/STM32G4xx_HAL_Driver/Src/stm32g4xx_hal_pcd_ex.c ****   *
  16:Drivers/STM32G4xx_HAL_Driver/Src/stm32g4xx_hal_pcd_ex.c ****   * This software component is licensed by ST under BSD 3-Clause license,
  17:Drivers/STM32G4xx_HAL_Driver/Src/stm32g4xx_hal_pcd_ex.c ****   * the "License"; You may not use this file except in compliance with the
  18:Drivers/STM32G4xx_HAL_Driver/Src/stm32g4xx_hal_pcd_ex.c ****   * License. You may obtain a copy of the License at:
  19:Drivers/STM32G4xx_HAL_Driver/Src/stm32g4xx_hal_pcd_ex.c ****   *                        opensource.org/licenses/BSD-3-Clause
  20:Drivers/STM32G4xx_HAL_Driver/Src/stm32g4xx_hal_pcd_ex.c ****   *
  21:Drivers/STM32G4xx_HAL_Driver/Src/stm32g4xx_hal_pcd_ex.c ****   ******************************************************************************
  22:Drivers/STM32G4xx_HAL_Driver/Src/stm32g4xx_hal_pcd_ex.c ****   */
  23:Drivers/STM32G4xx_HAL_Driver/Src/stm32g4xx_hal_pcd_ex.c **** 
  24:Drivers/STM32G4xx_HAL_Driver/Src/stm32g4xx_hal_pcd_ex.c **** /* Includes ------------------------------------------------------------------*/
  25:Drivers/STM32G4xx_HAL_Driver/Src/stm32g4xx_hal_pcd_ex.c **** #include "stm32g4xx_hal.h"
  26:Drivers/STM32G4xx_HAL_Driver/Src/stm32g4xx_hal_pcd_ex.c **** 
  27:Drivers/STM32G4xx_HAL_Driver/Src/stm32g4xx_hal_pcd_ex.c **** /** @addtogroup STM32G4xx_HAL_Driver
  28:Drivers/STM32G4xx_HAL_Driver/Src/stm32g4xx_hal_pcd_ex.c ****   * @{
  29:Drivers/STM32G4xx_HAL_Driver/Src/stm32g4xx_hal_pcd_ex.c ****   */
  30:Drivers/STM32G4xx_HAL_Driver/Src/stm32g4xx_hal_pcd_ex.c **** 
  31:Drivers/STM32G4xx_HAL_Driver/Src/stm32g4xx_hal_pcd_ex.c **** /** @defgroup PCDEx PCDEx
ARM GAS  /tmp/ccIPC3Ae.s 			page 2


  32:Drivers/STM32G4xx_HAL_Driver/Src/stm32g4xx_hal_pcd_ex.c ****   * @brief PCD Extended HAL module driver
  33:Drivers/STM32G4xx_HAL_Driver/Src/stm32g4xx_hal_pcd_ex.c ****   * @{
  34:Drivers/STM32G4xx_HAL_Driver/Src/stm32g4xx_hal_pcd_ex.c ****   */
  35:Drivers/STM32G4xx_HAL_Driver/Src/stm32g4xx_hal_pcd_ex.c **** 
  36:Drivers/STM32G4xx_HAL_Driver/Src/stm32g4xx_hal_pcd_ex.c **** #ifdef HAL_PCD_MODULE_ENABLED
  37:Drivers/STM32G4xx_HAL_Driver/Src/stm32g4xx_hal_pcd_ex.c **** 
  38:Drivers/STM32G4xx_HAL_Driver/Src/stm32g4xx_hal_pcd_ex.c **** #if defined (USB)
  39:Drivers/STM32G4xx_HAL_Driver/Src/stm32g4xx_hal_pcd_ex.c **** /* Private types -------------------------------------------------------------*/
  40:Drivers/STM32G4xx_HAL_Driver/Src/stm32g4xx_hal_pcd_ex.c **** /* Private variables ---------------------------------------------------------*/
  41:Drivers/STM32G4xx_HAL_Driver/Src/stm32g4xx_hal_pcd_ex.c **** /* Private constants ---------------------------------------------------------*/
  42:Drivers/STM32G4xx_HAL_Driver/Src/stm32g4xx_hal_pcd_ex.c **** /* Private macros ------------------------------------------------------------*/
  43:Drivers/STM32G4xx_HAL_Driver/Src/stm32g4xx_hal_pcd_ex.c **** /* Private functions ---------------------------------------------------------*/
  44:Drivers/STM32G4xx_HAL_Driver/Src/stm32g4xx_hal_pcd_ex.c **** /* Exported functions --------------------------------------------------------*/
  45:Drivers/STM32G4xx_HAL_Driver/Src/stm32g4xx_hal_pcd_ex.c **** 
  46:Drivers/STM32G4xx_HAL_Driver/Src/stm32g4xx_hal_pcd_ex.c **** /** @defgroup PCDEx_Exported_Functions PCDEx Exported Functions
  47:Drivers/STM32G4xx_HAL_Driver/Src/stm32g4xx_hal_pcd_ex.c ****   * @{
  48:Drivers/STM32G4xx_HAL_Driver/Src/stm32g4xx_hal_pcd_ex.c ****   */
  49:Drivers/STM32G4xx_HAL_Driver/Src/stm32g4xx_hal_pcd_ex.c **** 
  50:Drivers/STM32G4xx_HAL_Driver/Src/stm32g4xx_hal_pcd_ex.c **** /** @defgroup PCDEx_Exported_Functions_Group1 Peripheral Control functions
  51:Drivers/STM32G4xx_HAL_Driver/Src/stm32g4xx_hal_pcd_ex.c ****   * @brief    PCDEx control functions
  52:Drivers/STM32G4xx_HAL_Driver/Src/stm32g4xx_hal_pcd_ex.c ****   *
  53:Drivers/STM32G4xx_HAL_Driver/Src/stm32g4xx_hal_pcd_ex.c **** @verbatim
  54:Drivers/STM32G4xx_HAL_Driver/Src/stm32g4xx_hal_pcd_ex.c ****  ===============================================================================
  55:Drivers/STM32G4xx_HAL_Driver/Src/stm32g4xx_hal_pcd_ex.c ****                  ##### Extended features functions #####
  56:Drivers/STM32G4xx_HAL_Driver/Src/stm32g4xx_hal_pcd_ex.c ****  ===============================================================================
  57:Drivers/STM32G4xx_HAL_Driver/Src/stm32g4xx_hal_pcd_ex.c ****     [..]  This section provides functions allowing to:
  58:Drivers/STM32G4xx_HAL_Driver/Src/stm32g4xx_hal_pcd_ex.c ****       (+) Update FIFO configuration
  59:Drivers/STM32G4xx_HAL_Driver/Src/stm32g4xx_hal_pcd_ex.c **** 
  60:Drivers/STM32G4xx_HAL_Driver/Src/stm32g4xx_hal_pcd_ex.c **** @endverbatim
  61:Drivers/STM32G4xx_HAL_Driver/Src/stm32g4xx_hal_pcd_ex.c ****   * @{
  62:Drivers/STM32G4xx_HAL_Driver/Src/stm32g4xx_hal_pcd_ex.c ****   */
  63:Drivers/STM32G4xx_HAL_Driver/Src/stm32g4xx_hal_pcd_ex.c **** 
  64:Drivers/STM32G4xx_HAL_Driver/Src/stm32g4xx_hal_pcd_ex.c **** /**
  65:Drivers/STM32G4xx_HAL_Driver/Src/stm32g4xx_hal_pcd_ex.c ****   * @brief  Configure PMA for EP
  66:Drivers/STM32G4xx_HAL_Driver/Src/stm32g4xx_hal_pcd_ex.c ****   * @param  hpcd  Device instance
  67:Drivers/STM32G4xx_HAL_Driver/Src/stm32g4xx_hal_pcd_ex.c ****   * @param  ep_addr endpoint address
  68:Drivers/STM32G4xx_HAL_Driver/Src/stm32g4xx_hal_pcd_ex.c ****   * @param  ep_kind endpoint Kind
  69:Drivers/STM32G4xx_HAL_Driver/Src/stm32g4xx_hal_pcd_ex.c ****   *                  USB_SNG_BUF: Single Buffer used
  70:Drivers/STM32G4xx_HAL_Driver/Src/stm32g4xx_hal_pcd_ex.c ****   *                  USB_DBL_BUF: Double Buffer used
  71:Drivers/STM32G4xx_HAL_Driver/Src/stm32g4xx_hal_pcd_ex.c ****   * @param  pmaadress: EP address in The PMA: In case of single buffer endpoint
  72:Drivers/STM32G4xx_HAL_Driver/Src/stm32g4xx_hal_pcd_ex.c ****   *                   this parameter is 16-bit value providing the address
  73:Drivers/STM32G4xx_HAL_Driver/Src/stm32g4xx_hal_pcd_ex.c ****   *                   in PMA allocated to endpoint.
  74:Drivers/STM32G4xx_HAL_Driver/Src/stm32g4xx_hal_pcd_ex.c ****   *                   In case of double buffer endpoint this parameter
  75:Drivers/STM32G4xx_HAL_Driver/Src/stm32g4xx_hal_pcd_ex.c ****   *                   is a 32-bit value providing the endpoint buffer 0 address
  76:Drivers/STM32G4xx_HAL_Driver/Src/stm32g4xx_hal_pcd_ex.c ****   *                   in the LSB part of 32-bit value and endpoint buffer 1 address
  77:Drivers/STM32G4xx_HAL_Driver/Src/stm32g4xx_hal_pcd_ex.c ****   *                   in the MSB part of 32-bit value.
  78:Drivers/STM32G4xx_HAL_Driver/Src/stm32g4xx_hal_pcd_ex.c ****   * @retval HAL status
  79:Drivers/STM32G4xx_HAL_Driver/Src/stm32g4xx_hal_pcd_ex.c ****   */
  80:Drivers/STM32G4xx_HAL_Driver/Src/stm32g4xx_hal_pcd_ex.c **** 
  81:Drivers/STM32G4xx_HAL_Driver/Src/stm32g4xx_hal_pcd_ex.c **** HAL_StatusTypeDef  HAL_PCDEx_PMAConfig(PCD_HandleTypeDef *hpcd, uint16_t ep_addr,
  82:Drivers/STM32G4xx_HAL_Driver/Src/stm32g4xx_hal_pcd_ex.c ****                                        uint16_t ep_kind, uint32_t pmaadress)
  83:Drivers/STM32G4xx_HAL_Driver/Src/stm32g4xx_hal_pcd_ex.c **** {
  28              		.loc 1 83 0
  29              		.cfi_startproc
  30              		@ args = 0, pretend = 0, frame = 0
  31              		@ frame_needed = 0, uses_anonymous_args = 0
  32              		@ link register save eliminated.
ARM GAS  /tmp/ccIPC3Ae.s 			page 3


  33              	.LVL0:
  34 0000 10B4     		push	{r4}
  35              	.LCFI0:
  36              		.cfi_def_cfa_offset 4
  37              		.cfi_offset 4, -4
  84:Drivers/STM32G4xx_HAL_Driver/Src/stm32g4xx_hal_pcd_ex.c ****   PCD_EPTypeDef *ep;
  85:Drivers/STM32G4xx_HAL_Driver/Src/stm32g4xx_hal_pcd_ex.c **** 
  86:Drivers/STM32G4xx_HAL_Driver/Src/stm32g4xx_hal_pcd_ex.c ****   /* initialize ep structure*/
  87:Drivers/STM32G4xx_HAL_Driver/Src/stm32g4xx_hal_pcd_ex.c ****   if ((0x80U & ep_addr) == 0x80U)
  38              		.loc 1 87 0
  39 0002 11F0800F 		tst	r1, #128
  40 0006 10D0     		beq	.L2
  88:Drivers/STM32G4xx_HAL_Driver/Src/stm32g4xx_hal_pcd_ex.c ****   {
  89:Drivers/STM32G4xx_HAL_Driver/Src/stm32g4xx_hal_pcd_ex.c ****     ep = &hpcd->IN_ep[ep_addr & EP_ADDR_MSK];
  41              		.loc 1 89 0
  42 0008 01F00701 		and	r1, r1, #7
  43              	.LVL1:
  44 000c 0131     		adds	r1, r1, #1
  45 000e 01EB8101 		add	r1, r1, r1, lsl #2
  46 0012 CC00     		lsls	r4, r1, #3
  47 0014 2044     		add	r0, r0, r4
  48              	.LVL2:
  49              	.L3:
  90:Drivers/STM32G4xx_HAL_Driver/Src/stm32g4xx_hal_pcd_ex.c ****   }
  91:Drivers/STM32G4xx_HAL_Driver/Src/stm32g4xx_hal_pcd_ex.c ****   else
  92:Drivers/STM32G4xx_HAL_Driver/Src/stm32g4xx_hal_pcd_ex.c ****   {
  93:Drivers/STM32G4xx_HAL_Driver/Src/stm32g4xx_hal_pcd_ex.c ****     ep = &hpcd->OUT_ep[ep_addr];
  94:Drivers/STM32G4xx_HAL_Driver/Src/stm32g4xx_hal_pcd_ex.c ****   }
  95:Drivers/STM32G4xx_HAL_Driver/Src/stm32g4xx_hal_pcd_ex.c **** 
  96:Drivers/STM32G4xx_HAL_Driver/Src/stm32g4xx_hal_pcd_ex.c ****   /* Here we check if the endpoint is single or double Buffer*/
  97:Drivers/STM32G4xx_HAL_Driver/Src/stm32g4xx_hal_pcd_ex.c ****   if (ep_kind == PCD_SNG_BUF)
  50              		.loc 1 97 0
  51 0016 7AB1     		cbz	r2, .L7
  98:Drivers/STM32G4xx_HAL_Driver/Src/stm32g4xx_hal_pcd_ex.c ****   {
  99:Drivers/STM32G4xx_HAL_Driver/Src/stm32g4xx_hal_pcd_ex.c ****     /* Single Buffer */
 100:Drivers/STM32G4xx_HAL_Driver/Src/stm32g4xx_hal_pcd_ex.c ****     ep->doublebuffer = 0U;
 101:Drivers/STM32G4xx_HAL_Driver/Src/stm32g4xx_hal_pcd_ex.c ****     /* Configure the PMA */
 102:Drivers/STM32G4xx_HAL_Driver/Src/stm32g4xx_hal_pcd_ex.c ****     ep->pmaadress = (uint16_t)pmaadress;
 103:Drivers/STM32G4xx_HAL_Driver/Src/stm32g4xx_hal_pcd_ex.c ****   }
 104:Drivers/STM32G4xx_HAL_Driver/Src/stm32g4xx_hal_pcd_ex.c ****   else /* USB_DBL_BUF */
 105:Drivers/STM32G4xx_HAL_Driver/Src/stm32g4xx_hal_pcd_ex.c ****   {
 106:Drivers/STM32G4xx_HAL_Driver/Src/stm32g4xx_hal_pcd_ex.c ****     /* Double Buffer Endpoint */
 107:Drivers/STM32G4xx_HAL_Driver/Src/stm32g4xx_hal_pcd_ex.c ****     ep->doublebuffer = 1U;
  52              		.loc 1 107 0
  53 0018 0122     		movs	r2, #1
  54              	.LVL3:
  55 001a 0273     		strb	r2, [r0, #12]
 108:Drivers/STM32G4xx_HAL_Driver/Src/stm32g4xx_hal_pcd_ex.c ****     /* Configure the PMA */
 109:Drivers/STM32G4xx_HAL_Driver/Src/stm32g4xx_hal_pcd_ex.c ****     ep->pmaaddr0 = (uint16_t)(pmaadress & 0xFFFFU);
  56              		.loc 1 109 0
  57 001c 0381     		strh	r3, [r0, #8]	@ movhi
 110:Drivers/STM32G4xx_HAL_Driver/Src/stm32g4xx_hal_pcd_ex.c ****     ep->pmaaddr1 = (uint16_t)((pmaadress & 0xFFFF0000U) >> 16);
  58              		.loc 1 110 0
  59 001e 1B0C     		lsrs	r3, r3, #16
  60              	.LVL4:
  61 0020 4381     		strh	r3, [r0, #10]	@ movhi
  62              	.L5:
ARM GAS  /tmp/ccIPC3Ae.s 			page 4


 111:Drivers/STM32G4xx_HAL_Driver/Src/stm32g4xx_hal_pcd_ex.c ****   }
 112:Drivers/STM32G4xx_HAL_Driver/Src/stm32g4xx_hal_pcd_ex.c **** 
 113:Drivers/STM32G4xx_HAL_Driver/Src/stm32g4xx_hal_pcd_ex.c ****   return HAL_OK;
 114:Drivers/STM32G4xx_HAL_Driver/Src/stm32g4xx_hal_pcd_ex.c **** }
  63              		.loc 1 114 0
  64 0022 0020     		movs	r0, #0
  65              	.LVL5:
  66 0024 5DF8044B 		ldr	r4, [sp], #4
  67              	.LCFI1:
  68              		.cfi_remember_state
  69              		.cfi_restore 4
  70              		.cfi_def_cfa_offset 0
  71 0028 7047     		bx	lr
  72              	.LVL6:
  73              	.L2:
  74              	.LCFI2:
  75              		.cfi_restore_state
  93:Drivers/STM32G4xx_HAL_Driver/Src/stm32g4xx_hal_pcd_ex.c ****   }
  76              		.loc 1 93 0
  77 002a 01EB8101 		add	r1, r1, r1, lsl #2
  78              	.LVL7:
  79 002e CC00     		lsls	r4, r1, #3
  80 0030 04F5B474 		add	r4, r4, #360
  81 0034 2044     		add	r0, r0, r4
  82              	.LVL8:
  83 0036 EEE7     		b	.L3
  84              	.L7:
 100:Drivers/STM32G4xx_HAL_Driver/Src/stm32g4xx_hal_pcd_ex.c ****     /* Configure the PMA */
  85              		.loc 1 100 0
  86 0038 0273     		strb	r2, [r0, #12]
 102:Drivers/STM32G4xx_HAL_Driver/Src/stm32g4xx_hal_pcd_ex.c ****   }
  87              		.loc 1 102 0
  88 003a C380     		strh	r3, [r0, #6]	@ movhi
  89 003c F1E7     		b	.L5
  90              		.cfi_endproc
  91              	.LFE329:
  93              		.section	.text.HAL_PCDEx_ActivateBCD,"ax",%progbits
  94              		.align	1
  95              		.global	HAL_PCDEx_ActivateBCD
  96              		.syntax unified
  97              		.thumb
  98              		.thumb_func
  99              		.fpu fpv4-sp-d16
 101              	HAL_PCDEx_ActivateBCD:
 102              	.LFB330:
 115:Drivers/STM32G4xx_HAL_Driver/Src/stm32g4xx_hal_pcd_ex.c **** 
 116:Drivers/STM32G4xx_HAL_Driver/Src/stm32g4xx_hal_pcd_ex.c **** /**
 117:Drivers/STM32G4xx_HAL_Driver/Src/stm32g4xx_hal_pcd_ex.c ****   * @brief  Activate BatteryCharging feature.
 118:Drivers/STM32G4xx_HAL_Driver/Src/stm32g4xx_hal_pcd_ex.c ****   * @param  hpcd PCD handle
 119:Drivers/STM32G4xx_HAL_Driver/Src/stm32g4xx_hal_pcd_ex.c ****   * @retval HAL status
 120:Drivers/STM32G4xx_HAL_Driver/Src/stm32g4xx_hal_pcd_ex.c ****   */
 121:Drivers/STM32G4xx_HAL_Driver/Src/stm32g4xx_hal_pcd_ex.c **** HAL_StatusTypeDef HAL_PCDEx_ActivateBCD(PCD_HandleTypeDef *hpcd)
 122:Drivers/STM32G4xx_HAL_Driver/Src/stm32g4xx_hal_pcd_ex.c **** {
 103              		.loc 1 122 0
 104              		.cfi_startproc
 105              		@ args = 0, pretend = 0, frame = 0
 106              		@ frame_needed = 0, uses_anonymous_args = 0
ARM GAS  /tmp/ccIPC3Ae.s 			page 5


 107              		@ link register save eliminated.
 108              	.LVL9:
 123:Drivers/STM32G4xx_HAL_Driver/Src/stm32g4xx_hal_pcd_ex.c ****   USB_TypeDef *USBx = hpcd->Instance;
 109              		.loc 1 123 0
 110 0000 0368     		ldr	r3, [r0]
 111              	.LVL10:
 124:Drivers/STM32G4xx_HAL_Driver/Src/stm32g4xx_hal_pcd_ex.c ****   hpcd->battery_charging_active = 1U;
 112              		.loc 1 124 0
 113 0002 0122     		movs	r2, #1
 114 0004 C0F8EC22 		str	r2, [r0, #748]
 125:Drivers/STM32G4xx_HAL_Driver/Src/stm32g4xx_hal_pcd_ex.c **** 
 126:Drivers/STM32G4xx_HAL_Driver/Src/stm32g4xx_hal_pcd_ex.c ****   /* Enable BCD feature */
 127:Drivers/STM32G4xx_HAL_Driver/Src/stm32g4xx_hal_pcd_ex.c ****   USBx->BCDR |= USB_BCDR_BCDEN;
 115              		.loc 1 127 0
 116 0008 B3F85820 		ldrh	r2, [r3, #88]
 117 000c 42F00102 		orr	r2, r2, #1
 118 0010 A3F85820 		strh	r2, [r3, #88]	@ movhi
 128:Drivers/STM32G4xx_HAL_Driver/Src/stm32g4xx_hal_pcd_ex.c **** 
 129:Drivers/STM32G4xx_HAL_Driver/Src/stm32g4xx_hal_pcd_ex.c ****   /* Enable DCD : Data Contact Detect */
 130:Drivers/STM32G4xx_HAL_Driver/Src/stm32g4xx_hal_pcd_ex.c ****   USBx->BCDR &= ~(USB_BCDR_PDEN);
 119              		.loc 1 130 0
 120 0014 B3F85820 		ldrh	r2, [r3, #88]
 121 0018 92B2     		uxth	r2, r2
 122 001a 22F00402 		bic	r2, r2, #4
 123 001e 92B2     		uxth	r2, r2
 124 0020 A3F85820 		strh	r2, [r3, #88]	@ movhi
 131:Drivers/STM32G4xx_HAL_Driver/Src/stm32g4xx_hal_pcd_ex.c ****   USBx->BCDR &= ~(USB_BCDR_SDEN);
 125              		.loc 1 131 0
 126 0024 B3F85820 		ldrh	r2, [r3, #88]
 127 0028 92B2     		uxth	r2, r2
 128 002a 22F00802 		bic	r2, r2, #8
 129 002e 92B2     		uxth	r2, r2
 130 0030 A3F85820 		strh	r2, [r3, #88]	@ movhi
 132:Drivers/STM32G4xx_HAL_Driver/Src/stm32g4xx_hal_pcd_ex.c ****   USBx->BCDR |= USB_BCDR_DCDEN;
 131              		.loc 1 132 0
 132 0034 B3F85820 		ldrh	r2, [r3, #88]
 133 0038 42F00202 		orr	r2, r2, #2
 134 003c A3F85820 		strh	r2, [r3, #88]	@ movhi
 133:Drivers/STM32G4xx_HAL_Driver/Src/stm32g4xx_hal_pcd_ex.c **** 
 134:Drivers/STM32G4xx_HAL_Driver/Src/stm32g4xx_hal_pcd_ex.c ****   return HAL_OK;
 135:Drivers/STM32G4xx_HAL_Driver/Src/stm32g4xx_hal_pcd_ex.c **** }
 135              		.loc 1 135 0
 136 0040 0020     		movs	r0, #0
 137              	.LVL11:
 138 0042 7047     		bx	lr
 139              		.cfi_endproc
 140              	.LFE330:
 142              		.section	.text.HAL_PCDEx_DeActivateBCD,"ax",%progbits
 143              		.align	1
 144              		.global	HAL_PCDEx_DeActivateBCD
 145              		.syntax unified
 146              		.thumb
 147              		.thumb_func
 148              		.fpu fpv4-sp-d16
 150              	HAL_PCDEx_DeActivateBCD:
 151              	.LFB331:
 136:Drivers/STM32G4xx_HAL_Driver/Src/stm32g4xx_hal_pcd_ex.c **** 
ARM GAS  /tmp/ccIPC3Ae.s 			page 6


 137:Drivers/STM32G4xx_HAL_Driver/Src/stm32g4xx_hal_pcd_ex.c **** /**
 138:Drivers/STM32G4xx_HAL_Driver/Src/stm32g4xx_hal_pcd_ex.c ****   * @brief  Deactivate BatteryCharging feature.
 139:Drivers/STM32G4xx_HAL_Driver/Src/stm32g4xx_hal_pcd_ex.c ****   * @param  hpcd PCD handle
 140:Drivers/STM32G4xx_HAL_Driver/Src/stm32g4xx_hal_pcd_ex.c ****   * @retval HAL status
 141:Drivers/STM32G4xx_HAL_Driver/Src/stm32g4xx_hal_pcd_ex.c ****   */
 142:Drivers/STM32G4xx_HAL_Driver/Src/stm32g4xx_hal_pcd_ex.c **** HAL_StatusTypeDef HAL_PCDEx_DeActivateBCD(PCD_HandleTypeDef *hpcd)
 143:Drivers/STM32G4xx_HAL_Driver/Src/stm32g4xx_hal_pcd_ex.c **** {
 152              		.loc 1 143 0
 153              		.cfi_startproc
 154              		@ args = 0, pretend = 0, frame = 0
 155              		@ frame_needed = 0, uses_anonymous_args = 0
 156              		@ link register save eliminated.
 157              	.LVL12:
 144:Drivers/STM32G4xx_HAL_Driver/Src/stm32g4xx_hal_pcd_ex.c ****   USB_TypeDef *USBx = hpcd->Instance;
 158              		.loc 1 144 0
 159 0000 0168     		ldr	r1, [r0]
 160              	.LVL13:
 145:Drivers/STM32G4xx_HAL_Driver/Src/stm32g4xx_hal_pcd_ex.c ****   hpcd->battery_charging_active = 0U;
 161              		.loc 1 145 0
 162 0002 0022     		movs	r2, #0
 163 0004 C0F8EC22 		str	r2, [r0, #748]
 146:Drivers/STM32G4xx_HAL_Driver/Src/stm32g4xx_hal_pcd_ex.c **** 
 147:Drivers/STM32G4xx_HAL_Driver/Src/stm32g4xx_hal_pcd_ex.c ****   /* Disable BCD feature */
 148:Drivers/STM32G4xx_HAL_Driver/Src/stm32g4xx_hal_pcd_ex.c ****   USBx->BCDR &= ~(USB_BCDR_BCDEN);
 164              		.loc 1 148 0
 165 0008 B1F85830 		ldrh	r3, [r1, #88]
 166 000c 9BB2     		uxth	r3, r3
 167 000e 23F00103 		bic	r3, r3, #1
 168 0012 9BB2     		uxth	r3, r3
 169 0014 A1F85830 		strh	r3, [r1, #88]	@ movhi
 149:Drivers/STM32G4xx_HAL_Driver/Src/stm32g4xx_hal_pcd_ex.c **** 
 150:Drivers/STM32G4xx_HAL_Driver/Src/stm32g4xx_hal_pcd_ex.c ****   return HAL_OK;
 151:Drivers/STM32G4xx_HAL_Driver/Src/stm32g4xx_hal_pcd_ex.c **** }
 170              		.loc 1 151 0
 171 0018 1046     		mov	r0, r2
 172              	.LVL14:
 173 001a 7047     		bx	lr
 174              		.cfi_endproc
 175              	.LFE331:
 177              		.section	.text.HAL_PCDEx_ActivateLPM,"ax",%progbits
 178              		.align	1
 179              		.global	HAL_PCDEx_ActivateLPM
 180              		.syntax unified
 181              		.thumb
 182              		.thumb_func
 183              		.fpu fpv4-sp-d16
 185              	HAL_PCDEx_ActivateLPM:
 186              	.LFB333:
 152:Drivers/STM32G4xx_HAL_Driver/Src/stm32g4xx_hal_pcd_ex.c **** 
 153:Drivers/STM32G4xx_HAL_Driver/Src/stm32g4xx_hal_pcd_ex.c **** /**
 154:Drivers/STM32G4xx_HAL_Driver/Src/stm32g4xx_hal_pcd_ex.c ****   * @brief  Handle BatteryCharging Process.
 155:Drivers/STM32G4xx_HAL_Driver/Src/stm32g4xx_hal_pcd_ex.c ****   * @param  hpcd PCD handle
 156:Drivers/STM32G4xx_HAL_Driver/Src/stm32g4xx_hal_pcd_ex.c ****   * @retval HAL status
 157:Drivers/STM32G4xx_HAL_Driver/Src/stm32g4xx_hal_pcd_ex.c ****   */
 158:Drivers/STM32G4xx_HAL_Driver/Src/stm32g4xx_hal_pcd_ex.c **** void HAL_PCDEx_BCD_VBUSDetect(PCD_HandleTypeDef *hpcd)
 159:Drivers/STM32G4xx_HAL_Driver/Src/stm32g4xx_hal_pcd_ex.c **** {
 160:Drivers/STM32G4xx_HAL_Driver/Src/stm32g4xx_hal_pcd_ex.c ****   USB_TypeDef *USBx = hpcd->Instance;
ARM GAS  /tmp/ccIPC3Ae.s 			page 7


 161:Drivers/STM32G4xx_HAL_Driver/Src/stm32g4xx_hal_pcd_ex.c ****   uint32_t tickstart = HAL_GetTick();
 162:Drivers/STM32G4xx_HAL_Driver/Src/stm32g4xx_hal_pcd_ex.c **** 
 163:Drivers/STM32G4xx_HAL_Driver/Src/stm32g4xx_hal_pcd_ex.c ****   /* Wait Detect flag or a timeout is happen*/
 164:Drivers/STM32G4xx_HAL_Driver/Src/stm32g4xx_hal_pcd_ex.c ****   while ((USBx->BCDR & USB_BCDR_DCDET) == 0U)
 165:Drivers/STM32G4xx_HAL_Driver/Src/stm32g4xx_hal_pcd_ex.c ****   {
 166:Drivers/STM32G4xx_HAL_Driver/Src/stm32g4xx_hal_pcd_ex.c ****     /* Check for the Timeout */
 167:Drivers/STM32G4xx_HAL_Driver/Src/stm32g4xx_hal_pcd_ex.c ****     if ((HAL_GetTick() - tickstart) > 1000U)
 168:Drivers/STM32G4xx_HAL_Driver/Src/stm32g4xx_hal_pcd_ex.c ****     {
 169:Drivers/STM32G4xx_HAL_Driver/Src/stm32g4xx_hal_pcd_ex.c **** #if (USE_HAL_PCD_REGISTER_CALLBACKS == 1U)
 170:Drivers/STM32G4xx_HAL_Driver/Src/stm32g4xx_hal_pcd_ex.c ****       hpcd->BCDCallback(hpcd, PCD_BCD_ERROR);
 171:Drivers/STM32G4xx_HAL_Driver/Src/stm32g4xx_hal_pcd_ex.c **** #else
 172:Drivers/STM32G4xx_HAL_Driver/Src/stm32g4xx_hal_pcd_ex.c ****       HAL_PCDEx_BCD_Callback(hpcd, PCD_BCD_ERROR);
 173:Drivers/STM32G4xx_HAL_Driver/Src/stm32g4xx_hal_pcd_ex.c **** #endif /* USE_HAL_PCD_REGISTER_CALLBACKS */
 174:Drivers/STM32G4xx_HAL_Driver/Src/stm32g4xx_hal_pcd_ex.c **** 
 175:Drivers/STM32G4xx_HAL_Driver/Src/stm32g4xx_hal_pcd_ex.c ****       return;
 176:Drivers/STM32G4xx_HAL_Driver/Src/stm32g4xx_hal_pcd_ex.c ****     }
 177:Drivers/STM32G4xx_HAL_Driver/Src/stm32g4xx_hal_pcd_ex.c ****   }
 178:Drivers/STM32G4xx_HAL_Driver/Src/stm32g4xx_hal_pcd_ex.c **** 
 179:Drivers/STM32G4xx_HAL_Driver/Src/stm32g4xx_hal_pcd_ex.c ****   HAL_Delay(200U);
 180:Drivers/STM32G4xx_HAL_Driver/Src/stm32g4xx_hal_pcd_ex.c **** 
 181:Drivers/STM32G4xx_HAL_Driver/Src/stm32g4xx_hal_pcd_ex.c ****   /* Data Pin Contact ? Check Detect flag */
 182:Drivers/STM32G4xx_HAL_Driver/Src/stm32g4xx_hal_pcd_ex.c ****   if ((USBx->BCDR & USB_BCDR_DCDET) == USB_BCDR_DCDET)
 183:Drivers/STM32G4xx_HAL_Driver/Src/stm32g4xx_hal_pcd_ex.c ****   {
 184:Drivers/STM32G4xx_HAL_Driver/Src/stm32g4xx_hal_pcd_ex.c **** #if (USE_HAL_PCD_REGISTER_CALLBACKS == 1U)
 185:Drivers/STM32G4xx_HAL_Driver/Src/stm32g4xx_hal_pcd_ex.c ****     hpcd->BCDCallback(hpcd, PCD_BCD_CONTACT_DETECTION);
 186:Drivers/STM32G4xx_HAL_Driver/Src/stm32g4xx_hal_pcd_ex.c **** #else
 187:Drivers/STM32G4xx_HAL_Driver/Src/stm32g4xx_hal_pcd_ex.c ****     HAL_PCDEx_BCD_Callback(hpcd, PCD_BCD_CONTACT_DETECTION);
 188:Drivers/STM32G4xx_HAL_Driver/Src/stm32g4xx_hal_pcd_ex.c **** #endif /* USE_HAL_PCD_REGISTER_CALLBACKS */
 189:Drivers/STM32G4xx_HAL_Driver/Src/stm32g4xx_hal_pcd_ex.c ****   }
 190:Drivers/STM32G4xx_HAL_Driver/Src/stm32g4xx_hal_pcd_ex.c ****   /* Primary detection: checks if connected to Standard Downstream Port
 191:Drivers/STM32G4xx_HAL_Driver/Src/stm32g4xx_hal_pcd_ex.c ****   (without charging capability) */
 192:Drivers/STM32G4xx_HAL_Driver/Src/stm32g4xx_hal_pcd_ex.c ****   USBx->BCDR &= ~(USB_BCDR_DCDEN);
 193:Drivers/STM32G4xx_HAL_Driver/Src/stm32g4xx_hal_pcd_ex.c ****   HAL_Delay(50U);
 194:Drivers/STM32G4xx_HAL_Driver/Src/stm32g4xx_hal_pcd_ex.c ****   USBx->BCDR |= (USB_BCDR_PDEN);
 195:Drivers/STM32G4xx_HAL_Driver/Src/stm32g4xx_hal_pcd_ex.c ****   HAL_Delay(50U);
 196:Drivers/STM32G4xx_HAL_Driver/Src/stm32g4xx_hal_pcd_ex.c **** 
 197:Drivers/STM32G4xx_HAL_Driver/Src/stm32g4xx_hal_pcd_ex.c ****   /* If Charger detect ? */
 198:Drivers/STM32G4xx_HAL_Driver/Src/stm32g4xx_hal_pcd_ex.c ****   if ((USBx->BCDR & USB_BCDR_PDET) == USB_BCDR_PDET)
 199:Drivers/STM32G4xx_HAL_Driver/Src/stm32g4xx_hal_pcd_ex.c ****   {
 200:Drivers/STM32G4xx_HAL_Driver/Src/stm32g4xx_hal_pcd_ex.c ****     /* Start secondary detection to check connection to Charging Downstream
 201:Drivers/STM32G4xx_HAL_Driver/Src/stm32g4xx_hal_pcd_ex.c ****     Port or Dedicated Charging Port */
 202:Drivers/STM32G4xx_HAL_Driver/Src/stm32g4xx_hal_pcd_ex.c ****     USBx->BCDR &= ~(USB_BCDR_PDEN);
 203:Drivers/STM32G4xx_HAL_Driver/Src/stm32g4xx_hal_pcd_ex.c ****     HAL_Delay(50U);
 204:Drivers/STM32G4xx_HAL_Driver/Src/stm32g4xx_hal_pcd_ex.c ****     USBx->BCDR |= (USB_BCDR_SDEN);
 205:Drivers/STM32G4xx_HAL_Driver/Src/stm32g4xx_hal_pcd_ex.c ****     HAL_Delay(50U);
 206:Drivers/STM32G4xx_HAL_Driver/Src/stm32g4xx_hal_pcd_ex.c **** 
 207:Drivers/STM32G4xx_HAL_Driver/Src/stm32g4xx_hal_pcd_ex.c ****     /* If CDP ? */
 208:Drivers/STM32G4xx_HAL_Driver/Src/stm32g4xx_hal_pcd_ex.c ****     if ((USBx->BCDR & USB_BCDR_SDET) == USB_BCDR_SDET)
 209:Drivers/STM32G4xx_HAL_Driver/Src/stm32g4xx_hal_pcd_ex.c ****     {
 210:Drivers/STM32G4xx_HAL_Driver/Src/stm32g4xx_hal_pcd_ex.c ****       /* Dedicated Downstream Port DCP */
 211:Drivers/STM32G4xx_HAL_Driver/Src/stm32g4xx_hal_pcd_ex.c **** #if (USE_HAL_PCD_REGISTER_CALLBACKS == 1U)
 212:Drivers/STM32G4xx_HAL_Driver/Src/stm32g4xx_hal_pcd_ex.c ****       hpcd->BCDCallback(hpcd, PCD_BCD_DEDICATED_CHARGING_PORT);
 213:Drivers/STM32G4xx_HAL_Driver/Src/stm32g4xx_hal_pcd_ex.c **** #else
 214:Drivers/STM32G4xx_HAL_Driver/Src/stm32g4xx_hal_pcd_ex.c ****       HAL_PCDEx_BCD_Callback(hpcd, PCD_BCD_DEDICATED_CHARGING_PORT);
 215:Drivers/STM32G4xx_HAL_Driver/Src/stm32g4xx_hal_pcd_ex.c **** #endif /* USE_HAL_PCD_REGISTER_CALLBACKS */
 216:Drivers/STM32G4xx_HAL_Driver/Src/stm32g4xx_hal_pcd_ex.c ****     }
 217:Drivers/STM32G4xx_HAL_Driver/Src/stm32g4xx_hal_pcd_ex.c ****     else
ARM GAS  /tmp/ccIPC3Ae.s 			page 8


 218:Drivers/STM32G4xx_HAL_Driver/Src/stm32g4xx_hal_pcd_ex.c ****     {
 219:Drivers/STM32G4xx_HAL_Driver/Src/stm32g4xx_hal_pcd_ex.c ****       /* Charging Downstream Port CDP */
 220:Drivers/STM32G4xx_HAL_Driver/Src/stm32g4xx_hal_pcd_ex.c **** #if (USE_HAL_PCD_REGISTER_CALLBACKS == 1U)
 221:Drivers/STM32G4xx_HAL_Driver/Src/stm32g4xx_hal_pcd_ex.c ****       hpcd->BCDCallback(hpcd, PCD_BCD_CHARGING_DOWNSTREAM_PORT);
 222:Drivers/STM32G4xx_HAL_Driver/Src/stm32g4xx_hal_pcd_ex.c **** #else
 223:Drivers/STM32G4xx_HAL_Driver/Src/stm32g4xx_hal_pcd_ex.c ****       HAL_PCDEx_BCD_Callback(hpcd, PCD_BCD_CHARGING_DOWNSTREAM_PORT);
 224:Drivers/STM32G4xx_HAL_Driver/Src/stm32g4xx_hal_pcd_ex.c **** #endif /* USE_HAL_PCD_REGISTER_CALLBACKS */
 225:Drivers/STM32G4xx_HAL_Driver/Src/stm32g4xx_hal_pcd_ex.c ****     }
 226:Drivers/STM32G4xx_HAL_Driver/Src/stm32g4xx_hal_pcd_ex.c ****   }
 227:Drivers/STM32G4xx_HAL_Driver/Src/stm32g4xx_hal_pcd_ex.c ****   else /* NO */
 228:Drivers/STM32G4xx_HAL_Driver/Src/stm32g4xx_hal_pcd_ex.c ****   {
 229:Drivers/STM32G4xx_HAL_Driver/Src/stm32g4xx_hal_pcd_ex.c ****     /* Standard Downstream Port */
 230:Drivers/STM32G4xx_HAL_Driver/Src/stm32g4xx_hal_pcd_ex.c **** #if (USE_HAL_PCD_REGISTER_CALLBACKS == 1U)
 231:Drivers/STM32G4xx_HAL_Driver/Src/stm32g4xx_hal_pcd_ex.c ****     hpcd->BCDCallback(hpcd, PCD_BCD_STD_DOWNSTREAM_PORT);
 232:Drivers/STM32G4xx_HAL_Driver/Src/stm32g4xx_hal_pcd_ex.c **** #else
 233:Drivers/STM32G4xx_HAL_Driver/Src/stm32g4xx_hal_pcd_ex.c ****     HAL_PCDEx_BCD_Callback(hpcd, PCD_BCD_STD_DOWNSTREAM_PORT);
 234:Drivers/STM32G4xx_HAL_Driver/Src/stm32g4xx_hal_pcd_ex.c **** #endif /* USE_HAL_PCD_REGISTER_CALLBACKS */
 235:Drivers/STM32G4xx_HAL_Driver/Src/stm32g4xx_hal_pcd_ex.c ****   }
 236:Drivers/STM32G4xx_HAL_Driver/Src/stm32g4xx_hal_pcd_ex.c **** 
 237:Drivers/STM32G4xx_HAL_Driver/Src/stm32g4xx_hal_pcd_ex.c ****   /* Battery Charging capability discovery finished Start Enumeration */
 238:Drivers/STM32G4xx_HAL_Driver/Src/stm32g4xx_hal_pcd_ex.c ****   (void)HAL_PCDEx_DeActivateBCD(hpcd);
 239:Drivers/STM32G4xx_HAL_Driver/Src/stm32g4xx_hal_pcd_ex.c **** #if (USE_HAL_PCD_REGISTER_CALLBACKS == 1U)
 240:Drivers/STM32G4xx_HAL_Driver/Src/stm32g4xx_hal_pcd_ex.c ****   hpcd->BCDCallback(hpcd, PCD_BCD_DISCOVERY_COMPLETED);
 241:Drivers/STM32G4xx_HAL_Driver/Src/stm32g4xx_hal_pcd_ex.c **** #else
 242:Drivers/STM32G4xx_HAL_Driver/Src/stm32g4xx_hal_pcd_ex.c ****   HAL_PCDEx_BCD_Callback(hpcd, PCD_BCD_DISCOVERY_COMPLETED);
 243:Drivers/STM32G4xx_HAL_Driver/Src/stm32g4xx_hal_pcd_ex.c **** #endif /* USE_HAL_PCD_REGISTER_CALLBACKS */
 244:Drivers/STM32G4xx_HAL_Driver/Src/stm32g4xx_hal_pcd_ex.c **** }
 245:Drivers/STM32G4xx_HAL_Driver/Src/stm32g4xx_hal_pcd_ex.c **** 
 246:Drivers/STM32G4xx_HAL_Driver/Src/stm32g4xx_hal_pcd_ex.c **** 
 247:Drivers/STM32G4xx_HAL_Driver/Src/stm32g4xx_hal_pcd_ex.c **** /**
 248:Drivers/STM32G4xx_HAL_Driver/Src/stm32g4xx_hal_pcd_ex.c ****   * @brief  Activate LPM feature.
 249:Drivers/STM32G4xx_HAL_Driver/Src/stm32g4xx_hal_pcd_ex.c ****   * @param  hpcd PCD handle
 250:Drivers/STM32G4xx_HAL_Driver/Src/stm32g4xx_hal_pcd_ex.c ****   * @retval HAL status
 251:Drivers/STM32G4xx_HAL_Driver/Src/stm32g4xx_hal_pcd_ex.c ****   */
 252:Drivers/STM32G4xx_HAL_Driver/Src/stm32g4xx_hal_pcd_ex.c **** HAL_StatusTypeDef HAL_PCDEx_ActivateLPM(PCD_HandleTypeDef *hpcd)
 253:Drivers/STM32G4xx_HAL_Driver/Src/stm32g4xx_hal_pcd_ex.c **** {
 187              		.loc 1 253 0
 188              		.cfi_startproc
 189              		@ args = 0, pretend = 0, frame = 0
 190              		@ frame_needed = 0, uses_anonymous_args = 0
 191              		@ link register save eliminated.
 192              	.LVL15:
 193 0000 0246     		mov	r2, r0
 254:Drivers/STM32G4xx_HAL_Driver/Src/stm32g4xx_hal_pcd_ex.c **** 
 255:Drivers/STM32G4xx_HAL_Driver/Src/stm32g4xx_hal_pcd_ex.c ****   USB_TypeDef *USBx = hpcd->Instance;
 194              		.loc 1 255 0
 195 0002 0368     		ldr	r3, [r0]
 196              	.LVL16:
 256:Drivers/STM32G4xx_HAL_Driver/Src/stm32g4xx_hal_pcd_ex.c ****   hpcd->lpm_active = 1U;
 197              		.loc 1 256 0
 198 0004 0121     		movs	r1, #1
 199 0006 C0F8E812 		str	r1, [r0, #744]
 257:Drivers/STM32G4xx_HAL_Driver/Src/stm32g4xx_hal_pcd_ex.c ****   hpcd->LPM_State = LPM_L0;
 200              		.loc 1 257 0
 201 000a 0020     		movs	r0, #0
 202              	.LVL17:
 203 000c 82F8E002 		strb	r0, [r2, #736]
ARM GAS  /tmp/ccIPC3Ae.s 			page 9


 258:Drivers/STM32G4xx_HAL_Driver/Src/stm32g4xx_hal_pcd_ex.c **** 
 259:Drivers/STM32G4xx_HAL_Driver/Src/stm32g4xx_hal_pcd_ex.c ****   USBx->LPMCSR |= USB_LPMCSR_LMPEN;
 204              		.loc 1 259 0
 205 0010 B3F85420 		ldrh	r2, [r3, #84]
 206              	.LVL18:
 207 0014 0A43     		orrs	r2, r2, r1
 208 0016 A3F85420 		strh	r2, [r3, #84]	@ movhi
 260:Drivers/STM32G4xx_HAL_Driver/Src/stm32g4xx_hal_pcd_ex.c ****   USBx->LPMCSR |= USB_LPMCSR_LPMACK;
 209              		.loc 1 260 0
 210 001a B3F85420 		ldrh	r2, [r3, #84]
 211 001e 42F00202 		orr	r2, r2, #2
 212 0022 A3F85420 		strh	r2, [r3, #84]	@ movhi
 261:Drivers/STM32G4xx_HAL_Driver/Src/stm32g4xx_hal_pcd_ex.c **** 
 262:Drivers/STM32G4xx_HAL_Driver/Src/stm32g4xx_hal_pcd_ex.c ****   return HAL_OK;
 263:Drivers/STM32G4xx_HAL_Driver/Src/stm32g4xx_hal_pcd_ex.c **** }
 213              		.loc 1 263 0
 214 0026 7047     		bx	lr
 215              		.cfi_endproc
 216              	.LFE333:
 218              		.section	.text.HAL_PCDEx_DeActivateLPM,"ax",%progbits
 219              		.align	1
 220              		.global	HAL_PCDEx_DeActivateLPM
 221              		.syntax unified
 222              		.thumb
 223              		.thumb_func
 224              		.fpu fpv4-sp-d16
 226              	HAL_PCDEx_DeActivateLPM:
 227              	.LFB334:
 264:Drivers/STM32G4xx_HAL_Driver/Src/stm32g4xx_hal_pcd_ex.c **** 
 265:Drivers/STM32G4xx_HAL_Driver/Src/stm32g4xx_hal_pcd_ex.c **** /**
 266:Drivers/STM32G4xx_HAL_Driver/Src/stm32g4xx_hal_pcd_ex.c ****   * @brief  Deactivate LPM feature.
 267:Drivers/STM32G4xx_HAL_Driver/Src/stm32g4xx_hal_pcd_ex.c ****   * @param  hpcd PCD handle
 268:Drivers/STM32G4xx_HAL_Driver/Src/stm32g4xx_hal_pcd_ex.c ****   * @retval HAL status
 269:Drivers/STM32G4xx_HAL_Driver/Src/stm32g4xx_hal_pcd_ex.c ****   */
 270:Drivers/STM32G4xx_HAL_Driver/Src/stm32g4xx_hal_pcd_ex.c **** HAL_StatusTypeDef HAL_PCDEx_DeActivateLPM(PCD_HandleTypeDef *hpcd)
 271:Drivers/STM32G4xx_HAL_Driver/Src/stm32g4xx_hal_pcd_ex.c **** {
 228              		.loc 1 271 0
 229              		.cfi_startproc
 230              		@ args = 0, pretend = 0, frame = 0
 231              		@ frame_needed = 0, uses_anonymous_args = 0
 232              		@ link register save eliminated.
 233              	.LVL19:
 272:Drivers/STM32G4xx_HAL_Driver/Src/stm32g4xx_hal_pcd_ex.c ****   USB_TypeDef *USBx = hpcd->Instance;
 234              		.loc 1 272 0
 235 0000 0268     		ldr	r2, [r0]
 236              	.LVL20:
 273:Drivers/STM32G4xx_HAL_Driver/Src/stm32g4xx_hal_pcd_ex.c **** 
 274:Drivers/STM32G4xx_HAL_Driver/Src/stm32g4xx_hal_pcd_ex.c ****   hpcd->lpm_active = 0U;
 237              		.loc 1 274 0
 238 0002 0021     		movs	r1, #0
 239 0004 C0F8E812 		str	r1, [r0, #744]
 275:Drivers/STM32G4xx_HAL_Driver/Src/stm32g4xx_hal_pcd_ex.c **** 
 276:Drivers/STM32G4xx_HAL_Driver/Src/stm32g4xx_hal_pcd_ex.c ****   USBx->LPMCSR &= ~(USB_LPMCSR_LMPEN);
 240              		.loc 1 276 0
 241 0008 B2F85430 		ldrh	r3, [r2, #84]
 242 000c 9BB2     		uxth	r3, r3
 243 000e 23F00103 		bic	r3, r3, #1
ARM GAS  /tmp/ccIPC3Ae.s 			page 10


 244 0012 9BB2     		uxth	r3, r3
 245 0014 A2F85430 		strh	r3, [r2, #84]	@ movhi
 277:Drivers/STM32G4xx_HAL_Driver/Src/stm32g4xx_hal_pcd_ex.c ****   USBx->LPMCSR &= ~(USB_LPMCSR_LPMACK);
 246              		.loc 1 277 0
 247 0018 B2F85430 		ldrh	r3, [r2, #84]
 248 001c 9BB2     		uxth	r3, r3
 249 001e 23F00203 		bic	r3, r3, #2
 250 0022 9BB2     		uxth	r3, r3
 251 0024 A2F85430 		strh	r3, [r2, #84]	@ movhi
 278:Drivers/STM32G4xx_HAL_Driver/Src/stm32g4xx_hal_pcd_ex.c **** 
 279:Drivers/STM32G4xx_HAL_Driver/Src/stm32g4xx_hal_pcd_ex.c ****   return HAL_OK;
 280:Drivers/STM32G4xx_HAL_Driver/Src/stm32g4xx_hal_pcd_ex.c **** }
 252              		.loc 1 280 0
 253 0028 0846     		mov	r0, r1
 254              	.LVL21:
 255 002a 7047     		bx	lr
 256              		.cfi_endproc
 257              	.LFE334:
 259              		.section	.text.HAL_PCDEx_LPM_Callback,"ax",%progbits
 260              		.align	1
 261              		.weak	HAL_PCDEx_LPM_Callback
 262              		.syntax unified
 263              		.thumb
 264              		.thumb_func
 265              		.fpu fpv4-sp-d16
 267              	HAL_PCDEx_LPM_Callback:
 268              	.LFB335:
 281:Drivers/STM32G4xx_HAL_Driver/Src/stm32g4xx_hal_pcd_ex.c **** 
 282:Drivers/STM32G4xx_HAL_Driver/Src/stm32g4xx_hal_pcd_ex.c **** 
 283:Drivers/STM32G4xx_HAL_Driver/Src/stm32g4xx_hal_pcd_ex.c **** 
 284:Drivers/STM32G4xx_HAL_Driver/Src/stm32g4xx_hal_pcd_ex.c **** /**
 285:Drivers/STM32G4xx_HAL_Driver/Src/stm32g4xx_hal_pcd_ex.c ****   * @brief  Send LPM message to user layer callback.
 286:Drivers/STM32G4xx_HAL_Driver/Src/stm32g4xx_hal_pcd_ex.c ****   * @param  hpcd PCD handle
 287:Drivers/STM32G4xx_HAL_Driver/Src/stm32g4xx_hal_pcd_ex.c ****   * @param  msg LPM message
 288:Drivers/STM32G4xx_HAL_Driver/Src/stm32g4xx_hal_pcd_ex.c ****   * @retval HAL status
 289:Drivers/STM32G4xx_HAL_Driver/Src/stm32g4xx_hal_pcd_ex.c ****   */
 290:Drivers/STM32G4xx_HAL_Driver/Src/stm32g4xx_hal_pcd_ex.c **** __weak void HAL_PCDEx_LPM_Callback(PCD_HandleTypeDef *hpcd, PCD_LPM_MsgTypeDef msg)
 291:Drivers/STM32G4xx_HAL_Driver/Src/stm32g4xx_hal_pcd_ex.c **** {
 269              		.loc 1 291 0
 270              		.cfi_startproc
 271              		@ args = 0, pretend = 0, frame = 0
 272              		@ frame_needed = 0, uses_anonymous_args = 0
 273              		@ link register save eliminated.
 274              	.LVL22:
 292:Drivers/STM32G4xx_HAL_Driver/Src/stm32g4xx_hal_pcd_ex.c ****   /* Prevent unused argument(s) compilation warning */
 293:Drivers/STM32G4xx_HAL_Driver/Src/stm32g4xx_hal_pcd_ex.c ****   UNUSED(hpcd);
 294:Drivers/STM32G4xx_HAL_Driver/Src/stm32g4xx_hal_pcd_ex.c ****   UNUSED(msg);
 295:Drivers/STM32G4xx_HAL_Driver/Src/stm32g4xx_hal_pcd_ex.c **** 
 296:Drivers/STM32G4xx_HAL_Driver/Src/stm32g4xx_hal_pcd_ex.c ****   /* NOTE : This function should not be modified, when the callback is needed,
 297:Drivers/STM32G4xx_HAL_Driver/Src/stm32g4xx_hal_pcd_ex.c ****             the HAL_PCDEx_LPM_Callback could be implemented in the user file
 298:Drivers/STM32G4xx_HAL_Driver/Src/stm32g4xx_hal_pcd_ex.c ****    */
 299:Drivers/STM32G4xx_HAL_Driver/Src/stm32g4xx_hal_pcd_ex.c **** }
 275              		.loc 1 299 0
 276 0000 7047     		bx	lr
 277              		.cfi_endproc
 278              	.LFE335:
 280              		.section	.text.HAL_PCDEx_BCD_Callback,"ax",%progbits
ARM GAS  /tmp/ccIPC3Ae.s 			page 11


 281              		.align	1
 282              		.weak	HAL_PCDEx_BCD_Callback
 283              		.syntax unified
 284              		.thumb
 285              		.thumb_func
 286              		.fpu fpv4-sp-d16
 288              	HAL_PCDEx_BCD_Callback:
 289              	.LFB336:
 300:Drivers/STM32G4xx_HAL_Driver/Src/stm32g4xx_hal_pcd_ex.c **** 
 301:Drivers/STM32G4xx_HAL_Driver/Src/stm32g4xx_hal_pcd_ex.c **** /**
 302:Drivers/STM32G4xx_HAL_Driver/Src/stm32g4xx_hal_pcd_ex.c ****   * @brief  Send BatteryCharging message to user layer callback.
 303:Drivers/STM32G4xx_HAL_Driver/Src/stm32g4xx_hal_pcd_ex.c ****   * @param  hpcd PCD handle
 304:Drivers/STM32G4xx_HAL_Driver/Src/stm32g4xx_hal_pcd_ex.c ****   * @param  msg LPM message
 305:Drivers/STM32G4xx_HAL_Driver/Src/stm32g4xx_hal_pcd_ex.c ****   * @retval HAL status
 306:Drivers/STM32G4xx_HAL_Driver/Src/stm32g4xx_hal_pcd_ex.c ****   */
 307:Drivers/STM32G4xx_HAL_Driver/Src/stm32g4xx_hal_pcd_ex.c **** __weak void HAL_PCDEx_BCD_Callback(PCD_HandleTypeDef *hpcd, PCD_BCD_MsgTypeDef msg)
 308:Drivers/STM32G4xx_HAL_Driver/Src/stm32g4xx_hal_pcd_ex.c **** {
 290              		.loc 1 308 0
 291              		.cfi_startproc
 292              		@ args = 0, pretend = 0, frame = 0
 293              		@ frame_needed = 0, uses_anonymous_args = 0
 294              		@ link register save eliminated.
 295              	.LVL23:
 309:Drivers/STM32G4xx_HAL_Driver/Src/stm32g4xx_hal_pcd_ex.c ****   /* Prevent unused argument(s) compilation warning */
 310:Drivers/STM32G4xx_HAL_Driver/Src/stm32g4xx_hal_pcd_ex.c ****   UNUSED(hpcd);
 311:Drivers/STM32G4xx_HAL_Driver/Src/stm32g4xx_hal_pcd_ex.c ****   UNUSED(msg);
 312:Drivers/STM32G4xx_HAL_Driver/Src/stm32g4xx_hal_pcd_ex.c **** 
 313:Drivers/STM32G4xx_HAL_Driver/Src/stm32g4xx_hal_pcd_ex.c ****   /* NOTE : This function should not be modified, when the callback is needed,
 314:Drivers/STM32G4xx_HAL_Driver/Src/stm32g4xx_hal_pcd_ex.c ****             the HAL_PCDEx_BCD_Callback could be implemented in the user file
 315:Drivers/STM32G4xx_HAL_Driver/Src/stm32g4xx_hal_pcd_ex.c ****    */
 316:Drivers/STM32G4xx_HAL_Driver/Src/stm32g4xx_hal_pcd_ex.c **** }
 296              		.loc 1 316 0
 297 0000 7047     		bx	lr
 298              		.cfi_endproc
 299              	.LFE336:
 301              		.section	.text.HAL_PCDEx_BCD_VBUSDetect,"ax",%progbits
 302              		.align	1
 303              		.global	HAL_PCDEx_BCD_VBUSDetect
 304              		.syntax unified
 305              		.thumb
 306              		.thumb_func
 307              		.fpu fpv4-sp-d16
 309              	HAL_PCDEx_BCD_VBUSDetect:
 310              	.LFB332:
 159:Drivers/STM32G4xx_HAL_Driver/Src/stm32g4xx_hal_pcd_ex.c ****   USB_TypeDef *USBx = hpcd->Instance;
 311              		.loc 1 159 0
 312              		.cfi_startproc
 313              		@ args = 0, pretend = 0, frame = 0
 314              		@ frame_needed = 0, uses_anonymous_args = 0
 315              	.LVL24:
 316 0000 70B5     		push	{r4, r5, r6, lr}
 317              	.LCFI3:
 318              		.cfi_def_cfa_offset 16
 319              		.cfi_offset 4, -16
 320              		.cfi_offset 5, -12
 321              		.cfi_offset 6, -8
 322              		.cfi_offset 14, -4
ARM GAS  /tmp/ccIPC3Ae.s 			page 12


 323 0002 0646     		mov	r6, r0
 160:Drivers/STM32G4xx_HAL_Driver/Src/stm32g4xx_hal_pcd_ex.c ****   uint32_t tickstart = HAL_GetTick();
 324              		.loc 1 160 0
 325 0004 0468     		ldr	r4, [r0]
 326              	.LVL25:
 161:Drivers/STM32G4xx_HAL_Driver/Src/stm32g4xx_hal_pcd_ex.c **** 
 327              		.loc 1 161 0
 328 0006 FFF7FEFF 		bl	HAL_GetTick
 329              	.LVL26:
 330 000a 0546     		mov	r5, r0
 331              	.LVL27:
 332              	.L15:
 164:Drivers/STM32G4xx_HAL_Driver/Src/stm32g4xx_hal_pcd_ex.c ****   {
 333              		.loc 1 164 0
 334 000c B4F85830 		ldrh	r3, [r4, #88]
 335 0010 13F0100F 		tst	r3, #16
 336 0014 0AD1     		bne	.L23
 167:Drivers/STM32G4xx_HAL_Driver/Src/stm32g4xx_hal_pcd_ex.c ****     {
 337              		.loc 1 167 0
 338 0016 FFF7FEFF 		bl	HAL_GetTick
 339              	.LVL28:
 340 001a 401B     		subs	r0, r0, r5
 341 001c B0F57A7F 		cmp	r0, #1000
 342 0020 F4D9     		bls	.L15
 172:Drivers/STM32G4xx_HAL_Driver/Src/stm32g4xx_hal_pcd_ex.c **** #endif /* USE_HAL_PCD_REGISTER_CALLBACKS */
 343              		.loc 1 172 0
 344 0022 FF21     		movs	r1, #255
 345 0024 3046     		mov	r0, r6
 346 0026 FFF7FEFF 		bl	HAL_PCDEx_BCD_Callback
 347              	.LVL29:
 175:Drivers/STM32G4xx_HAL_Driver/Src/stm32g4xx_hal_pcd_ex.c ****     }
 348              		.loc 1 175 0
 349 002a 53E0     		b	.L14
 350              	.L23:
 179:Drivers/STM32G4xx_HAL_Driver/Src/stm32g4xx_hal_pcd_ex.c **** 
 351              		.loc 1 179 0
 352 002c C820     		movs	r0, #200
 353 002e FFF7FEFF 		bl	HAL_Delay
 354              	.LVL30:
 182:Drivers/STM32G4xx_HAL_Driver/Src/stm32g4xx_hal_pcd_ex.c ****   {
 355              		.loc 1 182 0
 356 0032 B4F85830 		ldrh	r3, [r4, #88]
 357 0036 13F0100F 		tst	r3, #16
 358 003a 36D1     		bne	.L24
 359              	.L18:
 192:Drivers/STM32G4xx_HAL_Driver/Src/stm32g4xx_hal_pcd_ex.c ****   HAL_Delay(50U);
 360              		.loc 1 192 0
 361 003c B4F85830 		ldrh	r3, [r4, #88]
 362 0040 9BB2     		uxth	r3, r3
 363 0042 23F00203 		bic	r3, r3, #2
 364 0046 9BB2     		uxth	r3, r3
 365 0048 A4F85830 		strh	r3, [r4, #88]	@ movhi
 193:Drivers/STM32G4xx_HAL_Driver/Src/stm32g4xx_hal_pcd_ex.c ****   USBx->BCDR |= (USB_BCDR_PDEN);
 366              		.loc 1 193 0
 367 004c 3220     		movs	r0, #50
 368 004e FFF7FEFF 		bl	HAL_Delay
 369              	.LVL31:
ARM GAS  /tmp/ccIPC3Ae.s 			page 13


 194:Drivers/STM32G4xx_HAL_Driver/Src/stm32g4xx_hal_pcd_ex.c ****   HAL_Delay(50U);
 370              		.loc 1 194 0
 371 0052 B4F85830 		ldrh	r3, [r4, #88]
 372 0056 43F00403 		orr	r3, r3, #4
 373 005a A4F85830 		strh	r3, [r4, #88]	@ movhi
 195:Drivers/STM32G4xx_HAL_Driver/Src/stm32g4xx_hal_pcd_ex.c **** 
 374              		.loc 1 195 0
 375 005e 3220     		movs	r0, #50
 376 0060 FFF7FEFF 		bl	HAL_Delay
 377              	.LVL32:
 198:Drivers/STM32G4xx_HAL_Driver/Src/stm32g4xx_hal_pcd_ex.c ****   {
 378              		.loc 1 198 0
 379 0064 B4F85830 		ldrh	r3, [r4, #88]
 380 0068 13F0200F 		tst	r3, #32
 381 006c 27D0     		beq	.L19
 202:Drivers/STM32G4xx_HAL_Driver/Src/stm32g4xx_hal_pcd_ex.c ****     HAL_Delay(50U);
 382              		.loc 1 202 0
 383 006e B4F85830 		ldrh	r3, [r4, #88]
 384 0072 9BB2     		uxth	r3, r3
 385 0074 23F00403 		bic	r3, r3, #4
 386 0078 9BB2     		uxth	r3, r3
 387 007a A4F85830 		strh	r3, [r4, #88]	@ movhi
 203:Drivers/STM32G4xx_HAL_Driver/Src/stm32g4xx_hal_pcd_ex.c ****     USBx->BCDR |= (USB_BCDR_SDEN);
 388              		.loc 1 203 0
 389 007e 3220     		movs	r0, #50
 390 0080 FFF7FEFF 		bl	HAL_Delay
 391              	.LVL33:
 204:Drivers/STM32G4xx_HAL_Driver/Src/stm32g4xx_hal_pcd_ex.c ****     HAL_Delay(50U);
 392              		.loc 1 204 0
 393 0084 B4F85830 		ldrh	r3, [r4, #88]
 394 0088 43F00803 		orr	r3, r3, #8
 395 008c A4F85830 		strh	r3, [r4, #88]	@ movhi
 205:Drivers/STM32G4xx_HAL_Driver/Src/stm32g4xx_hal_pcd_ex.c **** 
 396              		.loc 1 205 0
 397 0090 3220     		movs	r0, #50
 398 0092 FFF7FEFF 		bl	HAL_Delay
 399              	.LVL34:
 208:Drivers/STM32G4xx_HAL_Driver/Src/stm32g4xx_hal_pcd_ex.c ****     {
 400              		.loc 1 208 0
 401 0096 B4F85830 		ldrh	r3, [r4, #88]
 402 009a 13F0400F 		tst	r3, #64
 403 009e 09D0     		beq	.L20
 214:Drivers/STM32G4xx_HAL_Driver/Src/stm32g4xx_hal_pcd_ex.c **** #endif /* USE_HAL_PCD_REGISTER_CALLBACKS */
 404              		.loc 1 214 0
 405 00a0 FB21     		movs	r1, #251
 406 00a2 3046     		mov	r0, r6
 407 00a4 FFF7FEFF 		bl	HAL_PCDEx_BCD_Callback
 408              	.LVL35:
 409 00a8 0DE0     		b	.L21
 410              	.L24:
 187:Drivers/STM32G4xx_HAL_Driver/Src/stm32g4xx_hal_pcd_ex.c **** #endif /* USE_HAL_PCD_REGISTER_CALLBACKS */
 411              		.loc 1 187 0
 412 00aa FE21     		movs	r1, #254
 413 00ac 3046     		mov	r0, r6
 414 00ae FFF7FEFF 		bl	HAL_PCDEx_BCD_Callback
 415              	.LVL36:
 416 00b2 C3E7     		b	.L18
ARM GAS  /tmp/ccIPC3Ae.s 			page 14


 417              	.L20:
 223:Drivers/STM32G4xx_HAL_Driver/Src/stm32g4xx_hal_pcd_ex.c **** #endif /* USE_HAL_PCD_REGISTER_CALLBACKS */
 418              		.loc 1 223 0
 419 00b4 FC21     		movs	r1, #252
 420 00b6 3046     		mov	r0, r6
 421 00b8 FFF7FEFF 		bl	HAL_PCDEx_BCD_Callback
 422              	.LVL37:
 423 00bc 03E0     		b	.L21
 424              	.L19:
 233:Drivers/STM32G4xx_HAL_Driver/Src/stm32g4xx_hal_pcd_ex.c **** #endif /* USE_HAL_PCD_REGISTER_CALLBACKS */
 425              		.loc 1 233 0
 426 00be FD21     		movs	r1, #253
 427 00c0 3046     		mov	r0, r6
 428 00c2 FFF7FEFF 		bl	HAL_PCDEx_BCD_Callback
 429              	.LVL38:
 430              	.L21:
 238:Drivers/STM32G4xx_HAL_Driver/Src/stm32g4xx_hal_pcd_ex.c **** #if (USE_HAL_PCD_REGISTER_CALLBACKS == 1U)
 431              		.loc 1 238 0
 432 00c6 3046     		mov	r0, r6
 433 00c8 FFF7FEFF 		bl	HAL_PCDEx_DeActivateBCD
 434              	.LVL39:
 242:Drivers/STM32G4xx_HAL_Driver/Src/stm32g4xx_hal_pcd_ex.c **** #endif /* USE_HAL_PCD_REGISTER_CALLBACKS */
 435              		.loc 1 242 0
 436 00cc 0021     		movs	r1, #0
 437 00ce 3046     		mov	r0, r6
 438 00d0 FFF7FEFF 		bl	HAL_PCDEx_BCD_Callback
 439              	.LVL40:
 440              	.L14:
 244:Drivers/STM32G4xx_HAL_Driver/Src/stm32g4xx_hal_pcd_ex.c **** 
 441              		.loc 1 244 0
 442 00d4 70BD     		pop	{r4, r5, r6, pc}
 443              		.cfi_endproc
 444              	.LFE332:
 446              		.text
 447              	.Letext0:
 448              		.file 2 "/usr/include/newlib/machine/_default_types.h"
 449              		.file 3 "/usr/include/newlib/sys/_stdint.h"
 450              		.file 4 "Drivers/CMSIS/Include/core_cm4.h"
 451              		.file 5 "Drivers/CMSIS/Device/ST/STM32G4xx/Include/system_stm32g4xx.h"
 452              		.file 6 "Drivers/CMSIS/Device/ST/STM32G4xx/Include/stm32g484xx.h"
 453              		.file 7 "Drivers/STM32G4xx_HAL_Driver/Inc/stm32g4xx_hal_def.h"
 454              		.file 8 "Drivers/STM32G4xx_HAL_Driver/Inc/stm32g4xx_hal_flash.h"
 455              		.file 9 "Drivers/STM32G4xx_HAL_Driver/Inc/stm32g4xx_ll_usb.h"
 456              		.file 10 "Drivers/STM32G4xx_HAL_Driver/Inc/stm32g4xx_hal_pcd.h"
 457              		.file 11 "Drivers/STM32G4xx_HAL_Driver/Inc/stm32g4xx_hal_uart.h"
 458              		.file 12 "Drivers/STM32G4xx_HAL_Driver/Inc/stm32g4xx_hal.h"
ARM GAS  /tmp/ccIPC3Ae.s 			page 15


DEFINED SYMBOLS
                            *ABS*:0000000000000000 stm32g4xx_hal_pcd_ex.c
     /tmp/ccIPC3Ae.s:18     .text.HAL_PCDEx_PMAConfig:0000000000000000 $t
     /tmp/ccIPC3Ae.s:25     .text.HAL_PCDEx_PMAConfig:0000000000000000 HAL_PCDEx_PMAConfig
     /tmp/ccIPC3Ae.s:94     .text.HAL_PCDEx_ActivateBCD:0000000000000000 $t
     /tmp/ccIPC3Ae.s:101    .text.HAL_PCDEx_ActivateBCD:0000000000000000 HAL_PCDEx_ActivateBCD
     /tmp/ccIPC3Ae.s:143    .text.HAL_PCDEx_DeActivateBCD:0000000000000000 $t
     /tmp/ccIPC3Ae.s:150    .text.HAL_PCDEx_DeActivateBCD:0000000000000000 HAL_PCDEx_DeActivateBCD
     /tmp/ccIPC3Ae.s:178    .text.HAL_PCDEx_ActivateLPM:0000000000000000 $t
     /tmp/ccIPC3Ae.s:185    .text.HAL_PCDEx_ActivateLPM:0000000000000000 HAL_PCDEx_ActivateLPM
     /tmp/ccIPC3Ae.s:219    .text.HAL_PCDEx_DeActivateLPM:0000000000000000 $t
     /tmp/ccIPC3Ae.s:226    .text.HAL_PCDEx_DeActivateLPM:0000000000000000 HAL_PCDEx_DeActivateLPM
     /tmp/ccIPC3Ae.s:260    .text.HAL_PCDEx_LPM_Callback:0000000000000000 $t
     /tmp/ccIPC3Ae.s:267    .text.HAL_PCDEx_LPM_Callback:0000000000000000 HAL_PCDEx_LPM_Callback
     /tmp/ccIPC3Ae.s:281    .text.HAL_PCDEx_BCD_Callback:0000000000000000 $t
     /tmp/ccIPC3Ae.s:288    .text.HAL_PCDEx_BCD_Callback:0000000000000000 HAL_PCDEx_BCD_Callback
     /tmp/ccIPC3Ae.s:302    .text.HAL_PCDEx_BCD_VBUSDetect:0000000000000000 $t
     /tmp/ccIPC3Ae.s:309    .text.HAL_PCDEx_BCD_VBUSDetect:0000000000000000 HAL_PCDEx_BCD_VBUSDetect

UNDEFINED SYMBOLS
HAL_GetTick
HAL_Delay
