ARM GAS  /tmp/ccNrIUVe.s 			page 1


   1              		.cpu cortex-m4
   2              		.eabi_attribute 27, 1
   3              		.eabi_attribute 28, 1
   4              		.eabi_attribute 20, 1
   5              		.eabi_attribute 21, 1
   6              		.eabi_attribute 23, 3
   7              		.eabi_attribute 24, 1
   8              		.eabi_attribute 25, 1
   9              		.eabi_attribute 26, 1
  10              		.eabi_attribute 30, 1
  11              		.eabi_attribute 34, 1
  12              		.eabi_attribute 18, 4
  13              		.file	"stm32g4xx_hal_gpio.c"
  14              		.text
  15              	.Ltext0:
  16              		.cfi_sections	.debug_frame
  17              		.section	.text.HAL_GPIO_Init,"ax",%progbits
  18              		.align	1
  19              		.global	HAL_GPIO_Init
  20              		.syntax unified
  21              		.thumb
  22              		.thumb_func
  23              		.fpu fpv4-sp-d16
  25              	HAL_GPIO_Init:
  26              	.LFB329:
  27              		.file 1 "Drivers/STM32G4xx_HAL_Driver/Src/stm32g4xx_hal_gpio.c"
   1:Drivers/STM32G4xx_HAL_Driver/Src/stm32g4xx_hal_gpio.c **** /**
   2:Drivers/STM32G4xx_HAL_Driver/Src/stm32g4xx_hal_gpio.c ****   ******************************************************************************
   3:Drivers/STM32G4xx_HAL_Driver/Src/stm32g4xx_hal_gpio.c ****   * @file    stm32g4xx_hal_gpio.c
   4:Drivers/STM32G4xx_HAL_Driver/Src/stm32g4xx_hal_gpio.c ****   * @author  MCD Application Team
   5:Drivers/STM32G4xx_HAL_Driver/Src/stm32g4xx_hal_gpio.c ****   * @brief   GPIO HAL module driver.
   6:Drivers/STM32G4xx_HAL_Driver/Src/stm32g4xx_hal_gpio.c ****   *          This file provides firmware functions to manage the following
   7:Drivers/STM32G4xx_HAL_Driver/Src/stm32g4xx_hal_gpio.c ****   *          functionalities of the General Purpose Input/Output (GPIO) peripheral:
   8:Drivers/STM32G4xx_HAL_Driver/Src/stm32g4xx_hal_gpio.c ****   *           + Initialization and de-initialization functions
   9:Drivers/STM32G4xx_HAL_Driver/Src/stm32g4xx_hal_gpio.c ****   *           + IO operation functions
  10:Drivers/STM32G4xx_HAL_Driver/Src/stm32g4xx_hal_gpio.c ****   *
  11:Drivers/STM32G4xx_HAL_Driver/Src/stm32g4xx_hal_gpio.c ****   @verbatim
  12:Drivers/STM32G4xx_HAL_Driver/Src/stm32g4xx_hal_gpio.c ****   ==============================================================================
  13:Drivers/STM32G4xx_HAL_Driver/Src/stm32g4xx_hal_gpio.c ****                     ##### GPIO Peripheral features #####
  14:Drivers/STM32G4xx_HAL_Driver/Src/stm32g4xx_hal_gpio.c ****   ==============================================================================
  15:Drivers/STM32G4xx_HAL_Driver/Src/stm32g4xx_hal_gpio.c ****   [..]
  16:Drivers/STM32G4xx_HAL_Driver/Src/stm32g4xx_hal_gpio.c ****     (+) Each port bit of the general-purpose I/O (GPIO) ports can be individually
  17:Drivers/STM32G4xx_HAL_Driver/Src/stm32g4xx_hal_gpio.c ****         configured by software in several modes:
  18:Drivers/STM32G4xx_HAL_Driver/Src/stm32g4xx_hal_gpio.c ****         (++) Input mode
  19:Drivers/STM32G4xx_HAL_Driver/Src/stm32g4xx_hal_gpio.c ****         (++) Analog mode
  20:Drivers/STM32G4xx_HAL_Driver/Src/stm32g4xx_hal_gpio.c ****         (++) Output mode
  21:Drivers/STM32G4xx_HAL_Driver/Src/stm32g4xx_hal_gpio.c ****         (++) Alternate function mode
  22:Drivers/STM32G4xx_HAL_Driver/Src/stm32g4xx_hal_gpio.c ****         (++) External interrupt/event lines
  23:Drivers/STM32G4xx_HAL_Driver/Src/stm32g4xx_hal_gpio.c **** 
  24:Drivers/STM32G4xx_HAL_Driver/Src/stm32g4xx_hal_gpio.c ****     (+) During and just after reset, the alternate functions and external interrupt
  25:Drivers/STM32G4xx_HAL_Driver/Src/stm32g4xx_hal_gpio.c ****         lines are not active and the I/O ports are configured in input floating mode.
  26:Drivers/STM32G4xx_HAL_Driver/Src/stm32g4xx_hal_gpio.c **** 
  27:Drivers/STM32G4xx_HAL_Driver/Src/stm32g4xx_hal_gpio.c ****     (+) All GPIO pins have weak internal pull-up and pull-down resistors, which can be
  28:Drivers/STM32G4xx_HAL_Driver/Src/stm32g4xx_hal_gpio.c ****         activated or not.
  29:Drivers/STM32G4xx_HAL_Driver/Src/stm32g4xx_hal_gpio.c **** 
  30:Drivers/STM32G4xx_HAL_Driver/Src/stm32g4xx_hal_gpio.c ****     (+) In Output or Alternate mode, each IO can be configured on open-drain or push-pull
  31:Drivers/STM32G4xx_HAL_Driver/Src/stm32g4xx_hal_gpio.c ****         type and the IO speed can be selected depending on the VDD value.
ARM GAS  /tmp/ccNrIUVe.s 			page 2


  32:Drivers/STM32G4xx_HAL_Driver/Src/stm32g4xx_hal_gpio.c **** 
  33:Drivers/STM32G4xx_HAL_Driver/Src/stm32g4xx_hal_gpio.c ****     (+) The microcontroller IO pins are connected to onboard peripherals/modules through a
  34:Drivers/STM32G4xx_HAL_Driver/Src/stm32g4xx_hal_gpio.c ****         multiplexer that allows only one peripheral alternate function (AF) connected
  35:Drivers/STM32G4xx_HAL_Driver/Src/stm32g4xx_hal_gpio.c ****        to an IO pin at a time. In this way, there can be no conflict between peripherals
  36:Drivers/STM32G4xx_HAL_Driver/Src/stm32g4xx_hal_gpio.c ****        sharing the same IO pin.
  37:Drivers/STM32G4xx_HAL_Driver/Src/stm32g4xx_hal_gpio.c **** 
  38:Drivers/STM32G4xx_HAL_Driver/Src/stm32g4xx_hal_gpio.c ****     (+) All ports have external interrupt/event capability. To use external interrupt
  39:Drivers/STM32G4xx_HAL_Driver/Src/stm32g4xx_hal_gpio.c ****         lines, the port must be configured in input mode. All available GPIO pins are
  40:Drivers/STM32G4xx_HAL_Driver/Src/stm32g4xx_hal_gpio.c ****         connected to the 16 external interrupt/event lines from EXTI0 to EXTI15.
  41:Drivers/STM32G4xx_HAL_Driver/Src/stm32g4xx_hal_gpio.c **** 
  42:Drivers/STM32G4xx_HAL_Driver/Src/stm32g4xx_hal_gpio.c ****     (+) The external interrupt/event controller consists of up to 44 edge detectors
  43:Drivers/STM32G4xx_HAL_Driver/Src/stm32g4xx_hal_gpio.c ****         (16 lines are connected to GPIO) for generating event/interrupt requests (each
  44:Drivers/STM32G4xx_HAL_Driver/Src/stm32g4xx_hal_gpio.c ****         input line can be independently configured to select the type (interrupt or event)
  45:Drivers/STM32G4xx_HAL_Driver/Src/stm32g4xx_hal_gpio.c ****         and the corresponding trigger event (rising or falling or both). Each line can
  46:Drivers/STM32G4xx_HAL_Driver/Src/stm32g4xx_hal_gpio.c ****         also be masked independently.
  47:Drivers/STM32G4xx_HAL_Driver/Src/stm32g4xx_hal_gpio.c **** 
  48:Drivers/STM32G4xx_HAL_Driver/Src/stm32g4xx_hal_gpio.c ****                      ##### How to use this driver #####
  49:Drivers/STM32G4xx_HAL_Driver/Src/stm32g4xx_hal_gpio.c ****   ==============================================================================
  50:Drivers/STM32G4xx_HAL_Driver/Src/stm32g4xx_hal_gpio.c ****   [..]
  51:Drivers/STM32G4xx_HAL_Driver/Src/stm32g4xx_hal_gpio.c ****     (#) Enable the GPIO AHB clock using the following function: __HAL_RCC_GPIOx_CLK_ENABLE().
  52:Drivers/STM32G4xx_HAL_Driver/Src/stm32g4xx_hal_gpio.c **** 
  53:Drivers/STM32G4xx_HAL_Driver/Src/stm32g4xx_hal_gpio.c ****     (#) Configure the GPIO pin(s) using HAL_GPIO_Init().
  54:Drivers/STM32G4xx_HAL_Driver/Src/stm32g4xx_hal_gpio.c ****         (++) Configure the IO mode using "Mode" member from GPIO_InitTypeDef structure
  55:Drivers/STM32G4xx_HAL_Driver/Src/stm32g4xx_hal_gpio.c ****         (++) Activate Pull-up, Pull-down resistor using "Pull" member from GPIO_InitTypeDef
  56:Drivers/STM32G4xx_HAL_Driver/Src/stm32g4xx_hal_gpio.c ****              structure.
  57:Drivers/STM32G4xx_HAL_Driver/Src/stm32g4xx_hal_gpio.c ****         (++) In case of Output or alternate function mode selection: the speed is
  58:Drivers/STM32G4xx_HAL_Driver/Src/stm32g4xx_hal_gpio.c ****              configured through "Speed" member from GPIO_InitTypeDef structure.
  59:Drivers/STM32G4xx_HAL_Driver/Src/stm32g4xx_hal_gpio.c ****         (++) In alternate mode is selection, the alternate function connected to the IO
  60:Drivers/STM32G4xx_HAL_Driver/Src/stm32g4xx_hal_gpio.c ****              is configured through "Alternate" member from GPIO_InitTypeDef structure.
  61:Drivers/STM32G4xx_HAL_Driver/Src/stm32g4xx_hal_gpio.c ****         (++) Analog mode is required when a pin is to be used as ADC channel
  62:Drivers/STM32G4xx_HAL_Driver/Src/stm32g4xx_hal_gpio.c ****              or DAC output.
  63:Drivers/STM32G4xx_HAL_Driver/Src/stm32g4xx_hal_gpio.c ****         (++) In case of external interrupt/event selection the "Mode" member from
  64:Drivers/STM32G4xx_HAL_Driver/Src/stm32g4xx_hal_gpio.c ****              GPIO_InitTypeDef structure select the type (interrupt or event) and
  65:Drivers/STM32G4xx_HAL_Driver/Src/stm32g4xx_hal_gpio.c ****              the corresponding trigger event (rising or falling or both).
  66:Drivers/STM32G4xx_HAL_Driver/Src/stm32g4xx_hal_gpio.c **** 
  67:Drivers/STM32G4xx_HAL_Driver/Src/stm32g4xx_hal_gpio.c ****     (#) In case of external interrupt/event mode selection, configure NVIC IRQ priority
  68:Drivers/STM32G4xx_HAL_Driver/Src/stm32g4xx_hal_gpio.c ****         mapped to the EXTI line using HAL_NVIC_SetPriority() and enable it using
  69:Drivers/STM32G4xx_HAL_Driver/Src/stm32g4xx_hal_gpio.c ****         HAL_NVIC_EnableIRQ().
  70:Drivers/STM32G4xx_HAL_Driver/Src/stm32g4xx_hal_gpio.c **** 
  71:Drivers/STM32G4xx_HAL_Driver/Src/stm32g4xx_hal_gpio.c ****     (#) To get the level of a pin configured in input mode use HAL_GPIO_ReadPin().
  72:Drivers/STM32G4xx_HAL_Driver/Src/stm32g4xx_hal_gpio.c **** 
  73:Drivers/STM32G4xx_HAL_Driver/Src/stm32g4xx_hal_gpio.c ****     (#) To set/reset the level of a pin configured in output mode use
  74:Drivers/STM32G4xx_HAL_Driver/Src/stm32g4xx_hal_gpio.c ****         HAL_GPIO_WritePin()/HAL_GPIO_TogglePin().
  75:Drivers/STM32G4xx_HAL_Driver/Src/stm32g4xx_hal_gpio.c **** 
  76:Drivers/STM32G4xx_HAL_Driver/Src/stm32g4xx_hal_gpio.c ****    (#) To lock pin configuration until next reset use HAL_GPIO_LockPin().
  77:Drivers/STM32G4xx_HAL_Driver/Src/stm32g4xx_hal_gpio.c **** 
  78:Drivers/STM32G4xx_HAL_Driver/Src/stm32g4xx_hal_gpio.c ****     (#) During and just after reset, the alternate functions are not
  79:Drivers/STM32G4xx_HAL_Driver/Src/stm32g4xx_hal_gpio.c ****         active and the GPIO pins are configured in input floating mode (except JTAG
  80:Drivers/STM32G4xx_HAL_Driver/Src/stm32g4xx_hal_gpio.c ****         pins).
  81:Drivers/STM32G4xx_HAL_Driver/Src/stm32g4xx_hal_gpio.c **** 
  82:Drivers/STM32G4xx_HAL_Driver/Src/stm32g4xx_hal_gpio.c ****     (#) The LSE oscillator pins OSC32_IN and OSC32_OUT can be used as general purpose
  83:Drivers/STM32G4xx_HAL_Driver/Src/stm32g4xx_hal_gpio.c ****         (PC14 and PC15, respectively) when the LSE oscillator is off. The LSE has
  84:Drivers/STM32G4xx_HAL_Driver/Src/stm32g4xx_hal_gpio.c ****         priority over the GPIO function.
  85:Drivers/STM32G4xx_HAL_Driver/Src/stm32g4xx_hal_gpio.c **** 
  86:Drivers/STM32G4xx_HAL_Driver/Src/stm32g4xx_hal_gpio.c ****     (#) The HSE oscillator pins OSC_IN/OSC_OUT can be used as
  87:Drivers/STM32G4xx_HAL_Driver/Src/stm32g4xx_hal_gpio.c ****         general purpose PF0 and PF1, respectively, when the HSE oscillator is off.
  88:Drivers/STM32G4xx_HAL_Driver/Src/stm32g4xx_hal_gpio.c ****         The HSE has priority over the GPIO function.
ARM GAS  /tmp/ccNrIUVe.s 			page 3


  89:Drivers/STM32G4xx_HAL_Driver/Src/stm32g4xx_hal_gpio.c **** 
  90:Drivers/STM32G4xx_HAL_Driver/Src/stm32g4xx_hal_gpio.c ****   @endverbatim
  91:Drivers/STM32G4xx_HAL_Driver/Src/stm32g4xx_hal_gpio.c ****   ******************************************************************************
  92:Drivers/STM32G4xx_HAL_Driver/Src/stm32g4xx_hal_gpio.c ****   * @attention
  93:Drivers/STM32G4xx_HAL_Driver/Src/stm32g4xx_hal_gpio.c ****   *
  94:Drivers/STM32G4xx_HAL_Driver/Src/stm32g4xx_hal_gpio.c ****   * <h2><center>&copy; Copyright (c) 2019 STMicroelectronics.
  95:Drivers/STM32G4xx_HAL_Driver/Src/stm32g4xx_hal_gpio.c ****   * All rights reserved.</center></h2>
  96:Drivers/STM32G4xx_HAL_Driver/Src/stm32g4xx_hal_gpio.c ****   *
  97:Drivers/STM32G4xx_HAL_Driver/Src/stm32g4xx_hal_gpio.c ****   * This software component is licensed by ST under BSD 3-Clause license,
  98:Drivers/STM32G4xx_HAL_Driver/Src/stm32g4xx_hal_gpio.c ****   * the "License"; You may not use this file except in compliance with the
  99:Drivers/STM32G4xx_HAL_Driver/Src/stm32g4xx_hal_gpio.c ****   * License. You may obtain a copy of the License at:
 100:Drivers/STM32G4xx_HAL_Driver/Src/stm32g4xx_hal_gpio.c ****   *                        opensource.org/licenses/BSD-3-Clause
 101:Drivers/STM32G4xx_HAL_Driver/Src/stm32g4xx_hal_gpio.c ****   *
 102:Drivers/STM32G4xx_HAL_Driver/Src/stm32g4xx_hal_gpio.c ****   ******************************************************************************
 103:Drivers/STM32G4xx_HAL_Driver/Src/stm32g4xx_hal_gpio.c ****   */
 104:Drivers/STM32G4xx_HAL_Driver/Src/stm32g4xx_hal_gpio.c **** 
 105:Drivers/STM32G4xx_HAL_Driver/Src/stm32g4xx_hal_gpio.c **** /* Includes ------------------------------------------------------------------*/
 106:Drivers/STM32G4xx_HAL_Driver/Src/stm32g4xx_hal_gpio.c **** #include "stm32g4xx_hal.h"
 107:Drivers/STM32G4xx_HAL_Driver/Src/stm32g4xx_hal_gpio.c **** 
 108:Drivers/STM32G4xx_HAL_Driver/Src/stm32g4xx_hal_gpio.c **** /** @addtogroup STM32G4xx_HAL_Driver
 109:Drivers/STM32G4xx_HAL_Driver/Src/stm32g4xx_hal_gpio.c ****   * @{
 110:Drivers/STM32G4xx_HAL_Driver/Src/stm32g4xx_hal_gpio.c ****   */
 111:Drivers/STM32G4xx_HAL_Driver/Src/stm32g4xx_hal_gpio.c **** 
 112:Drivers/STM32G4xx_HAL_Driver/Src/stm32g4xx_hal_gpio.c **** /** @addtogroup GPIO
 113:Drivers/STM32G4xx_HAL_Driver/Src/stm32g4xx_hal_gpio.c ****   * @{
 114:Drivers/STM32G4xx_HAL_Driver/Src/stm32g4xx_hal_gpio.c ****   */
 115:Drivers/STM32G4xx_HAL_Driver/Src/stm32g4xx_hal_gpio.c **** /** MISRA C:2012 deviation rule has been granted for following rules:
 116:Drivers/STM32G4xx_HAL_Driver/Src/stm32g4xx_hal_gpio.c ****   * Rule-12.2 - Medium: RHS argument is in interval [0,INF] which is out of
 117:Drivers/STM32G4xx_HAL_Driver/Src/stm32g4xx_hal_gpio.c ****   * range of the shift operator in following API :
 118:Drivers/STM32G4xx_HAL_Driver/Src/stm32g4xx_hal_gpio.c ****   * HAL_GPIO_Init
 119:Drivers/STM32G4xx_HAL_Driver/Src/stm32g4xx_hal_gpio.c ****   * HAL_GPIO_DeInit
 120:Drivers/STM32G4xx_HAL_Driver/Src/stm32g4xx_hal_gpio.c ****   */
 121:Drivers/STM32G4xx_HAL_Driver/Src/stm32g4xx_hal_gpio.c **** 
 122:Drivers/STM32G4xx_HAL_Driver/Src/stm32g4xx_hal_gpio.c **** #ifdef HAL_GPIO_MODULE_ENABLED
 123:Drivers/STM32G4xx_HAL_Driver/Src/stm32g4xx_hal_gpio.c **** 
 124:Drivers/STM32G4xx_HAL_Driver/Src/stm32g4xx_hal_gpio.c **** /* Private typedef -----------------------------------------------------------*/
 125:Drivers/STM32G4xx_HAL_Driver/Src/stm32g4xx_hal_gpio.c **** /* Private defines ------------------------------------------------------------*/
 126:Drivers/STM32G4xx_HAL_Driver/Src/stm32g4xx_hal_gpio.c **** /** @defgroup GPIO_Private_Constants GPIO Private Constants
 127:Drivers/STM32G4xx_HAL_Driver/Src/stm32g4xx_hal_gpio.c ****   * @{
 128:Drivers/STM32G4xx_HAL_Driver/Src/stm32g4xx_hal_gpio.c ****   */
 129:Drivers/STM32G4xx_HAL_Driver/Src/stm32g4xx_hal_gpio.c **** #define GPIO_MODE             (0x00000003U)
 130:Drivers/STM32G4xx_HAL_Driver/Src/stm32g4xx_hal_gpio.c **** #define EXTI_MODE             (0x10000000U)
 131:Drivers/STM32G4xx_HAL_Driver/Src/stm32g4xx_hal_gpio.c **** #define GPIO_MODE_IT          (0x00010000U)
 132:Drivers/STM32G4xx_HAL_Driver/Src/stm32g4xx_hal_gpio.c **** #define GPIO_MODE_EVT         (0x00020000U)
 133:Drivers/STM32G4xx_HAL_Driver/Src/stm32g4xx_hal_gpio.c **** #define RISING_EDGE           (0x00100000U)
 134:Drivers/STM32G4xx_HAL_Driver/Src/stm32g4xx_hal_gpio.c **** #define FALLING_EDGE          (0x00200000U)
 135:Drivers/STM32G4xx_HAL_Driver/Src/stm32g4xx_hal_gpio.c **** #define GPIO_OUTPUT_TYPE      (0x00000010U)
 136:Drivers/STM32G4xx_HAL_Driver/Src/stm32g4xx_hal_gpio.c **** 
 137:Drivers/STM32G4xx_HAL_Driver/Src/stm32g4xx_hal_gpio.c **** #define GPIO_NUMBER           (16U)
 138:Drivers/STM32G4xx_HAL_Driver/Src/stm32g4xx_hal_gpio.c **** /**
 139:Drivers/STM32G4xx_HAL_Driver/Src/stm32g4xx_hal_gpio.c ****   * @}
 140:Drivers/STM32G4xx_HAL_Driver/Src/stm32g4xx_hal_gpio.c ****   */
 141:Drivers/STM32G4xx_HAL_Driver/Src/stm32g4xx_hal_gpio.c **** 
 142:Drivers/STM32G4xx_HAL_Driver/Src/stm32g4xx_hal_gpio.c **** /* Private macros ------------------------------------------------------------*/
 143:Drivers/STM32G4xx_HAL_Driver/Src/stm32g4xx_hal_gpio.c **** /* Private variables ---------------------------------------------------------*/
 144:Drivers/STM32G4xx_HAL_Driver/Src/stm32g4xx_hal_gpio.c **** /* Private function prototypes -----------------------------------------------*/
 145:Drivers/STM32G4xx_HAL_Driver/Src/stm32g4xx_hal_gpio.c **** /* Exported functions --------------------------------------------------------*/
ARM GAS  /tmp/ccNrIUVe.s 			page 4


 146:Drivers/STM32G4xx_HAL_Driver/Src/stm32g4xx_hal_gpio.c **** 
 147:Drivers/STM32G4xx_HAL_Driver/Src/stm32g4xx_hal_gpio.c **** /** @addtogroup GPIO_Exported_Functions
 148:Drivers/STM32G4xx_HAL_Driver/Src/stm32g4xx_hal_gpio.c ****   * @{
 149:Drivers/STM32G4xx_HAL_Driver/Src/stm32g4xx_hal_gpio.c ****   */
 150:Drivers/STM32G4xx_HAL_Driver/Src/stm32g4xx_hal_gpio.c **** 
 151:Drivers/STM32G4xx_HAL_Driver/Src/stm32g4xx_hal_gpio.c **** /** @defgroup GPIO_Exported_Functions_Group1 Initialization/de-initialization functions
 152:Drivers/STM32G4xx_HAL_Driver/Src/stm32g4xx_hal_gpio.c ****   *  @brief    Initialization and Configuration functions
 153:Drivers/STM32G4xx_HAL_Driver/Src/stm32g4xx_hal_gpio.c ****   *
 154:Drivers/STM32G4xx_HAL_Driver/Src/stm32g4xx_hal_gpio.c **** @verbatim
 155:Drivers/STM32G4xx_HAL_Driver/Src/stm32g4xx_hal_gpio.c ****  ===============================================================================
 156:Drivers/STM32G4xx_HAL_Driver/Src/stm32g4xx_hal_gpio.c ****               ##### Initialization and de-initialization functions #####
 157:Drivers/STM32G4xx_HAL_Driver/Src/stm32g4xx_hal_gpio.c ****  ===============================================================================
 158:Drivers/STM32G4xx_HAL_Driver/Src/stm32g4xx_hal_gpio.c **** 
 159:Drivers/STM32G4xx_HAL_Driver/Src/stm32g4xx_hal_gpio.c **** @endverbatim
 160:Drivers/STM32G4xx_HAL_Driver/Src/stm32g4xx_hal_gpio.c ****   * @{
 161:Drivers/STM32G4xx_HAL_Driver/Src/stm32g4xx_hal_gpio.c ****   */
 162:Drivers/STM32G4xx_HAL_Driver/Src/stm32g4xx_hal_gpio.c **** 
 163:Drivers/STM32G4xx_HAL_Driver/Src/stm32g4xx_hal_gpio.c **** /**
 164:Drivers/STM32G4xx_HAL_Driver/Src/stm32g4xx_hal_gpio.c ****   * @brief  Initialize the GPIOx peripheral according to the specified parameters in the GPIO_Init.
 165:Drivers/STM32G4xx_HAL_Driver/Src/stm32g4xx_hal_gpio.c ****   * @param  GPIOx where x can be (A..G) to select the GPIO peripheral for STM32G4xx family
 166:Drivers/STM32G4xx_HAL_Driver/Src/stm32g4xx_hal_gpio.c ****   * @param  GPIO_Init pointer to a GPIO_InitTypeDef structure that contains
 167:Drivers/STM32G4xx_HAL_Driver/Src/stm32g4xx_hal_gpio.c ****   *         the configuration information for the specified GPIO peripheral.
 168:Drivers/STM32G4xx_HAL_Driver/Src/stm32g4xx_hal_gpio.c ****   * @retval None
 169:Drivers/STM32G4xx_HAL_Driver/Src/stm32g4xx_hal_gpio.c ****   */
 170:Drivers/STM32G4xx_HAL_Driver/Src/stm32g4xx_hal_gpio.c **** void HAL_GPIO_Init(GPIO_TypeDef  *GPIOx, GPIO_InitTypeDef *GPIO_Init)
 171:Drivers/STM32G4xx_HAL_Driver/Src/stm32g4xx_hal_gpio.c **** {
  28              		.loc 1 171 0
  29              		.cfi_startproc
  30              		@ args = 0, pretend = 0, frame = 8
  31              		@ frame_needed = 0, uses_anonymous_args = 0
  32              	.LVL0:
  33 0000 F0B5     		push	{r4, r5, r6, r7, lr}
  34              	.LCFI0:
  35              		.cfi_def_cfa_offset 20
  36              		.cfi_offset 4, -20
  37              		.cfi_offset 5, -16
  38              		.cfi_offset 6, -12
  39              		.cfi_offset 7, -8
  40              		.cfi_offset 14, -4
  41 0002 83B0     		sub	sp, sp, #12
  42              	.LCFI1:
  43              		.cfi_def_cfa_offset 32
  44              	.LVL1:
 172:Drivers/STM32G4xx_HAL_Driver/Src/stm32g4xx_hal_gpio.c ****   uint32_t position = 0x00U;
  45              		.loc 1 172 0
  46 0004 0023     		movs	r3, #0
 173:Drivers/STM32G4xx_HAL_Driver/Src/stm32g4xx_hal_gpio.c ****   uint32_t iocurrent;
 174:Drivers/STM32G4xx_HAL_Driver/Src/stm32g4xx_hal_gpio.c ****   uint32_t temp;
 175:Drivers/STM32G4xx_HAL_Driver/Src/stm32g4xx_hal_gpio.c **** 
 176:Drivers/STM32G4xx_HAL_Driver/Src/stm32g4xx_hal_gpio.c ****   /* Check the parameters */
 177:Drivers/STM32G4xx_HAL_Driver/Src/stm32g4xx_hal_gpio.c ****   assert_param(IS_GPIO_ALL_INSTANCE(GPIOx));
 178:Drivers/STM32G4xx_HAL_Driver/Src/stm32g4xx_hal_gpio.c ****   assert_param(IS_GPIO_PIN(GPIO_Init->Pin));
 179:Drivers/STM32G4xx_HAL_Driver/Src/stm32g4xx_hal_gpio.c ****   assert_param(IS_GPIO_MODE(GPIO_Init->Mode));
 180:Drivers/STM32G4xx_HAL_Driver/Src/stm32g4xx_hal_gpio.c ****   assert_param(IS_GPIO_PULL(GPIO_Init->Pull));
 181:Drivers/STM32G4xx_HAL_Driver/Src/stm32g4xx_hal_gpio.c **** 
 182:Drivers/STM32G4xx_HAL_Driver/Src/stm32g4xx_hal_gpio.c ****   /* Configure the port pins */
 183:Drivers/STM32G4xx_HAL_Driver/Src/stm32g4xx_hal_gpio.c ****   while (((GPIO_Init->Pin) >> position) != 0U)
ARM GAS  /tmp/ccNrIUVe.s 			page 5


  47              		.loc 1 183 0
  48 0006 36E0     		b	.L2
  49              	.LVL2:
  50              	.L22:
 184:Drivers/STM32G4xx_HAL_Driver/Src/stm32g4xx_hal_gpio.c ****   {
 185:Drivers/STM32G4xx_HAL_Driver/Src/stm32g4xx_hal_gpio.c ****     /* Get current io position */
 186:Drivers/STM32G4xx_HAL_Driver/Src/stm32g4xx_hal_gpio.c ****     iocurrent = (GPIO_Init->Pin) & (1UL << position);
 187:Drivers/STM32G4xx_HAL_Driver/Src/stm32g4xx_hal_gpio.c **** 
 188:Drivers/STM32G4xx_HAL_Driver/Src/stm32g4xx_hal_gpio.c ****     if (iocurrent != 0x00u)
 189:Drivers/STM32G4xx_HAL_Driver/Src/stm32g4xx_hal_gpio.c ****     {
 190:Drivers/STM32G4xx_HAL_Driver/Src/stm32g4xx_hal_gpio.c ****       /*--------------------- GPIO Mode Configuration ------------------------*/
 191:Drivers/STM32G4xx_HAL_Driver/Src/stm32g4xx_hal_gpio.c ****       /* In case of Output or Alternate function mode selection */
 192:Drivers/STM32G4xx_HAL_Driver/Src/stm32g4xx_hal_gpio.c ****       if ((GPIO_Init->Mode == GPIO_MODE_OUTPUT_PP) || (GPIO_Init->Mode == GPIO_MODE_AF_PP) ||
 193:Drivers/STM32G4xx_HAL_Driver/Src/stm32g4xx_hal_gpio.c ****           (GPIO_Init->Mode == GPIO_MODE_OUTPUT_OD) || (GPIO_Init->Mode == GPIO_MODE_AF_OD))
 194:Drivers/STM32G4xx_HAL_Driver/Src/stm32g4xx_hal_gpio.c ****       {
 195:Drivers/STM32G4xx_HAL_Driver/Src/stm32g4xx_hal_gpio.c ****         /* Check the Speed parameter */
 196:Drivers/STM32G4xx_HAL_Driver/Src/stm32g4xx_hal_gpio.c ****         assert_param(IS_GPIO_SPEED(GPIO_Init->Speed));
 197:Drivers/STM32G4xx_HAL_Driver/Src/stm32g4xx_hal_gpio.c ****         /* Configure the IO Speed */
 198:Drivers/STM32G4xx_HAL_Driver/Src/stm32g4xx_hal_gpio.c ****         temp = GPIOx->OSPEEDR;
 199:Drivers/STM32G4xx_HAL_Driver/Src/stm32g4xx_hal_gpio.c ****         temp &= ~(GPIO_OSPEEDR_OSPEED0 << (position * 2U));
 200:Drivers/STM32G4xx_HAL_Driver/Src/stm32g4xx_hal_gpio.c ****         temp |= (GPIO_Init->Speed << (position * 2U));
 201:Drivers/STM32G4xx_HAL_Driver/Src/stm32g4xx_hal_gpio.c ****         GPIOx->OSPEEDR = temp;
 202:Drivers/STM32G4xx_HAL_Driver/Src/stm32g4xx_hal_gpio.c **** 
 203:Drivers/STM32G4xx_HAL_Driver/Src/stm32g4xx_hal_gpio.c ****         /* Configure the IO Output Type */
 204:Drivers/STM32G4xx_HAL_Driver/Src/stm32g4xx_hal_gpio.c ****         temp = GPIOx->OTYPER;
 205:Drivers/STM32G4xx_HAL_Driver/Src/stm32g4xx_hal_gpio.c ****         temp &= ~(GPIO_OTYPER_OT0 << position) ;
 206:Drivers/STM32G4xx_HAL_Driver/Src/stm32g4xx_hal_gpio.c ****         temp |= (((GPIO_Init->Mode & GPIO_OUTPUT_TYPE) >> 4U) << position);
 207:Drivers/STM32G4xx_HAL_Driver/Src/stm32g4xx_hal_gpio.c ****         GPIOx->OTYPER = temp;
 208:Drivers/STM32G4xx_HAL_Driver/Src/stm32g4xx_hal_gpio.c ****       }
 209:Drivers/STM32G4xx_HAL_Driver/Src/stm32g4xx_hal_gpio.c **** 
 210:Drivers/STM32G4xx_HAL_Driver/Src/stm32g4xx_hal_gpio.c ****       /* Activate the Pull-up or Pull down resistor for the current IO */
 211:Drivers/STM32G4xx_HAL_Driver/Src/stm32g4xx_hal_gpio.c ****       temp = GPIOx->PUPDR;
 212:Drivers/STM32G4xx_HAL_Driver/Src/stm32g4xx_hal_gpio.c ****       temp &= ~(GPIO_PUPDR_PUPD0 << (position * 2U));
 213:Drivers/STM32G4xx_HAL_Driver/Src/stm32g4xx_hal_gpio.c ****       temp |= ((GPIO_Init->Pull) << (position * 2U));
 214:Drivers/STM32G4xx_HAL_Driver/Src/stm32g4xx_hal_gpio.c ****       GPIOx->PUPDR = temp;
 215:Drivers/STM32G4xx_HAL_Driver/Src/stm32g4xx_hal_gpio.c **** 
 216:Drivers/STM32G4xx_HAL_Driver/Src/stm32g4xx_hal_gpio.c ****       /* In case of Alternate function mode selection */
 217:Drivers/STM32G4xx_HAL_Driver/Src/stm32g4xx_hal_gpio.c ****       if ((GPIO_Init->Mode == GPIO_MODE_AF_PP) || (GPIO_Init->Mode == GPIO_MODE_AF_OD))
 218:Drivers/STM32G4xx_HAL_Driver/Src/stm32g4xx_hal_gpio.c ****       {
 219:Drivers/STM32G4xx_HAL_Driver/Src/stm32g4xx_hal_gpio.c ****         /* Check the Alternate function parameters */
 220:Drivers/STM32G4xx_HAL_Driver/Src/stm32g4xx_hal_gpio.c ****         assert_param(IS_GPIO_AF_INSTANCE(GPIOx));
 221:Drivers/STM32G4xx_HAL_Driver/Src/stm32g4xx_hal_gpio.c ****         assert_param(IS_GPIO_AF(GPIO_Init->Alternate));
 222:Drivers/STM32G4xx_HAL_Driver/Src/stm32g4xx_hal_gpio.c **** 
 223:Drivers/STM32G4xx_HAL_Driver/Src/stm32g4xx_hal_gpio.c ****         /* Configure Alternate function mapped with the current IO */
 224:Drivers/STM32G4xx_HAL_Driver/Src/stm32g4xx_hal_gpio.c ****         temp = GPIOx->AFR[position >> 3U];
 225:Drivers/STM32G4xx_HAL_Driver/Src/stm32g4xx_hal_gpio.c ****         temp &= ~(0xFU << ((position & 0x07U) * 4U));
 226:Drivers/STM32G4xx_HAL_Driver/Src/stm32g4xx_hal_gpio.c ****         temp |= ((GPIO_Init->Alternate) << ((position & 0x07U) * 4U));
 227:Drivers/STM32G4xx_HAL_Driver/Src/stm32g4xx_hal_gpio.c ****         GPIOx->AFR[position >> 3U] = temp;
 228:Drivers/STM32G4xx_HAL_Driver/Src/stm32g4xx_hal_gpio.c ****       }
 229:Drivers/STM32G4xx_HAL_Driver/Src/stm32g4xx_hal_gpio.c **** 
 230:Drivers/STM32G4xx_HAL_Driver/Src/stm32g4xx_hal_gpio.c ****       /* Configure IO Direction mode (Input, Output, Alternate or Analog) */
 231:Drivers/STM32G4xx_HAL_Driver/Src/stm32g4xx_hal_gpio.c ****       temp = GPIOx->MODER;
 232:Drivers/STM32G4xx_HAL_Driver/Src/stm32g4xx_hal_gpio.c ****       temp &= ~(GPIO_MODER_MODE0 << (position * 2U));
 233:Drivers/STM32G4xx_HAL_Driver/Src/stm32g4xx_hal_gpio.c ****       temp |= ((GPIO_Init->Mode & GPIO_MODE) << (position * 2U));
 234:Drivers/STM32G4xx_HAL_Driver/Src/stm32g4xx_hal_gpio.c ****       GPIOx->MODER = temp;
 235:Drivers/STM32G4xx_HAL_Driver/Src/stm32g4xx_hal_gpio.c **** 
 236:Drivers/STM32G4xx_HAL_Driver/Src/stm32g4xx_hal_gpio.c ****       /*--------------------- EXTI Mode Configuration ------------------------*/
ARM GAS  /tmp/ccNrIUVe.s 			page 6


 237:Drivers/STM32G4xx_HAL_Driver/Src/stm32g4xx_hal_gpio.c ****       /* Configure the External Interrupt or event for the current IO */
 238:Drivers/STM32G4xx_HAL_Driver/Src/stm32g4xx_hal_gpio.c ****       if ((GPIO_Init->Mode & EXTI_MODE) == EXTI_MODE)
 239:Drivers/STM32G4xx_HAL_Driver/Src/stm32g4xx_hal_gpio.c ****       {
 240:Drivers/STM32G4xx_HAL_Driver/Src/stm32g4xx_hal_gpio.c ****         /* Enable SYSCFG Clock */
 241:Drivers/STM32G4xx_HAL_Driver/Src/stm32g4xx_hal_gpio.c ****         __HAL_RCC_SYSCFG_CLK_ENABLE();
 242:Drivers/STM32G4xx_HAL_Driver/Src/stm32g4xx_hal_gpio.c **** 
 243:Drivers/STM32G4xx_HAL_Driver/Src/stm32g4xx_hal_gpio.c ****         temp = SYSCFG->EXTICR[position >> 2U];
 244:Drivers/STM32G4xx_HAL_Driver/Src/stm32g4xx_hal_gpio.c ****         temp &= ~(0x0FUL << (4U * (position & 0x03U)));
 245:Drivers/STM32G4xx_HAL_Driver/Src/stm32g4xx_hal_gpio.c ****         temp |= (GPIO_GET_INDEX(GPIOx) << (4U * (position & 0x03U)));
  51              		.loc 1 245 0
  52 0008 0524     		movs	r4, #5
  53 000a 00E0     		b	.L8
  54              	.L14:
  55 000c 0024     		movs	r4, #0
  56              	.L8:
  57              		.loc 1 245 0 is_stmt 0 discriminator 24
  58 000e B440     		lsls	r4, r4, r6
  59 0010 3C43     		orrs	r4, r4, r7
  60              	.LVL3:
 246:Drivers/STM32G4xx_HAL_Driver/Src/stm32g4xx_hal_gpio.c ****         SYSCFG->EXTICR[position >> 2U] = temp;
  61              		.loc 1 246 0 is_stmt 1 discriminator 24
  62 0012 0235     		adds	r5, r5, #2
  63 0014 5E4E     		ldr	r6, .L23
  64 0016 46F82540 		str	r4, [r6, r5, lsl #2]
 247:Drivers/STM32G4xx_HAL_Driver/Src/stm32g4xx_hal_gpio.c **** 
 248:Drivers/STM32G4xx_HAL_Driver/Src/stm32g4xx_hal_gpio.c ****         /* Clear EXTI line configuration */
 249:Drivers/STM32G4xx_HAL_Driver/Src/stm32g4xx_hal_gpio.c ****         temp = EXTI->IMR1;
  65              		.loc 1 249 0 discriminator 24
  66 001a 5E4C     		ldr	r4, .L23+4
  67              	.LVL4:
  68 001c 2568     		ldr	r5, [r4]
  69              	.LVL5:
 250:Drivers/STM32G4xx_HAL_Driver/Src/stm32g4xx_hal_gpio.c ****         temp &= ~(iocurrent);
  70              		.loc 1 250 0 discriminator 24
  71 001e D443     		mvns	r4, r2
  72 0020 04EA0506 		and	r6, r4, r5
  73              	.LVL6:
 251:Drivers/STM32G4xx_HAL_Driver/Src/stm32g4xx_hal_gpio.c ****         if ((GPIO_Init->Mode & GPIO_MODE_IT) == GPIO_MODE_IT)
  74              		.loc 1 251 0 discriminator 24
  75 0024 4F68     		ldr	r7, [r1, #4]
  76 0026 17F4803F 		tst	r7, #65536
  77 002a 01D0     		beq	.L9
 252:Drivers/STM32G4xx_HAL_Driver/Src/stm32g4xx_hal_gpio.c ****         {
 253:Drivers/STM32G4xx_HAL_Driver/Src/stm32g4xx_hal_gpio.c ****           temp |= iocurrent;
  78              		.loc 1 253 0
  79 002c 42EA0506 		orr	r6, r2, r5
  80              	.LVL7:
  81              	.L9:
 254:Drivers/STM32G4xx_HAL_Driver/Src/stm32g4xx_hal_gpio.c ****         }
 255:Drivers/STM32G4xx_HAL_Driver/Src/stm32g4xx_hal_gpio.c ****         EXTI->IMR1 = temp;
  82              		.loc 1 255 0
  83 0030 584D     		ldr	r5, .L23+4
  84 0032 2E60     		str	r6, [r5]
 256:Drivers/STM32G4xx_HAL_Driver/Src/stm32g4xx_hal_gpio.c **** 
 257:Drivers/STM32G4xx_HAL_Driver/Src/stm32g4xx_hal_gpio.c ****         temp = EXTI->EMR1;
  85              		.loc 1 257 0
  86 0034 6D68     		ldr	r5, [r5, #4]
ARM GAS  /tmp/ccNrIUVe.s 			page 7


  87              	.LVL8:
 258:Drivers/STM32G4xx_HAL_Driver/Src/stm32g4xx_hal_gpio.c ****         temp &= ~(iocurrent);
  88              		.loc 1 258 0
  89 0036 04EA0506 		and	r6, r4, r5
  90              	.LVL9:
 259:Drivers/STM32G4xx_HAL_Driver/Src/stm32g4xx_hal_gpio.c ****         if ((GPIO_Init->Mode & GPIO_MODE_EVT) == GPIO_MODE_EVT)
  91              		.loc 1 259 0
  92 003a 4F68     		ldr	r7, [r1, #4]
  93 003c 17F4003F 		tst	r7, #131072
  94 0040 01D0     		beq	.L10
 260:Drivers/STM32G4xx_HAL_Driver/Src/stm32g4xx_hal_gpio.c ****         {
 261:Drivers/STM32G4xx_HAL_Driver/Src/stm32g4xx_hal_gpio.c ****           temp |= iocurrent;
  95              		.loc 1 261 0
  96 0042 42EA0506 		orr	r6, r2, r5
  97              	.LVL10:
  98              	.L10:
 262:Drivers/STM32G4xx_HAL_Driver/Src/stm32g4xx_hal_gpio.c ****         }
 263:Drivers/STM32G4xx_HAL_Driver/Src/stm32g4xx_hal_gpio.c ****         EXTI->EMR1 = temp;
  99              		.loc 1 263 0
 100 0046 534D     		ldr	r5, .L23+4
 101 0048 6E60     		str	r6, [r5, #4]
 264:Drivers/STM32G4xx_HAL_Driver/Src/stm32g4xx_hal_gpio.c **** 
 265:Drivers/STM32G4xx_HAL_Driver/Src/stm32g4xx_hal_gpio.c ****         /* Clear Rising Falling edge configuration */
 266:Drivers/STM32G4xx_HAL_Driver/Src/stm32g4xx_hal_gpio.c ****         temp = EXTI->RTSR1;
 102              		.loc 1 266 0
 103 004a AD68     		ldr	r5, [r5, #8]
 104              	.LVL11:
 267:Drivers/STM32G4xx_HAL_Driver/Src/stm32g4xx_hal_gpio.c ****         temp &= ~(iocurrent);
 105              		.loc 1 267 0
 106 004c 04EA0506 		and	r6, r4, r5
 107              	.LVL12:
 268:Drivers/STM32G4xx_HAL_Driver/Src/stm32g4xx_hal_gpio.c ****         if ((GPIO_Init->Mode & RISING_EDGE) == RISING_EDGE)
 108              		.loc 1 268 0
 109 0050 4F68     		ldr	r7, [r1, #4]
 110 0052 17F4801F 		tst	r7, #1048576
 111 0056 01D0     		beq	.L11
 269:Drivers/STM32G4xx_HAL_Driver/Src/stm32g4xx_hal_gpio.c ****         {
 270:Drivers/STM32G4xx_HAL_Driver/Src/stm32g4xx_hal_gpio.c ****           temp |= iocurrent;
 112              		.loc 1 270 0
 113 0058 42EA0506 		orr	r6, r2, r5
 114              	.LVL13:
 115              	.L11:
 271:Drivers/STM32G4xx_HAL_Driver/Src/stm32g4xx_hal_gpio.c ****         }
 272:Drivers/STM32G4xx_HAL_Driver/Src/stm32g4xx_hal_gpio.c ****         EXTI->RTSR1 = temp;
 116              		.loc 1 272 0
 117 005c 4D4D     		ldr	r5, .L23+4
 118 005e AE60     		str	r6, [r5, #8]
 273:Drivers/STM32G4xx_HAL_Driver/Src/stm32g4xx_hal_gpio.c **** 
 274:Drivers/STM32G4xx_HAL_Driver/Src/stm32g4xx_hal_gpio.c ****         temp = EXTI->FTSR1;
 119              		.loc 1 274 0
 120 0060 ED68     		ldr	r5, [r5, #12]
 121              	.LVL14:
 275:Drivers/STM32G4xx_HAL_Driver/Src/stm32g4xx_hal_gpio.c ****         temp &= ~(iocurrent);
 122              		.loc 1 275 0
 123 0062 2C40     		ands	r4, r4, r5
 124              	.LVL15:
 276:Drivers/STM32G4xx_HAL_Driver/Src/stm32g4xx_hal_gpio.c ****         if ((GPIO_Init->Mode & FALLING_EDGE) == FALLING_EDGE)
ARM GAS  /tmp/ccNrIUVe.s 			page 8


 125              		.loc 1 276 0
 126 0064 4E68     		ldr	r6, [r1, #4]
 127 0066 16F4001F 		tst	r6, #2097152
 128 006a 01D0     		beq	.L12
 277:Drivers/STM32G4xx_HAL_Driver/Src/stm32g4xx_hal_gpio.c ****         {
 278:Drivers/STM32G4xx_HAL_Driver/Src/stm32g4xx_hal_gpio.c ****           temp |= iocurrent;
 129              		.loc 1 278 0
 130 006c 42EA0504 		orr	r4, r2, r5
 131              	.LVL16:
 132              	.L12:
 279:Drivers/STM32G4xx_HAL_Driver/Src/stm32g4xx_hal_gpio.c ****         }
 280:Drivers/STM32G4xx_HAL_Driver/Src/stm32g4xx_hal_gpio.c ****         EXTI->FTSR1 = temp;
 133              		.loc 1 280 0
 134 0070 484A     		ldr	r2, .L23+4
 135              	.LVL17:
 136 0072 D460     		str	r4, [r2, #12]
 137              	.LVL18:
 138              	.L3:
 281:Drivers/STM32G4xx_HAL_Driver/Src/stm32g4xx_hal_gpio.c ****       }
 282:Drivers/STM32G4xx_HAL_Driver/Src/stm32g4xx_hal_gpio.c ****     }
 283:Drivers/STM32G4xx_HAL_Driver/Src/stm32g4xx_hal_gpio.c **** 
 284:Drivers/STM32G4xx_HAL_Driver/Src/stm32g4xx_hal_gpio.c ****     position++;
 139              		.loc 1 284 0
 140 0074 0133     		adds	r3, r3, #1
 141              	.LVL19:
 142              	.L2:
 183:Drivers/STM32G4xx_HAL_Driver/Src/stm32g4xx_hal_gpio.c ****   {
 143              		.loc 1 183 0
 144 0076 0A68     		ldr	r2, [r1]
 145 0078 32FA03F4 		lsrs	r4, r2, r3
 146 007c 00F08680 		beq	.L21
 186:Drivers/STM32G4xx_HAL_Driver/Src/stm32g4xx_hal_gpio.c **** 
 147              		.loc 1 186 0
 148 0080 0124     		movs	r4, #1
 149 0082 9C40     		lsls	r4, r4, r3
 150              	.LVL20:
 188:Drivers/STM32G4xx_HAL_Driver/Src/stm32g4xx_hal_gpio.c ****     {
 151              		.loc 1 188 0
 152 0084 2240     		ands	r2, r4, r2
 153              	.LVL21:
 154 0086 F5D0     		beq	.L3
 192:Drivers/STM32G4xx_HAL_Driver/Src/stm32g4xx_hal_gpio.c ****           (GPIO_Init->Mode == GPIO_MODE_OUTPUT_OD) || (GPIO_Init->Mode == GPIO_MODE_AF_OD))
 155              		.loc 1 192 0
 156 0088 4D68     		ldr	r5, [r1, #4]
 157 008a 6E1E     		subs	r6, r5, #1
 158 008c 012E     		cmp	r6, #1
 159 008e 03D9     		bls	.L4
 192:Drivers/STM32G4xx_HAL_Driver/Src/stm32g4xx_hal_gpio.c ****           (GPIO_Init->Mode == GPIO_MODE_OUTPUT_OD) || (GPIO_Init->Mode == GPIO_MODE_AF_OD))
 160              		.loc 1 192 0 is_stmt 0 discriminator 1
 161 0090 112D     		cmp	r5, #17
 162 0092 01D0     		beq	.L4
 193:Drivers/STM32G4xx_HAL_Driver/Src/stm32g4xx_hal_gpio.c ****       {
 163              		.loc 1 193 0 is_stmt 1
 164 0094 122D     		cmp	r5, #18
 165 0096 12D1     		bne	.L5
 166              	.L4:
 198:Drivers/STM32G4xx_HAL_Driver/Src/stm32g4xx_hal_gpio.c ****         temp &= ~(GPIO_OSPEEDR_OSPEED0 << (position * 2U));
ARM GAS  /tmp/ccNrIUVe.s 			page 9


 167              		.loc 1 198 0
 168 0098 8668     		ldr	r6, [r0, #8]
 169              	.LVL22:
 199:Drivers/STM32G4xx_HAL_Driver/Src/stm32g4xx_hal_gpio.c ****         temp |= (GPIO_Init->Speed << (position * 2U));
 170              		.loc 1 199 0
 171 009a 5F00     		lsls	r7, r3, #1
 172 009c 0325     		movs	r5, #3
 173 009e BD40     		lsls	r5, r5, r7
 174 00a0 26EA0506 		bic	r6, r6, r5
 175              	.LVL23:
 200:Drivers/STM32G4xx_HAL_Driver/Src/stm32g4xx_hal_gpio.c ****         GPIOx->OSPEEDR = temp;
 176              		.loc 1 200 0
 177 00a4 CD68     		ldr	r5, [r1, #12]
 178 00a6 BD40     		lsls	r5, r5, r7
 179 00a8 3543     		orrs	r5, r5, r6
 180              	.LVL24:
 201:Drivers/STM32G4xx_HAL_Driver/Src/stm32g4xx_hal_gpio.c **** 
 181              		.loc 1 201 0
 182 00aa 8560     		str	r5, [r0, #8]
 204:Drivers/STM32G4xx_HAL_Driver/Src/stm32g4xx_hal_gpio.c ****         temp &= ~(GPIO_OTYPER_OT0 << position) ;
 183              		.loc 1 204 0
 184 00ac 4668     		ldr	r6, [r0, #4]
 185              	.LVL25:
 205:Drivers/STM32G4xx_HAL_Driver/Src/stm32g4xx_hal_gpio.c ****         temp |= (((GPIO_Init->Mode & GPIO_OUTPUT_TYPE) >> 4U) << position);
 186              		.loc 1 205 0
 187 00ae 26EA0406 		bic	r6, r6, r4
 188              	.LVL26:
 206:Drivers/STM32G4xx_HAL_Driver/Src/stm32g4xx_hal_gpio.c ****         GPIOx->OTYPER = temp;
 189              		.loc 1 206 0
 190 00b2 4D68     		ldr	r5, [r1, #4]
 191 00b4 C5F30014 		ubfx	r4, r5, #4, #1
 192 00b8 9C40     		lsls	r4, r4, r3
 193 00ba 3443     		orrs	r4, r4, r6
 194              	.LVL27:
 207:Drivers/STM32G4xx_HAL_Driver/Src/stm32g4xx_hal_gpio.c ****       }
 195              		.loc 1 207 0
 196 00bc 4460     		str	r4, [r0, #4]
 197              	.LVL28:
 198              	.L5:
 211:Drivers/STM32G4xx_HAL_Driver/Src/stm32g4xx_hal_gpio.c ****       temp &= ~(GPIO_PUPDR_PUPD0 << (position * 2U));
 199              		.loc 1 211 0
 200 00be C568     		ldr	r5, [r0, #12]
 201              	.LVL29:
 212:Drivers/STM32G4xx_HAL_Driver/Src/stm32g4xx_hal_gpio.c ****       temp |= ((GPIO_Init->Pull) << (position * 2U));
 202              		.loc 1 212 0
 203 00c0 5F00     		lsls	r7, r3, #1
 204 00c2 0324     		movs	r4, #3
 205 00c4 BC40     		lsls	r4, r4, r7
 206 00c6 E443     		mvns	r4, r4
 207 00c8 2540     		ands	r5, r5, r4
 208              	.LVL30:
 213:Drivers/STM32G4xx_HAL_Driver/Src/stm32g4xx_hal_gpio.c ****       GPIOx->PUPDR = temp;
 209              		.loc 1 213 0
 210 00ca 8E68     		ldr	r6, [r1, #8]
 211 00cc BE40     		lsls	r6, r6, r7
 212 00ce 2E43     		orrs	r6, r6, r5
 213              	.LVL31:
ARM GAS  /tmp/ccNrIUVe.s 			page 10


 214:Drivers/STM32G4xx_HAL_Driver/Src/stm32g4xx_hal_gpio.c **** 
 214              		.loc 1 214 0
 215 00d0 C660     		str	r6, [r0, #12]
 217:Drivers/STM32G4xx_HAL_Driver/Src/stm32g4xx_hal_gpio.c ****       {
 216              		.loc 1 217 0
 217 00d2 4D68     		ldr	r5, [r1, #4]
 218 00d4 022D     		cmp	r5, #2
 219 00d6 01D0     		beq	.L6
 217:Drivers/STM32G4xx_HAL_Driver/Src/stm32g4xx_hal_gpio.c ****       {
 220              		.loc 1 217 0 is_stmt 0 discriminator 1
 221 00d8 122D     		cmp	r5, #18
 222 00da 13D1     		bne	.L7
 223              	.L6:
 224:Drivers/STM32G4xx_HAL_Driver/Src/stm32g4xx_hal_gpio.c ****         temp &= ~(0xFU << ((position & 0x07U) * 4U));
 224              		.loc 1 224 0 is_stmt 1
 225 00dc DE08     		lsrs	r6, r3, #3
 226              	.LVL32:
 227 00de 0836     		adds	r6, r6, #8
 228 00e0 50F826E0 		ldr	lr, [r0, r6, lsl #2]
 229              	.LVL33:
 225:Drivers/STM32G4xx_HAL_Driver/Src/stm32g4xx_hal_gpio.c ****         temp |= ((GPIO_Init->Alternate) << ((position & 0x07U) * 4U));
 230              		.loc 1 225 0
 231 00e4 03F00705 		and	r5, r3, #7
 232 00e8 4FEA850C 		lsl	ip, r5, #2
 233 00ec 0F25     		movs	r5, #15
 234 00ee 05FA0CF5 		lsl	r5, r5, ip
 235 00f2 2EEA050E 		bic	lr, lr, r5
 236              	.LVL34:
 226:Drivers/STM32G4xx_HAL_Driver/Src/stm32g4xx_hal_gpio.c ****         GPIOx->AFR[position >> 3U] = temp;
 237              		.loc 1 226 0
 238 00f6 0D69     		ldr	r5, [r1, #16]
 239 00f8 05FA0CF5 		lsl	r5, r5, ip
 240 00fc 45EA0E05 		orr	r5, r5, lr
 241              	.LVL35:
 227:Drivers/STM32G4xx_HAL_Driver/Src/stm32g4xx_hal_gpio.c ****       }
 242              		.loc 1 227 0
 243 0100 40F82650 		str	r5, [r0, r6, lsl #2]
 244              	.LVL36:
 245              	.L7:
 231:Drivers/STM32G4xx_HAL_Driver/Src/stm32g4xx_hal_gpio.c ****       temp &= ~(GPIO_MODER_MODE0 << (position * 2U));
 246              		.loc 1 231 0
 247 0104 0568     		ldr	r5, [r0]
 248              	.LVL37:
 232:Drivers/STM32G4xx_HAL_Driver/Src/stm32g4xx_hal_gpio.c ****       temp |= ((GPIO_Init->Mode & GPIO_MODE) << (position * 2U));
 249              		.loc 1 232 0
 250 0106 2C40     		ands	r4, r4, r5
 251              	.LVL38:
 233:Drivers/STM32G4xx_HAL_Driver/Src/stm32g4xx_hal_gpio.c ****       GPIOx->MODER = temp;
 252              		.loc 1 233 0
 253 0108 4D68     		ldr	r5, [r1, #4]
 254 010a 05F00305 		and	r5, r5, #3
 255 010e BD40     		lsls	r5, r5, r7
 256 0110 2C43     		orrs	r4, r4, r5
 257              	.LVL39:
 234:Drivers/STM32G4xx_HAL_Driver/Src/stm32g4xx_hal_gpio.c **** 
 258              		.loc 1 234 0
 259 0112 0460     		str	r4, [r0]
ARM GAS  /tmp/ccNrIUVe.s 			page 11


 238:Drivers/STM32G4xx_HAL_Driver/Src/stm32g4xx_hal_gpio.c ****       {
 260              		.loc 1 238 0
 261 0114 4C68     		ldr	r4, [r1, #4]
 262              	.LVL40:
 263 0116 14F0805F 		tst	r4, #268435456
 264 011a ABD0     		beq	.L3
 265              	.LBB2:
 241:Drivers/STM32G4xx_HAL_Driver/Src/stm32g4xx_hal_gpio.c **** 
 266              		.loc 1 241 0
 267 011c 1E4C     		ldr	r4, .L23+8
 268 011e 256E     		ldr	r5, [r4, #96]
 269 0120 45F00105 		orr	r5, r5, #1
 270 0124 2566     		str	r5, [r4, #96]
 271              	.LVL41:
 272 0126 246E     		ldr	r4, [r4, #96]
 273 0128 04F00104 		and	r4, r4, #1
 274 012c 0194     		str	r4, [sp, #4]
 275 012e 019C     		ldr	r4, [sp, #4]
 276              	.LBE2:
 243:Drivers/STM32G4xx_HAL_Driver/Src/stm32g4xx_hal_gpio.c ****         temp &= ~(0x0FUL << (4U * (position & 0x03U)));
 277              		.loc 1 243 0
 278 0130 9D08     		lsrs	r5, r3, #2
 279 0132 AE1C     		adds	r6, r5, #2
 280 0134 164C     		ldr	r4, .L23
 281 0136 54F82670 		ldr	r7, [r4, r6, lsl #2]
 282              	.LVL42:
 244:Drivers/STM32G4xx_HAL_Driver/Src/stm32g4xx_hal_gpio.c ****         temp |= (GPIO_GET_INDEX(GPIOx) << (4U * (position & 0x03U)));
 283              		.loc 1 244 0
 284 013a 03F00304 		and	r4, r3, #3
 285 013e A600     		lsls	r6, r4, #2
 286 0140 0F24     		movs	r4, #15
 287 0142 B440     		lsls	r4, r4, r6
 288 0144 27EA0407 		bic	r7, r7, r4
 289              	.LVL43:
 245:Drivers/STM32G4xx_HAL_Driver/Src/stm32g4xx_hal_gpio.c ****         SYSCFG->EXTICR[position >> 2U] = temp;
 290              		.loc 1 245 0
 291 0148 B0F1904F 		cmp	r0, #1207959552
 292 014c 3FF45EAF 		beq	.L14
 245:Drivers/STM32G4xx_HAL_Driver/Src/stm32g4xx_hal_gpio.c ****         SYSCFG->EXTICR[position >> 2U] = temp;
 293              		.loc 1 245 0 is_stmt 0 discriminator 1
 294 0150 124C     		ldr	r4, .L23+12
 295 0152 A042     		cmp	r0, r4
 296 0154 12D0     		beq	.L15
 245:Drivers/STM32G4xx_HAL_Driver/Src/stm32g4xx_hal_gpio.c ****         SYSCFG->EXTICR[position >> 2U] = temp;
 297              		.loc 1 245 0 discriminator 3
 298 0156 04F58064 		add	r4, r4, #1024
 299 015a A042     		cmp	r0, r4
 300 015c 10D0     		beq	.L16
 245:Drivers/STM32G4xx_HAL_Driver/Src/stm32g4xx_hal_gpio.c ****         SYSCFG->EXTICR[position >> 2U] = temp;
 301              		.loc 1 245 0 discriminator 5
 302 015e 04F58064 		add	r4, r4, #1024
 303 0162 A042     		cmp	r0, r4
 304 0164 0ED0     		beq	.L17
 245:Drivers/STM32G4xx_HAL_Driver/Src/stm32g4xx_hal_gpio.c ****         SYSCFG->EXTICR[position >> 2U] = temp;
 305              		.loc 1 245 0 discriminator 7
 306 0166 04F58064 		add	r4, r4, #1024
 307 016a A042     		cmp	r0, r4
ARM GAS  /tmp/ccNrIUVe.s 			page 12


 308 016c 0CD0     		beq	.L18
 245:Drivers/STM32G4xx_HAL_Driver/Src/stm32g4xx_hal_gpio.c ****         SYSCFG->EXTICR[position >> 2U] = temp;
 309              		.loc 1 245 0 discriminator 9
 310 016e 04F58064 		add	r4, r4, #1024
 311 0172 A042     		cmp	r0, r4
 312 0174 3FF448AF 		beq	.L22
 245:Drivers/STM32G4xx_HAL_Driver/Src/stm32g4xx_hal_gpio.c ****         SYSCFG->EXTICR[position >> 2U] = temp;
 313              		.loc 1 245 0
 314 0178 0624     		movs	r4, #6
 315 017a 48E7     		b	.L8
 316              	.L15:
 317 017c 0124     		movs	r4, #1
 318 017e 46E7     		b	.L8
 319              	.L16:
 320 0180 0224     		movs	r4, #2
 321 0182 44E7     		b	.L8
 322              	.L17:
 323 0184 0324     		movs	r4, #3
 324 0186 42E7     		b	.L8
 325              	.L18:
 326 0188 0424     		movs	r4, #4
 327 018a 40E7     		b	.L8
 328              	.LVL44:
 329              	.L21:
 285:Drivers/STM32G4xx_HAL_Driver/Src/stm32g4xx_hal_gpio.c ****   }
 286:Drivers/STM32G4xx_HAL_Driver/Src/stm32g4xx_hal_gpio.c **** }
 330              		.loc 1 286 0 is_stmt 1
 331 018c 03B0     		add	sp, sp, #12
 332              	.LCFI2:
 333              		.cfi_def_cfa_offset 20
 334              		@ sp needed
 335 018e F0BD     		pop	{r4, r5, r6, r7, pc}
 336              	.L24:
 337              		.align	2
 338              	.L23:
 339 0190 00000140 		.word	1073807360
 340 0194 00040140 		.word	1073808384
 341 0198 00100240 		.word	1073876992
 342 019c 00040048 		.word	1207960576
 343              		.cfi_endproc
 344              	.LFE329:
 346              		.section	.text.HAL_GPIO_DeInit,"ax",%progbits
 347              		.align	1
 348              		.global	HAL_GPIO_DeInit
 349              		.syntax unified
 350              		.thumb
 351              		.thumb_func
 352              		.fpu fpv4-sp-d16
 354              	HAL_GPIO_DeInit:
 355              	.LFB330:
 287:Drivers/STM32G4xx_HAL_Driver/Src/stm32g4xx_hal_gpio.c **** 
 288:Drivers/STM32G4xx_HAL_Driver/Src/stm32g4xx_hal_gpio.c **** /**
 289:Drivers/STM32G4xx_HAL_Driver/Src/stm32g4xx_hal_gpio.c ****   * @brief  De-initialize the GPIOx peripheral registers to their default reset values.
 290:Drivers/STM32G4xx_HAL_Driver/Src/stm32g4xx_hal_gpio.c ****   * @param  GPIOx where x can be (A..G) to select the GPIO peripheral for STM32G4xx family
 291:Drivers/STM32G4xx_HAL_Driver/Src/stm32g4xx_hal_gpio.c ****   * @param  GPIO_Pin specifies the port bit to be written.
 292:Drivers/STM32G4xx_HAL_Driver/Src/stm32g4xx_hal_gpio.c ****   *         This parameter can be any combination of GPIO_PIN_x where x can be (0..15).
 293:Drivers/STM32G4xx_HAL_Driver/Src/stm32g4xx_hal_gpio.c ****   * @retval None
ARM GAS  /tmp/ccNrIUVe.s 			page 13


 294:Drivers/STM32G4xx_HAL_Driver/Src/stm32g4xx_hal_gpio.c ****   */
 295:Drivers/STM32G4xx_HAL_Driver/Src/stm32g4xx_hal_gpio.c **** void HAL_GPIO_DeInit(GPIO_TypeDef  *GPIOx, uint32_t GPIO_Pin)
 296:Drivers/STM32G4xx_HAL_Driver/Src/stm32g4xx_hal_gpio.c **** {
 356              		.loc 1 296 0
 357              		.cfi_startproc
 358              		@ args = 0, pretend = 0, frame = 0
 359              		@ frame_needed = 0, uses_anonymous_args = 0
 360              	.LVL45:
 297:Drivers/STM32G4xx_HAL_Driver/Src/stm32g4xx_hal_gpio.c ****   uint32_t position = 0x00U;
 361              		.loc 1 297 0
 362 0000 0023     		movs	r3, #0
 363              	.LVL46:
 298:Drivers/STM32G4xx_HAL_Driver/Src/stm32g4xx_hal_gpio.c ****   uint32_t iocurrent;
 299:Drivers/STM32G4xx_HAL_Driver/Src/stm32g4xx_hal_gpio.c ****   uint32_t tmp;
 300:Drivers/STM32G4xx_HAL_Driver/Src/stm32g4xx_hal_gpio.c **** 
 301:Drivers/STM32G4xx_HAL_Driver/Src/stm32g4xx_hal_gpio.c ****   /* Check the parameters */
 302:Drivers/STM32G4xx_HAL_Driver/Src/stm32g4xx_hal_gpio.c ****   assert_param(IS_GPIO_ALL_INSTANCE(GPIOx));
 303:Drivers/STM32G4xx_HAL_Driver/Src/stm32g4xx_hal_gpio.c ****   assert_param(IS_GPIO_PIN(GPIO_Pin));
 304:Drivers/STM32G4xx_HAL_Driver/Src/stm32g4xx_hal_gpio.c **** 
 305:Drivers/STM32G4xx_HAL_Driver/Src/stm32g4xx_hal_gpio.c ****   /* Configure the port pins */
 306:Drivers/STM32G4xx_HAL_Driver/Src/stm32g4xx_hal_gpio.c ****   while ((GPIO_Pin >> position) != 0U)
 364              		.loc 1 306 0
 365 0002 31FA03F2 		lsrs	r2, r1, r3
 366 0006 79D0     		beq	.L40
 296:Drivers/STM32G4xx_HAL_Driver/Src/stm32g4xx_hal_gpio.c ****   uint32_t position = 0x00U;
 367              		.loc 1 296 0
 368 0008 F0B5     		push	{r4, r5, r6, r7, lr}
 369              	.LCFI3:
 370              		.cfi_def_cfa_offset 20
 371              		.cfi_offset 4, -20
 372              		.cfi_offset 5, -16
 373              		.cfi_offset 6, -12
 374              		.cfi_offset 7, -8
 375              		.cfi_offset 14, -4
 376 000a 2CE0     		b	.L30
 377              	.LVL47:
 378              	.L43:
 307:Drivers/STM32G4xx_HAL_Driver/Src/stm32g4xx_hal_gpio.c ****   {
 308:Drivers/STM32G4xx_HAL_Driver/Src/stm32g4xx_hal_gpio.c ****     /* Get current io position */
 309:Drivers/STM32G4xx_HAL_Driver/Src/stm32g4xx_hal_gpio.c ****     iocurrent = (GPIO_Pin) & (1UL << position);
 310:Drivers/STM32G4xx_HAL_Driver/Src/stm32g4xx_hal_gpio.c **** 
 311:Drivers/STM32G4xx_HAL_Driver/Src/stm32g4xx_hal_gpio.c ****     if (iocurrent != 0x00u)
 312:Drivers/STM32G4xx_HAL_Driver/Src/stm32g4xx_hal_gpio.c ****     {
 313:Drivers/STM32G4xx_HAL_Driver/Src/stm32g4xx_hal_gpio.c ****       /*------------------------- EXTI Mode Configuration --------------------*/
 314:Drivers/STM32G4xx_HAL_Driver/Src/stm32g4xx_hal_gpio.c ****       /* Clear the External Interrupt or Event for the current IO */
 315:Drivers/STM32G4xx_HAL_Driver/Src/stm32g4xx_hal_gpio.c **** 
 316:Drivers/STM32G4xx_HAL_Driver/Src/stm32g4xx_hal_gpio.c ****       tmp = SYSCFG->EXTICR[position >> 2U];
 317:Drivers/STM32G4xx_HAL_Driver/Src/stm32g4xx_hal_gpio.c ****       tmp &= (0x0FUL << (4U * (position & 0x03U)));
 318:Drivers/STM32G4xx_HAL_Driver/Src/stm32g4xx_hal_gpio.c ****       if (tmp == (GPIO_GET_INDEX(GPIOx) << (4U * (position & 0x03U))))
 379              		.loc 1 318 0
 380 000c 0526     		movs	r6, #5
 381 000e 00E0     		b	.L28
 382              	.L31:
 383 0010 0026     		movs	r6, #0
 384              	.L28:
 385              		.loc 1 318 0 is_stmt 0 discriminator 24
 386 0012 06FA04F4 		lsl	r4, r6, r4
ARM GAS  /tmp/ccNrIUVe.s 			page 14


 387 0016 AC42     		cmp	r4, r5
 388 0018 57D0     		beq	.L41
 389              	.LVL48:
 390              	.L29:
 319:Drivers/STM32G4xx_HAL_Driver/Src/stm32g4xx_hal_gpio.c ****       {
 320:Drivers/STM32G4xx_HAL_Driver/Src/stm32g4xx_hal_gpio.c ****         /* Clear EXTI line configuration */
 321:Drivers/STM32G4xx_HAL_Driver/Src/stm32g4xx_hal_gpio.c ****         EXTI->IMR1 &= ~(iocurrent);
 322:Drivers/STM32G4xx_HAL_Driver/Src/stm32g4xx_hal_gpio.c ****         EXTI->EMR1 &= ~(iocurrent);
 323:Drivers/STM32G4xx_HAL_Driver/Src/stm32g4xx_hal_gpio.c **** 
 324:Drivers/STM32G4xx_HAL_Driver/Src/stm32g4xx_hal_gpio.c ****         /* Clear Rising Falling edge configuration */
 325:Drivers/STM32G4xx_HAL_Driver/Src/stm32g4xx_hal_gpio.c ****         EXTI->RTSR1 &= ~(iocurrent);
 326:Drivers/STM32G4xx_HAL_Driver/Src/stm32g4xx_hal_gpio.c ****         EXTI->FTSR1 &= ~(iocurrent);
 327:Drivers/STM32G4xx_HAL_Driver/Src/stm32g4xx_hal_gpio.c **** 
 328:Drivers/STM32G4xx_HAL_Driver/Src/stm32g4xx_hal_gpio.c ****         tmp = 0x0FUL << (4U * (position & 0x03U));
 329:Drivers/STM32G4xx_HAL_Driver/Src/stm32g4xx_hal_gpio.c ****         SYSCFG->EXTICR[position >> 2U] &= ~tmp;
 330:Drivers/STM32G4xx_HAL_Driver/Src/stm32g4xx_hal_gpio.c ****       }
 331:Drivers/STM32G4xx_HAL_Driver/Src/stm32g4xx_hal_gpio.c **** 
 332:Drivers/STM32G4xx_HAL_Driver/Src/stm32g4xx_hal_gpio.c ****       /*------------------------- GPIO Mode Configuration --------------------*/
 333:Drivers/STM32G4xx_HAL_Driver/Src/stm32g4xx_hal_gpio.c ****       /* Configure IO in Analog Mode */
 334:Drivers/STM32G4xx_HAL_Driver/Src/stm32g4xx_hal_gpio.c ****       GPIOx->MODER |= (GPIO_MODER_MODE0 << (position * 2u));
 391              		.loc 1 334 0 is_stmt 1
 392 001a 0568     		ldr	r5, [r0]
 393 001c 5C00     		lsls	r4, r3, #1
 394 001e 0326     		movs	r6, #3
 395 0020 06FA04F4 		lsl	r4, r6, r4
 396 0024 2543     		orrs	r5, r5, r4
 397 0026 0560     		str	r5, [r0]
 335:Drivers/STM32G4xx_HAL_Driver/Src/stm32g4xx_hal_gpio.c **** 
 336:Drivers/STM32G4xx_HAL_Driver/Src/stm32g4xx_hal_gpio.c ****       /* Configure the default Alternate Function in current IO */
 337:Drivers/STM32G4xx_HAL_Driver/Src/stm32g4xx_hal_gpio.c ****       GPIOx->AFR[position >> 3u] &= ~(0xFu << ((position & 0x07u) * 4u));
 398              		.loc 1 337 0
 399 0028 23FA06F5 		lsr	r5, r3, r6
 400 002c 0835     		adds	r5, r5, #8
 401 002e 50F82560 		ldr	r6, [r0, r5, lsl #2]
 402 0032 03F00707 		and	r7, r3, #7
 403 0036 4FEA870C 		lsl	ip, r7, #2
 404 003a 0F27     		movs	r7, #15
 405 003c 07FA0CF7 		lsl	r7, r7, ip
 406 0040 26EA0706 		bic	r6, r6, r7
 407 0044 40F82560 		str	r6, [r0, r5, lsl #2]
 338:Drivers/STM32G4xx_HAL_Driver/Src/stm32g4xx_hal_gpio.c **** 
 339:Drivers/STM32G4xx_HAL_Driver/Src/stm32g4xx_hal_gpio.c ****       /* Deactivate the Pull-up and Pull-down resistor for the current IO */
 340:Drivers/STM32G4xx_HAL_Driver/Src/stm32g4xx_hal_gpio.c ****       GPIOx->PUPDR &= ~(GPIO_PUPDR_PUPD0 << (position * 2u));
 408              		.loc 1 340 0
 409 0048 C568     		ldr	r5, [r0, #12]
 410 004a E443     		mvns	r4, r4
 411 004c 2540     		ands	r5, r5, r4
 412 004e C560     		str	r5, [r0, #12]
 341:Drivers/STM32G4xx_HAL_Driver/Src/stm32g4xx_hal_gpio.c **** 
 342:Drivers/STM32G4xx_HAL_Driver/Src/stm32g4xx_hal_gpio.c ****       /* Configure the default value IO Output Type */
 343:Drivers/STM32G4xx_HAL_Driver/Src/stm32g4xx_hal_gpio.c ****       GPIOx->OTYPER  &= ~(GPIO_OTYPER_OT0 << position);
 413              		.loc 1 343 0
 414 0050 4568     		ldr	r5, [r0, #4]
 415 0052 25EA0202 		bic	r2, r5, r2
 416 0056 4260     		str	r2, [r0, #4]
 344:Drivers/STM32G4xx_HAL_Driver/Src/stm32g4xx_hal_gpio.c **** 
 345:Drivers/STM32G4xx_HAL_Driver/Src/stm32g4xx_hal_gpio.c ****       /* Configure the default value for IO Speed */
ARM GAS  /tmp/ccNrIUVe.s 			page 15


 346:Drivers/STM32G4xx_HAL_Driver/Src/stm32g4xx_hal_gpio.c ****       GPIOx->OSPEEDR &= ~(GPIO_OSPEEDR_OSPEED0 << (position * 2u));
 417              		.loc 1 346 0
 418 0058 8268     		ldr	r2, [r0, #8]
 419 005a 1440     		ands	r4, r4, r2
 420 005c 8460     		str	r4, [r0, #8]
 421              	.L27:
 347:Drivers/STM32G4xx_HAL_Driver/Src/stm32g4xx_hal_gpio.c ****     }
 348:Drivers/STM32G4xx_HAL_Driver/Src/stm32g4xx_hal_gpio.c **** 
 349:Drivers/STM32G4xx_HAL_Driver/Src/stm32g4xx_hal_gpio.c ****     position++;
 422              		.loc 1 349 0
 423 005e 0133     		adds	r3, r3, #1
 424              	.LVL49:
 306:Drivers/STM32G4xx_HAL_Driver/Src/stm32g4xx_hal_gpio.c ****   {
 425              		.loc 1 306 0
 426 0060 31FA03F2 		lsrs	r2, r1, r3
 427 0064 49D0     		beq	.L42
 428              	.LVL50:
 429              	.L30:
 309:Drivers/STM32G4xx_HAL_Driver/Src/stm32g4xx_hal_gpio.c **** 
 430              		.loc 1 309 0
 431 0066 0122     		movs	r2, #1
 432 0068 9A40     		lsls	r2, r2, r3
 433              	.LVL51:
 311:Drivers/STM32G4xx_HAL_Driver/Src/stm32g4xx_hal_gpio.c ****     {
 434              		.loc 1 311 0
 435 006a 12EA010E 		ands	lr, r2, r1
 436              	.LVL52:
 437 006e F6D0     		beq	.L27
 316:Drivers/STM32G4xx_HAL_Driver/Src/stm32g4xx_hal_gpio.c ****       tmp &= (0x0FUL << (4U * (position & 0x03U)));
 438              		.loc 1 316 0
 439 0070 9F08     		lsrs	r7, r3, #2
 440 0072 BD1C     		adds	r5, r7, #2
 441 0074 224C     		ldr	r4, .L44
 442 0076 54F82550 		ldr	r5, [r4, r5, lsl #2]
 443              	.LVL53:
 317:Drivers/STM32G4xx_HAL_Driver/Src/stm32g4xx_hal_gpio.c ****       if (tmp == (GPIO_GET_INDEX(GPIOx) << (4U * (position & 0x03U))))
 444              		.loc 1 317 0
 445 007a 03F00304 		and	r4, r3, #3
 446 007e A400     		lsls	r4, r4, #2
 447 0080 0F26     		movs	r6, #15
 448 0082 06FA04FC 		lsl	ip, r6, r4
 449 0086 0CEA0505 		and	r5, ip, r5
 450              	.LVL54:
 318:Drivers/STM32G4xx_HAL_Driver/Src/stm32g4xx_hal_gpio.c ****       {
 451              		.loc 1 318 0
 452 008a B0F1904F 		cmp	r0, #1207959552
 453 008e BFD0     		beq	.L31
 318:Drivers/STM32G4xx_HAL_Driver/Src/stm32g4xx_hal_gpio.c ****       {
 454              		.loc 1 318 0 is_stmt 0 discriminator 1
 455 0090 1C4E     		ldr	r6, .L44+4
 456 0092 B042     		cmp	r0, r6
 457 0094 11D0     		beq	.L32
 318:Drivers/STM32G4xx_HAL_Driver/Src/stm32g4xx_hal_gpio.c ****       {
 458              		.loc 1 318 0 discriminator 3
 459 0096 06F58066 		add	r6, r6, #1024
 460 009a B042     		cmp	r0, r6
 461 009c 0FD0     		beq	.L33
ARM GAS  /tmp/ccNrIUVe.s 			page 16


 318:Drivers/STM32G4xx_HAL_Driver/Src/stm32g4xx_hal_gpio.c ****       {
 462              		.loc 1 318 0 discriminator 5
 463 009e 06F58066 		add	r6, r6, #1024
 464 00a2 B042     		cmp	r0, r6
 465 00a4 0DD0     		beq	.L34
 318:Drivers/STM32G4xx_HAL_Driver/Src/stm32g4xx_hal_gpio.c ****       {
 466              		.loc 1 318 0 discriminator 7
 467 00a6 06F58066 		add	r6, r6, #1024
 468 00aa B042     		cmp	r0, r6
 469 00ac 0BD0     		beq	.L35
 318:Drivers/STM32G4xx_HAL_Driver/Src/stm32g4xx_hal_gpio.c ****       {
 470              		.loc 1 318 0 discriminator 9
 471 00ae 06F58066 		add	r6, r6, #1024
 472 00b2 B042     		cmp	r0, r6
 473 00b4 AAD0     		beq	.L43
 318:Drivers/STM32G4xx_HAL_Driver/Src/stm32g4xx_hal_gpio.c ****       {
 474              		.loc 1 318 0
 475 00b6 0626     		movs	r6, #6
 476 00b8 ABE7     		b	.L28
 477              	.L32:
 478 00ba 0126     		movs	r6, #1
 479 00bc A9E7     		b	.L28
 480              	.L33:
 481 00be 0226     		movs	r6, #2
 482 00c0 A7E7     		b	.L28
 483              	.L34:
 484 00c2 0326     		movs	r6, #3
 485 00c4 A5E7     		b	.L28
 486              	.L35:
 487 00c6 0426     		movs	r6, #4
 488 00c8 A3E7     		b	.L28
 489              	.L41:
 321:Drivers/STM32G4xx_HAL_Driver/Src/stm32g4xx_hal_gpio.c ****         EXTI->EMR1 &= ~(iocurrent);
 490              		.loc 1 321 0 is_stmt 1
 491 00ca 0F4C     		ldr	r4, .L44+8
 492 00cc 2668     		ldr	r6, [r4]
 493 00ce 6FEA0E05 		mvn	r5, lr
 494              	.LVL55:
 495 00d2 2E40     		ands	r6, r6, r5
 496 00d4 2660     		str	r6, [r4]
 322:Drivers/STM32G4xx_HAL_Driver/Src/stm32g4xx_hal_gpio.c **** 
 497              		.loc 1 322 0
 498 00d6 6668     		ldr	r6, [r4, #4]
 499 00d8 2E40     		ands	r6, r6, r5
 500 00da 6660     		str	r6, [r4, #4]
 325:Drivers/STM32G4xx_HAL_Driver/Src/stm32g4xx_hal_gpio.c ****         EXTI->FTSR1 &= ~(iocurrent);
 501              		.loc 1 325 0
 502 00dc A668     		ldr	r6, [r4, #8]
 503 00de 2E40     		ands	r6, r6, r5
 504 00e0 A660     		str	r6, [r4, #8]
 326:Drivers/STM32G4xx_HAL_Driver/Src/stm32g4xx_hal_gpio.c **** 
 505              		.loc 1 326 0
 506 00e2 E668     		ldr	r6, [r4, #12]
 507 00e4 3540     		ands	r5, r5, r6
 508 00e6 E560     		str	r5, [r4, #12]
 509              	.LVL56:
 329:Drivers/STM32G4xx_HAL_Driver/Src/stm32g4xx_hal_gpio.c ****       }
ARM GAS  /tmp/ccNrIUVe.s 			page 17


 510              		.loc 1 329 0
 511 00e8 054D     		ldr	r5, .L44
 512 00ea BC1C     		adds	r4, r7, #2
 513 00ec 55F82460 		ldr	r6, [r5, r4, lsl #2]
 514 00f0 26EA0C06 		bic	r6, r6, ip
 515 00f4 45F82460 		str	r6, [r5, r4, lsl #2]
 516 00f8 8FE7     		b	.L29
 517              	.LVL57:
 518              	.L42:
 350:Drivers/STM32G4xx_HAL_Driver/Src/stm32g4xx_hal_gpio.c ****   }
 351:Drivers/STM32G4xx_HAL_Driver/Src/stm32g4xx_hal_gpio.c **** }
 519              		.loc 1 351 0
 520 00fa F0BD     		pop	{r4, r5, r6, r7, pc}
 521              	.LVL58:
 522              	.L40:
 523              	.LCFI4:
 524              		.cfi_def_cfa_offset 0
 525              		.cfi_restore 4
 526              		.cfi_restore 5
 527              		.cfi_restore 6
 528              		.cfi_restore 7
 529              		.cfi_restore 14
 530 00fc 7047     		bx	lr
 531              	.L45:
 532 00fe 00BF     		.align	2
 533              	.L44:
 534 0100 00000140 		.word	1073807360
 535 0104 00040048 		.word	1207960576
 536 0108 00040140 		.word	1073808384
 537              		.cfi_endproc
 538              	.LFE330:
 540              		.section	.text.HAL_GPIO_ReadPin,"ax",%progbits
 541              		.align	1
 542              		.global	HAL_GPIO_ReadPin
 543              		.syntax unified
 544              		.thumb
 545              		.thumb_func
 546              		.fpu fpv4-sp-d16
 548              	HAL_GPIO_ReadPin:
 549              	.LFB331:
 352:Drivers/STM32G4xx_HAL_Driver/Src/stm32g4xx_hal_gpio.c **** 
 353:Drivers/STM32G4xx_HAL_Driver/Src/stm32g4xx_hal_gpio.c **** /**
 354:Drivers/STM32G4xx_HAL_Driver/Src/stm32g4xx_hal_gpio.c ****   * @}
 355:Drivers/STM32G4xx_HAL_Driver/Src/stm32g4xx_hal_gpio.c ****   */
 356:Drivers/STM32G4xx_HAL_Driver/Src/stm32g4xx_hal_gpio.c **** 
 357:Drivers/STM32G4xx_HAL_Driver/Src/stm32g4xx_hal_gpio.c **** /** @addtogroup GPIO_Exported_Functions_Group2
 358:Drivers/STM32G4xx_HAL_Driver/Src/stm32g4xx_hal_gpio.c ****   *  @brief GPIO Read, Write, Toggle, Lock and EXTI management functions.
 359:Drivers/STM32G4xx_HAL_Driver/Src/stm32g4xx_hal_gpio.c ****   *
 360:Drivers/STM32G4xx_HAL_Driver/Src/stm32g4xx_hal_gpio.c **** @verbatim
 361:Drivers/STM32G4xx_HAL_Driver/Src/stm32g4xx_hal_gpio.c ****  ===============================================================================
 362:Drivers/STM32G4xx_HAL_Driver/Src/stm32g4xx_hal_gpio.c ****                        ##### IO operation functions #####
 363:Drivers/STM32G4xx_HAL_Driver/Src/stm32g4xx_hal_gpio.c ****  ===============================================================================
 364:Drivers/STM32G4xx_HAL_Driver/Src/stm32g4xx_hal_gpio.c **** 
 365:Drivers/STM32G4xx_HAL_Driver/Src/stm32g4xx_hal_gpio.c **** @endverbatim
 366:Drivers/STM32G4xx_HAL_Driver/Src/stm32g4xx_hal_gpio.c ****   * @{
 367:Drivers/STM32G4xx_HAL_Driver/Src/stm32g4xx_hal_gpio.c ****   */
 368:Drivers/STM32G4xx_HAL_Driver/Src/stm32g4xx_hal_gpio.c **** 
ARM GAS  /tmp/ccNrIUVe.s 			page 18


 369:Drivers/STM32G4xx_HAL_Driver/Src/stm32g4xx_hal_gpio.c **** /**
 370:Drivers/STM32G4xx_HAL_Driver/Src/stm32g4xx_hal_gpio.c ****   * @brief  Read the specified input port pin.
 371:Drivers/STM32G4xx_HAL_Driver/Src/stm32g4xx_hal_gpio.c ****   * @param  GPIOx where x can be (A..G) to select the GPIO peripheral for STM32G4xx family
 372:Drivers/STM32G4xx_HAL_Driver/Src/stm32g4xx_hal_gpio.c ****   * @param  GPIO_Pin specifies the port bit to read.
 373:Drivers/STM32G4xx_HAL_Driver/Src/stm32g4xx_hal_gpio.c ****   *         This parameter can be any combination of GPIO_PIN_x where x can be (0..15).
 374:Drivers/STM32G4xx_HAL_Driver/Src/stm32g4xx_hal_gpio.c ****   * @retval The input port pin value.
 375:Drivers/STM32G4xx_HAL_Driver/Src/stm32g4xx_hal_gpio.c ****   */
 376:Drivers/STM32G4xx_HAL_Driver/Src/stm32g4xx_hal_gpio.c **** GPIO_PinState HAL_GPIO_ReadPin(GPIO_TypeDef *GPIOx, uint16_t GPIO_Pin)
 377:Drivers/STM32G4xx_HAL_Driver/Src/stm32g4xx_hal_gpio.c **** {
 550              		.loc 1 377 0
 551              		.cfi_startproc
 552              		@ args = 0, pretend = 0, frame = 0
 553              		@ frame_needed = 0, uses_anonymous_args = 0
 554              		@ link register save eliminated.
 555              	.LVL59:
 378:Drivers/STM32G4xx_HAL_Driver/Src/stm32g4xx_hal_gpio.c ****   GPIO_PinState bitstatus;
 379:Drivers/STM32G4xx_HAL_Driver/Src/stm32g4xx_hal_gpio.c **** 
 380:Drivers/STM32G4xx_HAL_Driver/Src/stm32g4xx_hal_gpio.c ****   /* Check the parameters */
 381:Drivers/STM32G4xx_HAL_Driver/Src/stm32g4xx_hal_gpio.c ****   assert_param(IS_GPIO_PIN(GPIO_Pin));
 382:Drivers/STM32G4xx_HAL_Driver/Src/stm32g4xx_hal_gpio.c **** 
 383:Drivers/STM32G4xx_HAL_Driver/Src/stm32g4xx_hal_gpio.c ****   if ((GPIOx->IDR & GPIO_Pin) != 0x00U)
 556              		.loc 1 383 0
 557 0000 0369     		ldr	r3, [r0, #16]
 558 0002 1942     		tst	r1, r3
 559 0004 01D1     		bne	.L49
 384:Drivers/STM32G4xx_HAL_Driver/Src/stm32g4xx_hal_gpio.c ****   {
 385:Drivers/STM32G4xx_HAL_Driver/Src/stm32g4xx_hal_gpio.c ****     bitstatus = GPIO_PIN_SET;
 386:Drivers/STM32G4xx_HAL_Driver/Src/stm32g4xx_hal_gpio.c ****   }
 387:Drivers/STM32G4xx_HAL_Driver/Src/stm32g4xx_hal_gpio.c ****   else
 388:Drivers/STM32G4xx_HAL_Driver/Src/stm32g4xx_hal_gpio.c ****   {
 389:Drivers/STM32G4xx_HAL_Driver/Src/stm32g4xx_hal_gpio.c ****     bitstatus = GPIO_PIN_RESET;
 560              		.loc 1 389 0
 561 0006 0020     		movs	r0, #0
 562              	.LVL60:
 390:Drivers/STM32G4xx_HAL_Driver/Src/stm32g4xx_hal_gpio.c ****   }
 391:Drivers/STM32G4xx_HAL_Driver/Src/stm32g4xx_hal_gpio.c ****   return bitstatus;
 392:Drivers/STM32G4xx_HAL_Driver/Src/stm32g4xx_hal_gpio.c **** }
 563              		.loc 1 392 0
 564 0008 7047     		bx	lr
 565              	.LVL61:
 566              	.L49:
 385:Drivers/STM32G4xx_HAL_Driver/Src/stm32g4xx_hal_gpio.c ****   }
 567              		.loc 1 385 0
 568 000a 0120     		movs	r0, #1
 569              	.LVL62:
 570 000c 7047     		bx	lr
 571              		.cfi_endproc
 572              	.LFE331:
 574              		.section	.text.HAL_GPIO_WritePin,"ax",%progbits
 575              		.align	1
 576              		.global	HAL_GPIO_WritePin
 577              		.syntax unified
 578              		.thumb
 579              		.thumb_func
 580              		.fpu fpv4-sp-d16
 582              	HAL_GPIO_WritePin:
 583              	.LFB332:
ARM GAS  /tmp/ccNrIUVe.s 			page 19


 393:Drivers/STM32G4xx_HAL_Driver/Src/stm32g4xx_hal_gpio.c **** 
 394:Drivers/STM32G4xx_HAL_Driver/Src/stm32g4xx_hal_gpio.c **** /**
 395:Drivers/STM32G4xx_HAL_Driver/Src/stm32g4xx_hal_gpio.c ****   * @brief  Set or clear the selected data port bit.
 396:Drivers/STM32G4xx_HAL_Driver/Src/stm32g4xx_hal_gpio.c ****   *
 397:Drivers/STM32G4xx_HAL_Driver/Src/stm32g4xx_hal_gpio.c ****   * @note   This function uses GPIOx_BSRR and GPIOx_BRR registers to allow atomic read/modify
 398:Drivers/STM32G4xx_HAL_Driver/Src/stm32g4xx_hal_gpio.c ****   *         accesses. In this way, there is no risk of an IRQ occurring between
 399:Drivers/STM32G4xx_HAL_Driver/Src/stm32g4xx_hal_gpio.c ****   *         the read and the modify access.
 400:Drivers/STM32G4xx_HAL_Driver/Src/stm32g4xx_hal_gpio.c ****   *
 401:Drivers/STM32G4xx_HAL_Driver/Src/stm32g4xx_hal_gpio.c ****   * @param  GPIOx where x can be (A..G) to select the GPIO peripheral for STM32G4xx family
 402:Drivers/STM32G4xx_HAL_Driver/Src/stm32g4xx_hal_gpio.c ****   * @param  GPIO_Pin specifies the port bit to be written.
 403:Drivers/STM32G4xx_HAL_Driver/Src/stm32g4xx_hal_gpio.c ****   *         This parameter can be any combination of GPIO_PIN_x where x can be (0..15).
 404:Drivers/STM32G4xx_HAL_Driver/Src/stm32g4xx_hal_gpio.c ****   * @param  PinState specifies the value to be written to the selected bit.
 405:Drivers/STM32G4xx_HAL_Driver/Src/stm32g4xx_hal_gpio.c ****   *         This parameter can be one of the GPIO_PinState enum values:
 406:Drivers/STM32G4xx_HAL_Driver/Src/stm32g4xx_hal_gpio.c ****   *            @arg GPIO_PIN_RESET: to clear the port pin
 407:Drivers/STM32G4xx_HAL_Driver/Src/stm32g4xx_hal_gpio.c ****   *            @arg GPIO_PIN_SET: to set the port pin
 408:Drivers/STM32G4xx_HAL_Driver/Src/stm32g4xx_hal_gpio.c ****   * @retval None
 409:Drivers/STM32G4xx_HAL_Driver/Src/stm32g4xx_hal_gpio.c ****   */
 410:Drivers/STM32G4xx_HAL_Driver/Src/stm32g4xx_hal_gpio.c **** void HAL_GPIO_WritePin(GPIO_TypeDef *GPIOx, uint16_t GPIO_Pin, GPIO_PinState PinState)
 411:Drivers/STM32G4xx_HAL_Driver/Src/stm32g4xx_hal_gpio.c **** {
 584              		.loc 1 411 0
 585              		.cfi_startproc
 586              		@ args = 0, pretend = 0, frame = 0
 587              		@ frame_needed = 0, uses_anonymous_args = 0
 588              		@ link register save eliminated.
 589              	.LVL63:
 412:Drivers/STM32G4xx_HAL_Driver/Src/stm32g4xx_hal_gpio.c ****   /* Check the parameters */
 413:Drivers/STM32G4xx_HAL_Driver/Src/stm32g4xx_hal_gpio.c ****   assert_param(IS_GPIO_PIN(GPIO_Pin));
 414:Drivers/STM32G4xx_HAL_Driver/Src/stm32g4xx_hal_gpio.c ****   assert_param(IS_GPIO_PIN_ACTION(PinState));
 415:Drivers/STM32G4xx_HAL_Driver/Src/stm32g4xx_hal_gpio.c **** 
 416:Drivers/STM32G4xx_HAL_Driver/Src/stm32g4xx_hal_gpio.c ****   if (PinState != GPIO_PIN_RESET)
 590              		.loc 1 416 0
 591 0000 0AB9     		cbnz	r2, .L53
 417:Drivers/STM32G4xx_HAL_Driver/Src/stm32g4xx_hal_gpio.c ****   {
 418:Drivers/STM32G4xx_HAL_Driver/Src/stm32g4xx_hal_gpio.c ****     GPIOx->BSRR = (uint32_t)GPIO_Pin;
 419:Drivers/STM32G4xx_HAL_Driver/Src/stm32g4xx_hal_gpio.c ****   }
 420:Drivers/STM32G4xx_HAL_Driver/Src/stm32g4xx_hal_gpio.c ****   else
 421:Drivers/STM32G4xx_HAL_Driver/Src/stm32g4xx_hal_gpio.c ****   {
 422:Drivers/STM32G4xx_HAL_Driver/Src/stm32g4xx_hal_gpio.c ****     GPIOx->BRR = (uint32_t)GPIO_Pin;
 592              		.loc 1 422 0
 593 0002 8162     		str	r1, [r0, #40]
 423:Drivers/STM32G4xx_HAL_Driver/Src/stm32g4xx_hal_gpio.c ****   }
 424:Drivers/STM32G4xx_HAL_Driver/Src/stm32g4xx_hal_gpio.c **** }
 594              		.loc 1 424 0
 595 0004 7047     		bx	lr
 596              	.L53:
 418:Drivers/STM32G4xx_HAL_Driver/Src/stm32g4xx_hal_gpio.c ****   }
 597              		.loc 1 418 0
 598 0006 8161     		str	r1, [r0, #24]
 599 0008 7047     		bx	lr
 600              		.cfi_endproc
 601              	.LFE332:
 603              		.section	.text.HAL_GPIO_TogglePin,"ax",%progbits
 604              		.align	1
 605              		.global	HAL_GPIO_TogglePin
 606              		.syntax unified
 607              		.thumb
 608              		.thumb_func
ARM GAS  /tmp/ccNrIUVe.s 			page 20


 609              		.fpu fpv4-sp-d16
 611              	HAL_GPIO_TogglePin:
 612              	.LFB333:
 425:Drivers/STM32G4xx_HAL_Driver/Src/stm32g4xx_hal_gpio.c **** 
 426:Drivers/STM32G4xx_HAL_Driver/Src/stm32g4xx_hal_gpio.c **** /**
 427:Drivers/STM32G4xx_HAL_Driver/Src/stm32g4xx_hal_gpio.c ****   * @brief  Toggle the specified GPIO pin.
 428:Drivers/STM32G4xx_HAL_Driver/Src/stm32g4xx_hal_gpio.c ****   * @param  GPIOx where x can be (A..G) to select the GPIO peripheral for STM32G4xx family
 429:Drivers/STM32G4xx_HAL_Driver/Src/stm32g4xx_hal_gpio.c ****   * @param  GPIO_Pin specifies the pin to be toggled.
 430:Drivers/STM32G4xx_HAL_Driver/Src/stm32g4xx_hal_gpio.c ****   *         This parameter can be any combination of GPIO_PIN_x where x can be (0..15).
 431:Drivers/STM32G4xx_HAL_Driver/Src/stm32g4xx_hal_gpio.c ****   * @retval None
 432:Drivers/STM32G4xx_HAL_Driver/Src/stm32g4xx_hal_gpio.c ****   */
 433:Drivers/STM32G4xx_HAL_Driver/Src/stm32g4xx_hal_gpio.c **** void HAL_GPIO_TogglePin(GPIO_TypeDef *GPIOx, uint16_t GPIO_Pin)
 434:Drivers/STM32G4xx_HAL_Driver/Src/stm32g4xx_hal_gpio.c **** {
 613              		.loc 1 434 0
 614              		.cfi_startproc
 615              		@ args = 0, pretend = 0, frame = 0
 616              		@ frame_needed = 0, uses_anonymous_args = 0
 617              		@ link register save eliminated.
 618              	.LVL64:
 435:Drivers/STM32G4xx_HAL_Driver/Src/stm32g4xx_hal_gpio.c ****   uint32_t odr;
 436:Drivers/STM32G4xx_HAL_Driver/Src/stm32g4xx_hal_gpio.c **** 
 437:Drivers/STM32G4xx_HAL_Driver/Src/stm32g4xx_hal_gpio.c ****   /* Check the parameters */
 438:Drivers/STM32G4xx_HAL_Driver/Src/stm32g4xx_hal_gpio.c ****   assert_param(IS_GPIO_PIN(GPIO_Pin));
 439:Drivers/STM32G4xx_HAL_Driver/Src/stm32g4xx_hal_gpio.c **** 
 440:Drivers/STM32G4xx_HAL_Driver/Src/stm32g4xx_hal_gpio.c ****   /* get current Output Data Register value */
 441:Drivers/STM32G4xx_HAL_Driver/Src/stm32g4xx_hal_gpio.c ****   odr = GPIOx->ODR;
 619              		.loc 1 441 0
 620 0000 4369     		ldr	r3, [r0, #20]
 621              	.LVL65:
 442:Drivers/STM32G4xx_HAL_Driver/Src/stm32g4xx_hal_gpio.c **** 
 443:Drivers/STM32G4xx_HAL_Driver/Src/stm32g4xx_hal_gpio.c ****   /* Set selected pins that were at low level, and reset ones that were high */
 444:Drivers/STM32G4xx_HAL_Driver/Src/stm32g4xx_hal_gpio.c ****   GPIOx->BSRR = ((odr & GPIO_Pin) << GPIO_NUMBER) | (~odr & GPIO_Pin);
 622              		.loc 1 444 0
 623 0002 01EA0302 		and	r2, r1, r3
 624 0006 21EA0301 		bic	r1, r1, r3
 625              	.LVL66:
 626 000a 41EA0241 		orr	r1, r1, r2, lsl #16
 627 000e 8161     		str	r1, [r0, #24]
 445:Drivers/STM32G4xx_HAL_Driver/Src/stm32g4xx_hal_gpio.c **** }
 628              		.loc 1 445 0
 629 0010 7047     		bx	lr
 630              		.cfi_endproc
 631              	.LFE333:
 633              		.section	.text.HAL_GPIO_LockPin,"ax",%progbits
 634              		.align	1
 635              		.global	HAL_GPIO_LockPin
 636              		.syntax unified
 637              		.thumb
 638              		.thumb_func
 639              		.fpu fpv4-sp-d16
 641              	HAL_GPIO_LockPin:
 642              	.LFB334:
 446:Drivers/STM32G4xx_HAL_Driver/Src/stm32g4xx_hal_gpio.c **** 
 447:Drivers/STM32G4xx_HAL_Driver/Src/stm32g4xx_hal_gpio.c **** /**
 448:Drivers/STM32G4xx_HAL_Driver/Src/stm32g4xx_hal_gpio.c ****   * @brief  Lock GPIO Pins configuration registers.
 449:Drivers/STM32G4xx_HAL_Driver/Src/stm32g4xx_hal_gpio.c ****   * @note   The locked registers are GPIOx_MODER, GPIOx_OTYPER, GPIOx_OSPEEDR,
 450:Drivers/STM32G4xx_HAL_Driver/Src/stm32g4xx_hal_gpio.c ****   *         GPIOx_PUPDR, GPIOx_AFRL and GPIOx_AFRH.
ARM GAS  /tmp/ccNrIUVe.s 			page 21


 451:Drivers/STM32G4xx_HAL_Driver/Src/stm32g4xx_hal_gpio.c ****   * @note   The configuration of the locked GPIO pins can no longer be modified
 452:Drivers/STM32G4xx_HAL_Driver/Src/stm32g4xx_hal_gpio.c ****   *         until the next reset.
 453:Drivers/STM32G4xx_HAL_Driver/Src/stm32g4xx_hal_gpio.c ****   * @param  GPIOx where x can be (A..G) to select the GPIO peripheral for STM32G4xx family
 454:Drivers/STM32G4xx_HAL_Driver/Src/stm32g4xx_hal_gpio.c ****   * @param  GPIO_Pin specifies the port bits to be locked.
 455:Drivers/STM32G4xx_HAL_Driver/Src/stm32g4xx_hal_gpio.c ****   *         This parameter can be any combination of GPIO_Pin_x where x can be (0..15).
 456:Drivers/STM32G4xx_HAL_Driver/Src/stm32g4xx_hal_gpio.c ****   * @retval None
 457:Drivers/STM32G4xx_HAL_Driver/Src/stm32g4xx_hal_gpio.c ****   */
 458:Drivers/STM32G4xx_HAL_Driver/Src/stm32g4xx_hal_gpio.c **** HAL_StatusTypeDef HAL_GPIO_LockPin(GPIO_TypeDef *GPIOx, uint16_t GPIO_Pin)
 459:Drivers/STM32G4xx_HAL_Driver/Src/stm32g4xx_hal_gpio.c **** {
 643              		.loc 1 459 0
 644              		.cfi_startproc
 645              		@ args = 0, pretend = 0, frame = 8
 646              		@ frame_needed = 0, uses_anonymous_args = 0
 647              		@ link register save eliminated.
 648              	.LVL67:
 649 0000 82B0     		sub	sp, sp, #8
 650              	.LCFI5:
 651              		.cfi_def_cfa_offset 8
 460:Drivers/STM32G4xx_HAL_Driver/Src/stm32g4xx_hal_gpio.c ****   __IO uint32_t tmp = GPIO_LCKR_LCKK;
 652              		.loc 1 460 0
 653 0002 4FF48033 		mov	r3, #65536
 654 0006 0193     		str	r3, [sp, #4]
 461:Drivers/STM32G4xx_HAL_Driver/Src/stm32g4xx_hal_gpio.c **** 
 462:Drivers/STM32G4xx_HAL_Driver/Src/stm32g4xx_hal_gpio.c ****   /* Check the parameters */
 463:Drivers/STM32G4xx_HAL_Driver/Src/stm32g4xx_hal_gpio.c ****   assert_param(IS_GPIO_LOCK_INSTANCE(GPIOx));
 464:Drivers/STM32G4xx_HAL_Driver/Src/stm32g4xx_hal_gpio.c ****   assert_param(IS_GPIO_PIN(GPIO_Pin));
 465:Drivers/STM32G4xx_HAL_Driver/Src/stm32g4xx_hal_gpio.c **** 
 466:Drivers/STM32G4xx_HAL_Driver/Src/stm32g4xx_hal_gpio.c ****   /* Apply lock key write sequence */
 467:Drivers/STM32G4xx_HAL_Driver/Src/stm32g4xx_hal_gpio.c ****   tmp |= GPIO_Pin;
 655              		.loc 1 467 0
 656 0008 019B     		ldr	r3, [sp, #4]
 657 000a 0B43     		orrs	r3, r3, r1
 658 000c 0193     		str	r3, [sp, #4]
 468:Drivers/STM32G4xx_HAL_Driver/Src/stm32g4xx_hal_gpio.c ****   /* Set LCKx bit(s): LCKK='1' + LCK[15-0] */
 469:Drivers/STM32G4xx_HAL_Driver/Src/stm32g4xx_hal_gpio.c ****   GPIOx->LCKR = tmp;
 659              		.loc 1 469 0
 660 000e 019B     		ldr	r3, [sp, #4]
 661 0010 C361     		str	r3, [r0, #28]
 470:Drivers/STM32G4xx_HAL_Driver/Src/stm32g4xx_hal_gpio.c ****   /* Reset LCKx bit(s): LCKK='0' + LCK[15-0] */
 471:Drivers/STM32G4xx_HAL_Driver/Src/stm32g4xx_hal_gpio.c ****   GPIOx->LCKR = GPIO_Pin;
 662              		.loc 1 471 0
 663 0012 C161     		str	r1, [r0, #28]
 472:Drivers/STM32G4xx_HAL_Driver/Src/stm32g4xx_hal_gpio.c ****   /* Set LCKx bit(s): LCKK='1' + LCK[15-0] */
 473:Drivers/STM32G4xx_HAL_Driver/Src/stm32g4xx_hal_gpio.c ****   GPIOx->LCKR = tmp;
 664              		.loc 1 473 0
 665 0014 019B     		ldr	r3, [sp, #4]
 666 0016 C361     		str	r3, [r0, #28]
 474:Drivers/STM32G4xx_HAL_Driver/Src/stm32g4xx_hal_gpio.c ****   /* Read LCKK register. This read is mandatory to complete key lock sequence */
 475:Drivers/STM32G4xx_HAL_Driver/Src/stm32g4xx_hal_gpio.c ****   tmp = GPIOx->LCKR;
 667              		.loc 1 475 0
 668 0018 C369     		ldr	r3, [r0, #28]
 669 001a 0193     		str	r3, [sp, #4]
 476:Drivers/STM32G4xx_HAL_Driver/Src/stm32g4xx_hal_gpio.c **** 
 477:Drivers/STM32G4xx_HAL_Driver/Src/stm32g4xx_hal_gpio.c ****   /* read again in order to confirm lock is active */
 478:Drivers/STM32G4xx_HAL_Driver/Src/stm32g4xx_hal_gpio.c ****   if ((GPIOx->LCKR & GPIO_LCKR_LCKK) != 0x00u)
 670              		.loc 1 478 0
 671 001c C369     		ldr	r3, [r0, #28]
ARM GAS  /tmp/ccNrIUVe.s 			page 22


 672 001e 13F4803F 		tst	r3, #65536
 673 0022 02D1     		bne	.L59
 479:Drivers/STM32G4xx_HAL_Driver/Src/stm32g4xx_hal_gpio.c ****   {
 480:Drivers/STM32G4xx_HAL_Driver/Src/stm32g4xx_hal_gpio.c ****     return HAL_OK;
 481:Drivers/STM32G4xx_HAL_Driver/Src/stm32g4xx_hal_gpio.c ****   }
 482:Drivers/STM32G4xx_HAL_Driver/Src/stm32g4xx_hal_gpio.c ****   else
 483:Drivers/STM32G4xx_HAL_Driver/Src/stm32g4xx_hal_gpio.c ****   {
 484:Drivers/STM32G4xx_HAL_Driver/Src/stm32g4xx_hal_gpio.c ****     return HAL_ERROR;
 674              		.loc 1 484 0
 675 0024 0120     		movs	r0, #1
 676              	.LVL68:
 677              	.L56:
 485:Drivers/STM32G4xx_HAL_Driver/Src/stm32g4xx_hal_gpio.c ****   }
 486:Drivers/STM32G4xx_HAL_Driver/Src/stm32g4xx_hal_gpio.c **** }
 678              		.loc 1 486 0
 679 0026 02B0     		add	sp, sp, #8
 680              	.LCFI6:
 681              		.cfi_remember_state
 682              		.cfi_def_cfa_offset 0
 683              		@ sp needed
 684 0028 7047     		bx	lr
 685              	.LVL69:
 686              	.L59:
 687              	.LCFI7:
 688              		.cfi_restore_state
 480:Drivers/STM32G4xx_HAL_Driver/Src/stm32g4xx_hal_gpio.c ****   }
 689              		.loc 1 480 0
 690 002a 0020     		movs	r0, #0
 691              	.LVL70:
 692 002c FBE7     		b	.L56
 693              		.cfi_endproc
 694              	.LFE334:
 696              		.section	.text.HAL_GPIO_EXTI_Callback,"ax",%progbits
 697              		.align	1
 698              		.weak	HAL_GPIO_EXTI_Callback
 699              		.syntax unified
 700              		.thumb
 701              		.thumb_func
 702              		.fpu fpv4-sp-d16
 704              	HAL_GPIO_EXTI_Callback:
 705              	.LFB336:
 487:Drivers/STM32G4xx_HAL_Driver/Src/stm32g4xx_hal_gpio.c **** 
 488:Drivers/STM32G4xx_HAL_Driver/Src/stm32g4xx_hal_gpio.c **** /**
 489:Drivers/STM32G4xx_HAL_Driver/Src/stm32g4xx_hal_gpio.c ****   * @brief  Handle EXTI interrupt request.
 490:Drivers/STM32G4xx_HAL_Driver/Src/stm32g4xx_hal_gpio.c ****   * @param  GPIO_Pin Specifies the port pin connected to corresponding EXTI line.
 491:Drivers/STM32G4xx_HAL_Driver/Src/stm32g4xx_hal_gpio.c ****   * @retval None
 492:Drivers/STM32G4xx_HAL_Driver/Src/stm32g4xx_hal_gpio.c ****   */
 493:Drivers/STM32G4xx_HAL_Driver/Src/stm32g4xx_hal_gpio.c **** void HAL_GPIO_EXTI_IRQHandler(uint16_t GPIO_Pin)
 494:Drivers/STM32G4xx_HAL_Driver/Src/stm32g4xx_hal_gpio.c **** {
 495:Drivers/STM32G4xx_HAL_Driver/Src/stm32g4xx_hal_gpio.c ****   /* EXTI line interrupt detected */
 496:Drivers/STM32G4xx_HAL_Driver/Src/stm32g4xx_hal_gpio.c ****   if (__HAL_GPIO_EXTI_GET_IT(GPIO_Pin) != 0x00u)
 497:Drivers/STM32G4xx_HAL_Driver/Src/stm32g4xx_hal_gpio.c ****   {
 498:Drivers/STM32G4xx_HAL_Driver/Src/stm32g4xx_hal_gpio.c ****     __HAL_GPIO_EXTI_CLEAR_IT(GPIO_Pin);
 499:Drivers/STM32G4xx_HAL_Driver/Src/stm32g4xx_hal_gpio.c ****     HAL_GPIO_EXTI_Callback(GPIO_Pin);
 500:Drivers/STM32G4xx_HAL_Driver/Src/stm32g4xx_hal_gpio.c ****   }
 501:Drivers/STM32G4xx_HAL_Driver/Src/stm32g4xx_hal_gpio.c **** }
 502:Drivers/STM32G4xx_HAL_Driver/Src/stm32g4xx_hal_gpio.c **** 
ARM GAS  /tmp/ccNrIUVe.s 			page 23


 503:Drivers/STM32G4xx_HAL_Driver/Src/stm32g4xx_hal_gpio.c **** /**
 504:Drivers/STM32G4xx_HAL_Driver/Src/stm32g4xx_hal_gpio.c ****   * @brief  EXTI line detection callback.
 505:Drivers/STM32G4xx_HAL_Driver/Src/stm32g4xx_hal_gpio.c ****   * @param  GPIO_Pin: Specifies the port pin connected to corresponding EXTI line.
 506:Drivers/STM32G4xx_HAL_Driver/Src/stm32g4xx_hal_gpio.c ****   * @retval None
 507:Drivers/STM32G4xx_HAL_Driver/Src/stm32g4xx_hal_gpio.c ****   */
 508:Drivers/STM32G4xx_HAL_Driver/Src/stm32g4xx_hal_gpio.c **** __weak void HAL_GPIO_EXTI_Callback(uint16_t GPIO_Pin)
 509:Drivers/STM32G4xx_HAL_Driver/Src/stm32g4xx_hal_gpio.c **** {
 706              		.loc 1 509 0
 707              		.cfi_startproc
 708              		@ args = 0, pretend = 0, frame = 0
 709              		@ frame_needed = 0, uses_anonymous_args = 0
 710              		@ link register save eliminated.
 711              	.LVL71:
 510:Drivers/STM32G4xx_HAL_Driver/Src/stm32g4xx_hal_gpio.c ****   /* Prevent unused argument(s) compilation warning */
 511:Drivers/STM32G4xx_HAL_Driver/Src/stm32g4xx_hal_gpio.c ****   UNUSED(GPIO_Pin);
 512:Drivers/STM32G4xx_HAL_Driver/Src/stm32g4xx_hal_gpio.c **** 
 513:Drivers/STM32G4xx_HAL_Driver/Src/stm32g4xx_hal_gpio.c ****   /* NOTE: This function should not be modified, when the callback is needed,
 514:Drivers/STM32G4xx_HAL_Driver/Src/stm32g4xx_hal_gpio.c ****            the HAL_GPIO_EXTI_Callback could be implemented in the user file
 515:Drivers/STM32G4xx_HAL_Driver/Src/stm32g4xx_hal_gpio.c ****    */
 516:Drivers/STM32G4xx_HAL_Driver/Src/stm32g4xx_hal_gpio.c **** }
 712              		.loc 1 516 0
 713 0000 7047     		bx	lr
 714              		.cfi_endproc
 715              	.LFE336:
 717              		.section	.text.HAL_GPIO_EXTI_IRQHandler,"ax",%progbits
 718              		.align	1
 719              		.global	HAL_GPIO_EXTI_IRQHandler
 720              		.syntax unified
 721              		.thumb
 722              		.thumb_func
 723              		.fpu fpv4-sp-d16
 725              	HAL_GPIO_EXTI_IRQHandler:
 726              	.LFB335:
 494:Drivers/STM32G4xx_HAL_Driver/Src/stm32g4xx_hal_gpio.c ****   /* EXTI line interrupt detected */
 727              		.loc 1 494 0
 728              		.cfi_startproc
 729              		@ args = 0, pretend = 0, frame = 0
 730              		@ frame_needed = 0, uses_anonymous_args = 0
 731              	.LVL72:
 732 0000 08B5     		push	{r3, lr}
 733              	.LCFI8:
 734              		.cfi_def_cfa_offset 8
 735              		.cfi_offset 3, -8
 736              		.cfi_offset 14, -4
 496:Drivers/STM32G4xx_HAL_Driver/Src/stm32g4xx_hal_gpio.c ****   {
 737              		.loc 1 496 0
 738 0002 054B     		ldr	r3, .L65
 739 0004 5B69     		ldr	r3, [r3, #20]
 740 0006 0342     		tst	r3, r0
 741 0008 00D1     		bne	.L64
 742              	.LVL73:
 743              	.L61:
 501:Drivers/STM32G4xx_HAL_Driver/Src/stm32g4xx_hal_gpio.c **** 
 744              		.loc 1 501 0
 745 000a 08BD     		pop	{r3, pc}
 746              	.LVL74:
 747              	.L64:
ARM GAS  /tmp/ccNrIUVe.s 			page 24


 498:Drivers/STM32G4xx_HAL_Driver/Src/stm32g4xx_hal_gpio.c ****     HAL_GPIO_EXTI_Callback(GPIO_Pin);
 748              		.loc 1 498 0
 749 000c 024B     		ldr	r3, .L65
 750 000e 5861     		str	r0, [r3, #20]
 499:Drivers/STM32G4xx_HAL_Driver/Src/stm32g4xx_hal_gpio.c ****   }
 751              		.loc 1 499 0
 752 0010 FFF7FEFF 		bl	HAL_GPIO_EXTI_Callback
 753              	.LVL75:
 501:Drivers/STM32G4xx_HAL_Driver/Src/stm32g4xx_hal_gpio.c **** 
 754              		.loc 1 501 0
 755 0014 F9E7     		b	.L61
 756              	.L66:
 757 0016 00BF     		.align	2
 758              	.L65:
 759 0018 00040140 		.word	1073808384
 760              		.cfi_endproc
 761              	.LFE335:
 763              		.text
 764              	.Letext0:
 765              		.file 2 "/usr/include/newlib/machine/_default_types.h"
 766              		.file 3 "/usr/include/newlib/sys/_stdint.h"
 767              		.file 4 "Drivers/CMSIS/Include/core_cm4.h"
 768              		.file 5 "Drivers/CMSIS/Device/ST/STM32G4xx/Include/system_stm32g4xx.h"
 769              		.file 6 "Drivers/CMSIS/Device/ST/STM32G4xx/Include/stm32g484xx.h"
 770              		.file 7 "Drivers/STM32G4xx_HAL_Driver/Inc/stm32g4xx_hal_def.h"
 771              		.file 8 "Drivers/STM32G4xx_HAL_Driver/Inc/stm32g4xx_hal_gpio.h"
 772              		.file 9 "Drivers/STM32G4xx_HAL_Driver/Inc/stm32g4xx_hal_flash.h"
 773              		.file 10 "Drivers/STM32G4xx_HAL_Driver/Inc/stm32g4xx_hal_uart.h"
 774              		.file 11 "Drivers/STM32G4xx_HAL_Driver/Inc/stm32g4xx_hal.h"
ARM GAS  /tmp/ccNrIUVe.s 			page 25


DEFINED SYMBOLS
                            *ABS*:0000000000000000 stm32g4xx_hal_gpio.c
     /tmp/ccNrIUVe.s:18     .text.HAL_GPIO_Init:0000000000000000 $t
     /tmp/ccNrIUVe.s:25     .text.HAL_GPIO_Init:0000000000000000 HAL_GPIO_Init
     /tmp/ccNrIUVe.s:339    .text.HAL_GPIO_Init:0000000000000190 $d
     /tmp/ccNrIUVe.s:347    .text.HAL_GPIO_DeInit:0000000000000000 $t
     /tmp/ccNrIUVe.s:354    .text.HAL_GPIO_DeInit:0000000000000000 HAL_GPIO_DeInit
     /tmp/ccNrIUVe.s:534    .text.HAL_GPIO_DeInit:0000000000000100 $d
     /tmp/ccNrIUVe.s:541    .text.HAL_GPIO_ReadPin:0000000000000000 $t
     /tmp/ccNrIUVe.s:548    .text.HAL_GPIO_ReadPin:0000000000000000 HAL_GPIO_ReadPin
     /tmp/ccNrIUVe.s:575    .text.HAL_GPIO_WritePin:0000000000000000 $t
     /tmp/ccNrIUVe.s:582    .text.HAL_GPIO_WritePin:0000000000000000 HAL_GPIO_WritePin
     /tmp/ccNrIUVe.s:604    .text.HAL_GPIO_TogglePin:0000000000000000 $t
     /tmp/ccNrIUVe.s:611    .text.HAL_GPIO_TogglePin:0000000000000000 HAL_GPIO_TogglePin
     /tmp/ccNrIUVe.s:634    .text.HAL_GPIO_LockPin:0000000000000000 $t
     /tmp/ccNrIUVe.s:641    .text.HAL_GPIO_LockPin:0000000000000000 HAL_GPIO_LockPin
     /tmp/ccNrIUVe.s:697    .text.HAL_GPIO_EXTI_Callback:0000000000000000 $t
     /tmp/ccNrIUVe.s:704    .text.HAL_GPIO_EXTI_Callback:0000000000000000 HAL_GPIO_EXTI_Callback
     /tmp/ccNrIUVe.s:718    .text.HAL_GPIO_EXTI_IRQHandler:0000000000000000 $t
     /tmp/ccNrIUVe.s:725    .text.HAL_GPIO_EXTI_IRQHandler:0000000000000000 HAL_GPIO_EXTI_IRQHandler
     /tmp/ccNrIUVe.s:759    .text.HAL_GPIO_EXTI_IRQHandler:0000000000000018 $d

NO UNDEFINED SYMBOLS
