ARM GAS  /tmp/cc4utxCP.s 			page 1


   1              		.cpu cortex-m4
   2              		.eabi_attribute 27, 1
   3              		.eabi_attribute 28, 1
   4              		.eabi_attribute 20, 1
   5              		.eabi_attribute 21, 1
   6              		.eabi_attribute 23, 3
   7              		.eabi_attribute 24, 1
   8              		.eabi_attribute 25, 1
   9              		.eabi_attribute 26, 1
  10              		.eabi_attribute 30, 1
  11              		.eabi_attribute 34, 1
  12              		.eabi_attribute 18, 4
  13              		.file	"syscall.c"
  14              		.text
  15              	.Ltext0:
  16              		.cfi_sections	.debug_frame
  17              	.Letext0:
  18              		.file 1 "/usr/include/newlib/machine/_default_types.h"
  19              		.file 2 "/usr/include/newlib/sys/_stdint.h"
  20              		.file 3 "Drivers/CMSIS/Include/core_cm4.h"
  21              		.file 4 "Drivers/CMSIS/Device/ST/STM32G4xx/Include/system_stm32g4xx.h"
  22              		.file 5 "Drivers/STM32G4xx_HAL_Driver/Inc/stm32g4xx_hal_def.h"
  23              		.file 6 "Drivers/STM32G4xx_HAL_Driver/Inc/stm32g4xx_hal_flash.h"
  24              		.file 7 "Drivers/STM32G4xx_HAL_Driver/Inc/stm32g4xx_hal_uart.h"
  25              		.file 8 "Drivers/STM32G4xx_HAL_Driver/Inc/stm32g4xx_hal.h"
  26              		.file 9 "/usr/include/newlib/sys/lock.h"
  27              		.file 10 "/usr/include/newlib/sys/_types.h"
  28              		.file 11 "/usr/lib/gcc/arm-none-eabi/7.3.1/include/stddef.h"
  29              		.file 12 "/usr/include/newlib/sys/reent.h"
  30              		.file 13 "/usr/include/newlib/stdlib.h"
ARM GAS  /tmp/cc4utxCP.s 			page 2


DEFINED SYMBOLS
                            *ABS*:0000000000000000 syscall.c

NO UNDEFINED SYMBOLS
