ARM GAS  /tmp/ccJDKHlx.s 			page 1


   1              		.cpu cortex-m4
   2              		.eabi_attribute 27, 1
   3              		.eabi_attribute 28, 1
   4              		.eabi_attribute 20, 1
   5              		.eabi_attribute 21, 1
   6              		.eabi_attribute 23, 3
   7              		.eabi_attribute 24, 1
   8              		.eabi_attribute 25, 1
   9              		.eabi_attribute 26, 1
  10              		.eabi_attribute 30, 1
  11              		.eabi_attribute 34, 1
  12              		.eabi_attribute 18, 4
  13              		.file	"usb_device.c"
  14              		.text
  15              	.Ltext0:
  16              		.cfi_sections	.debug_frame
  17              		.section	.text.MX_USB_Device_Init,"ax",%progbits
  18              		.align	1
  19              		.global	MX_USB_Device_Init
  20              		.syntax unified
  21              		.thumb
  22              		.thumb_func
  23              		.fpu fpv4-sp-d16
  25              	MX_USB_Device_Init:
  26              	.LFB333:
  27              		.file 1 "USB_Device/App/usb_device.c"
   1:USB_Device/App/usb_device.c **** /* USER CODE BEGIN Header */
   2:USB_Device/App/usb_device.c **** /**
   3:USB_Device/App/usb_device.c ****   ******************************************************************************
   4:USB_Device/App/usb_device.c ****   * @file           : usb_device.c
   5:USB_Device/App/usb_device.c ****   * @version        : v3.0_Cube
   6:USB_Device/App/usb_device.c ****   * @brief          : This file implements the USB Device
   7:USB_Device/App/usb_device.c ****   ******************************************************************************
   8:USB_Device/App/usb_device.c ****   * @attention
   9:USB_Device/App/usb_device.c ****   *
  10:USB_Device/App/usb_device.c ****   * <h2><center>&copy; Copyright (c) 2021 STMicroelectronics.
  11:USB_Device/App/usb_device.c ****   * All rights reserved.</center></h2>
  12:USB_Device/App/usb_device.c ****   *
  13:USB_Device/App/usb_device.c ****   * This software component is licensed by ST under Ultimate Liberty license
  14:USB_Device/App/usb_device.c ****   * SLA0044, the "License"; You may not use this file except in compliance with
  15:USB_Device/App/usb_device.c ****   * the License. You may obtain a copy of the License at:
  16:USB_Device/App/usb_device.c ****   *                             www.st.com/SLA0044
  17:USB_Device/App/usb_device.c ****   *
  18:USB_Device/App/usb_device.c ****   ******************************************************************************
  19:USB_Device/App/usb_device.c ****   */
  20:USB_Device/App/usb_device.c **** /* USER CODE END Header */
  21:USB_Device/App/usb_device.c **** 
  22:USB_Device/App/usb_device.c **** /* Includes ------------------------------------------------------------------*/
  23:USB_Device/App/usb_device.c **** 
  24:USB_Device/App/usb_device.c **** #include "usb_device.h"
  25:USB_Device/App/usb_device.c **** #include "usbd_core.h"
  26:USB_Device/App/usb_device.c **** #include "usbd_desc.h"
  27:USB_Device/App/usb_device.c **** #include "usbd_cdc.h"
  28:USB_Device/App/usb_device.c **** #include "usbd_cdc_if.h"
  29:USB_Device/App/usb_device.c **** 
  30:USB_Device/App/usb_device.c **** /* USER CODE BEGIN Includes */
  31:USB_Device/App/usb_device.c **** 
ARM GAS  /tmp/ccJDKHlx.s 			page 2


  32:USB_Device/App/usb_device.c **** /* USER CODE END Includes */
  33:USB_Device/App/usb_device.c **** 
  34:USB_Device/App/usb_device.c **** /* USER CODE BEGIN PV */
  35:USB_Device/App/usb_device.c **** /* Private variables ---------------------------------------------------------*/
  36:USB_Device/App/usb_device.c **** 
  37:USB_Device/App/usb_device.c **** /* USER CODE END PV */
  38:USB_Device/App/usb_device.c **** 
  39:USB_Device/App/usb_device.c **** /* USER CODE BEGIN PFP */
  40:USB_Device/App/usb_device.c **** /* Private function prototypes -----------------------------------------------*/
  41:USB_Device/App/usb_device.c **** 
  42:USB_Device/App/usb_device.c **** /* USER CODE END PFP */
  43:USB_Device/App/usb_device.c **** 
  44:USB_Device/App/usb_device.c **** extern void Error_Handler(void);
  45:USB_Device/App/usb_device.c **** /* USB Device Core handle declaration. */
  46:USB_Device/App/usb_device.c **** USBD_HandleTypeDef hUsbDeviceFS;
  47:USB_Device/App/usb_device.c **** extern USBD_DescriptorsTypeDef CDC_Desc;
  48:USB_Device/App/usb_device.c **** 
  49:USB_Device/App/usb_device.c **** /*
  50:USB_Device/App/usb_device.c ****  * -- Insert your variables declaration here --
  51:USB_Device/App/usb_device.c ****  */
  52:USB_Device/App/usb_device.c **** /* USER CODE BEGIN 0 */
  53:USB_Device/App/usb_device.c **** 
  54:USB_Device/App/usb_device.c **** /* USER CODE END 0 */
  55:USB_Device/App/usb_device.c **** 
  56:USB_Device/App/usb_device.c **** /*
  57:USB_Device/App/usb_device.c ****  * -- Insert your external function declaration here --
  58:USB_Device/App/usb_device.c ****  */
  59:USB_Device/App/usb_device.c **** /* USER CODE BEGIN 1 */
  60:USB_Device/App/usb_device.c **** 
  61:USB_Device/App/usb_device.c **** /* USER CODE END 1 */
  62:USB_Device/App/usb_device.c **** 
  63:USB_Device/App/usb_device.c **** /**
  64:USB_Device/App/usb_device.c ****   * Init USB device Library, add supported class and start the library
  65:USB_Device/App/usb_device.c ****   * @retval None
  66:USB_Device/App/usb_device.c ****   */
  67:USB_Device/App/usb_device.c **** void MX_USB_Device_Init(void)
  68:USB_Device/App/usb_device.c **** {
  28              		.loc 1 68 0
  29              		.cfi_startproc
  30              		@ args = 0, pretend = 0, frame = 0
  31              		@ frame_needed = 0, uses_anonymous_args = 0
  32 0000 08B5     		push	{r3, lr}
  33              	.LCFI0:
  34              		.cfi_def_cfa_offset 8
  35              		.cfi_offset 3, -8
  36              		.cfi_offset 14, -4
  69:USB_Device/App/usb_device.c ****   /* USER CODE BEGIN USB_Device_Init_PreTreatment */
  70:USB_Device/App/usb_device.c **** 
  71:USB_Device/App/usb_device.c ****   /* USER CODE END USB_Device_Init_PreTreatment */
  72:USB_Device/App/usb_device.c **** 
  73:USB_Device/App/usb_device.c ****   /* Init Device Library, add supported class and start the library. */
  74:USB_Device/App/usb_device.c ****   if (USBD_Init(&hUsbDeviceFS, &CDC_Desc, DEVICE_FS) != USBD_OK) {
  37              		.loc 1 74 0
  38 0002 0022     		movs	r2, #0
  39 0004 0F49     		ldr	r1, .L11
  40 0006 1048     		ldr	r0, .L11+4
  41 0008 FFF7FEFF 		bl	USBD_Init
ARM GAS  /tmp/ccJDKHlx.s 			page 3


  42              	.LVL0:
  43 000c 70B9     		cbnz	r0, .L7
  44              	.L2:
  75:USB_Device/App/usb_device.c ****     Error_Handler();
  76:USB_Device/App/usb_device.c ****   }
  77:USB_Device/App/usb_device.c ****   if (USBD_RegisterClass(&hUsbDeviceFS, &USBD_CDC) != USBD_OK) {
  45              		.loc 1 77 0
  46 000e 0F49     		ldr	r1, .L11+8
  47 0010 0D48     		ldr	r0, .L11+4
  48 0012 FFF7FEFF 		bl	USBD_RegisterClass
  49              	.LVL1:
  50 0016 60B9     		cbnz	r0, .L8
  51              	.L3:
  78:USB_Device/App/usb_device.c ****     Error_Handler();
  79:USB_Device/App/usb_device.c ****   }
  80:USB_Device/App/usb_device.c ****   if (USBD_CDC_RegisterInterface(&hUsbDeviceFS, &USBD_Interface_fops_FS) != USBD_OK) {
  52              		.loc 1 80 0
  53 0018 0D49     		ldr	r1, .L11+12
  54 001a 0B48     		ldr	r0, .L11+4
  55 001c FFF7FEFF 		bl	USBD_CDC_RegisterInterface
  56              	.LVL2:
  57 0020 50B9     		cbnz	r0, .L9
  58              	.L4:
  81:USB_Device/App/usb_device.c ****     Error_Handler();
  82:USB_Device/App/usb_device.c ****   }
  83:USB_Device/App/usb_device.c ****   if (USBD_Start(&hUsbDeviceFS) != USBD_OK) {
  59              		.loc 1 83 0
  60 0022 0948     		ldr	r0, .L11+4
  61 0024 FFF7FEFF 		bl	USBD_Start
  62              	.LVL3:
  63 0028 48B9     		cbnz	r0, .L10
  64              	.L1:
  84:USB_Device/App/usb_device.c ****     Error_Handler();
  85:USB_Device/App/usb_device.c ****   }
  86:USB_Device/App/usb_device.c ****   /* USER CODE BEGIN USB_Device_Init_PostTreatment */
  87:USB_Device/App/usb_device.c **** 
  88:USB_Device/App/usb_device.c ****   /* USER CODE END USB_Device_Init_PostTreatment */
  89:USB_Device/App/usb_device.c **** }
  65              		.loc 1 89 0
  66 002a 08BD     		pop	{r3, pc}
  67              	.L7:
  75:USB_Device/App/usb_device.c ****   }
  68              		.loc 1 75 0
  69 002c FFF7FEFF 		bl	Error_Handler
  70              	.LVL4:
  71 0030 EDE7     		b	.L2
  72              	.L8:
  78:USB_Device/App/usb_device.c ****   }
  73              		.loc 1 78 0
  74 0032 FFF7FEFF 		bl	Error_Handler
  75              	.LVL5:
  76 0036 EFE7     		b	.L3
  77              	.L9:
  81:USB_Device/App/usb_device.c ****   }
  78              		.loc 1 81 0
  79 0038 FFF7FEFF 		bl	Error_Handler
  80              	.LVL6:
ARM GAS  /tmp/ccJDKHlx.s 			page 4


  81 003c F1E7     		b	.L4
  82              	.L10:
  84:USB_Device/App/usb_device.c ****   }
  83              		.loc 1 84 0
  84 003e FFF7FEFF 		bl	Error_Handler
  85              	.LVL7:
  86              		.loc 1 89 0
  87 0042 F2E7     		b	.L1
  88              	.L12:
  89              		.align	2
  90              	.L11:
  91 0044 00000000 		.word	CDC_Desc
  92 0048 00000000 		.word	hUsbDeviceFS
  93 004c 00000000 		.word	USBD_CDC
  94 0050 00000000 		.word	USBD_Interface_fops_FS
  95              		.cfi_endproc
  96              	.LFE333:
  98              		.comm	hUsbDeviceFS,720,4
  99              		.text
 100              	.Letext0:
 101              		.file 2 "/usr/include/newlib/machine/_default_types.h"
 102              		.file 3 "/usr/include/newlib/sys/_stdint.h"
 103              		.file 4 "Drivers/CMSIS/Include/core_cm4.h"
 104              		.file 5 "Drivers/CMSIS/Device/ST/STM32G4xx/Include/system_stm32g4xx.h"
 105              		.file 6 "Drivers/STM32G4xx_HAL_Driver/Inc/stm32g4xx_hal_def.h"
 106              		.file 7 "Drivers/STM32G4xx_HAL_Driver/Inc/stm32g4xx_hal_flash.h"
 107              		.file 8 "Drivers/STM32G4xx_HAL_Driver/Inc/stm32g4xx_hal_uart.h"
 108              		.file 9 "Drivers/STM32G4xx_HAL_Driver/Inc/stm32g4xx_hal.h"
 109              		.file 10 "/usr/include/newlib/sys/lock.h"
 110              		.file 11 "/usr/include/newlib/sys/_types.h"
 111              		.file 12 "/usr/lib/gcc/arm-none-eabi/7.3.1/include/stddef.h"
 112              		.file 13 "/usr/include/newlib/sys/reent.h"
 113              		.file 14 "/usr/include/newlib/stdlib.h"
 114              		.file 15 "Middlewares/ST/STM32_USB_Device_Library/Core/Inc/usbd_def.h"
 115              		.file 16 "USB_Device/App/usbd_desc.h"
 116              		.file 17 "Middlewares/ST/STM32_USB_Device_Library/Class/CDC/Inc/usbd_cdc.h"
 117              		.file 18 "USB_Device/App/usbd_cdc_if.h"
 118              		.file 19 "Middlewares/ST/STM32_USB_Device_Library/Core/Inc/usbd_core.h"
ARM GAS  /tmp/ccJDKHlx.s 			page 5


DEFINED SYMBOLS
                            *ABS*:0000000000000000 usb_device.c
     /tmp/ccJDKHlx.s:18     .text.MX_USB_Device_Init:0000000000000000 $t
     /tmp/ccJDKHlx.s:25     .text.MX_USB_Device_Init:0000000000000000 MX_USB_Device_Init
     /tmp/ccJDKHlx.s:91     .text.MX_USB_Device_Init:0000000000000044 $d
                            *COM*:00000000000002d0 hUsbDeviceFS

UNDEFINED SYMBOLS
USBD_Init
USBD_RegisterClass
USBD_CDC_RegisterInterface
USBD_Start
Error_Handler
CDC_Desc
USBD_CDC
USBD_Interface_fops_FS
